-- The C compiler identification is GNU 11.4.0
-- The CXX compiler identification is GNU 11.4.0
-- Detecting C compiler ABI info
-- Detecting C compiler ABI info - done
-- Check for working C compiler: /usr/bin/cc - skipped
-- Detecting C compile features
-- Detecting C compile features - done
-- Detecting CXX compiler ABI info
-- Detecting CXX compiler ABI info - done
-- Check for working CXX compiler: /usr/bin/c++ - skipped
-- Detecting CXX compile features
-- Detecting CXX compile features - done
-- Found ament_cmake: 1.3.12 (/opt/ros/humble/share/ament_cmake/cmake)
-- Found Python3: /usr/bin/python3 (found version "3.10.12") found components: Interpreter 
-- Configuring done
-- Generating done
-- Build files have been written to: /home/farhan/Universal_robot_arm/build/ur_pick_place
Built target ament_cmake_python_copy_ur_pick_place
running egg_info
creating ur_pick_place.egg-info
writing ur_pick_place.egg-info/PKG-INFO
writing dependency_links to ur_pick_place.egg-info/dependency_links.txt
writing top-level names to ur_pick_place.egg-info/top_level.txt
writing manifest file 'ur_pick_place.egg-info/SOURCES.txt'
reading manifest file 'ur_pick_place.egg-info/SOURCES.txt'
writing manifest file 'ur_pick_place.egg-info/SOURCES.txt'
Built target ament_cmake_python_build_ur_pick_place_egg
-- Install configuration: "Release"
-- Installing: /home/farhan/Universal_robot_arm/install/ur_pick_place/share/ur_pick_place/environment/pythonpath.sh
-- Installing: /home/farhan/Universal_robot_arm/install/ur_pick_place/share/ur_pick_place/environment/pythonpath.dsv
-- Installing: /home/farhan/Universal_robot_arm/install/ur_pick_place/local/lib/python3.10/dist-packages/ur_pick_place-0.1.0-py3.10.egg-info
-- Installing: /home/farhan/Universal_robot_arm/install/ur_pick_place/local/lib/python3.10/dist-packages/ur_pick_place-0.1.0-py3.10.egg-info/top_level.txt
-- Installing: /home/farhan/Universal_robot_arm/install/ur_pick_place/local/lib/python3.10/dist-packages/ur_pick_place-0.1.0-py3.10.egg-info/dependency_links.txt
-- Installing: /home/farhan/Universal_robot_arm/install/ur_pick_place/local/lib/python3.10/dist-packages/ur_pick_place-0.1.0-py3.10.egg-info/SOURCES.txt
-- Installing: /home/farhan/Universal_robot_arm/install/ur_pick_place/local/lib/python3.10/dist-packages/ur_pick_place-0.1.0-py3.10.egg-info/PKG-INFO
-- Installing: /home/farhan/Universal_robot_arm/install/ur_pick_place/local/lib/python3.10/dist-packages/ur_pick_place
-- Installing: /home/farhan/Universal_robot_arm/install/ur_pick_place/local/lib/python3.10/dist-packages/ur_pick_place/__init__.py
Listing '/home/farhan/Universal_robot_arm/install/ur_pick_place/local/lib/python3.10/dist-packages/ur_pick_place'...
Compiling '/home/farhan/Universal_robot_arm/install/ur_pick_place/local/lib/python3.10/dist-packages/ur_pick_place/__init__.py'...
-- Installing: /home/farhan/Universal_robot_arm/install/ur_pick_place/lib/ur_pick_place/pick_and_place.py
-- Installing: /home/farhan/Universal_robot_arm/install/ur_pick_place/share/ur_pick_place/launch
-- Installing: /home/farhan/Universal_robot_arm/install/ur_pick_place/share/ur_pick_place/launch/pick_and_place.launch.py
-- Installing: /home/farhan/Universal_robot_arm/install/ur_pick_place/share/ur_pick_place/urdf
-- Installing: /home/farhan/Universal_robot_arm/install/ur_pick_place/share/ur_pick_place/urdf/ur5e_robotiq.urdf.xacro
-- Installing: /home/farhan/Universal_robot_arm/install/ur_pick_place/share/ur_pick_place/config
-- Installing: /home/farhan/Universal_robot_arm/install/ur_pick_place/share/ur_pick_place/config/pick_and_place.yaml
-- Installing: /home/farhan/Universal_robot_arm/install/ur_pick_place/share/ament_index/resource_index/package_run_dependencies/ur_pick_place
-- Installing: /home/farhan/Universal_robot_arm/install/ur_pick_place/share/ament_index/resource_index/parent_prefix_path/ur_pick_place
-- Installing: /home/farhan/Universal_robot_arm/install/ur_pick_place/share/ur_pick_place/environment/ament_prefix_path.sh
-- Installing: /home/farhan/Universal_robot_arm/install/ur_pick_place/share/ur_pick_place/environment/ament_prefix_path.dsv
-- Installing: /home/farhan/Universal_robot_arm/install/ur_pick_place/share/ur_pick_place/environment/path.sh
-- Installing: /home/farhan/Universal_robot_arm/install/ur_pick_place/share/ur_pick_place/environment/path.dsv
-- Installing: /home/farhan/Universal_robot_arm/install/ur_pick_place/share/ur_pick_place/local_setup.bash
-- Installing: /home/farhan/Universal_robot_arm/install/ur_pick_place/share/ur_pick_place/local_setup.sh
-- Installing: /home/farhan/Universal_robot_arm/install/ur_pick_place/share/ur_pick_place/local_setup.zsh
-- Installing: /home/farhan/Universal_robot_arm/install/ur_pick_place/share/ur_pick_place/local_setup.dsv
-- Installing: /home/farhan/Universal_robot_arm/install/ur_pick_place/share/ur_pick_place/package.dsv
-- Installing: /home/farhan/Universal_robot_arm/install/ur_pick_place/share/ament_index/resource_index/packages/ur_pick_place
-- Installing: /home/farhan/Universal_robot_arm/install/ur_pick_place/share/ur_pick_place/cmake/ur_pick_placeConfig.cmake
-- Installing: /home/farhan/Universal_robot_arm/install/ur_pick_place/share/ur_pick_place/cmake/ur_pick_placeConfig-version.cmake
-- Installing: /home/farhan/Universal_robot_arm/install/ur_pick_place/share/ur_pick_place/package.xml
