[0.053s] Invoking command in '/home/farhan/Universal_robot_arm/build/ur_pick_place': AMENT_PREFIX_PATH=/home/farhan/Universal_robot_arm/install/robotiq_description:${AMENT_PREFIX_PATH} CMAKE_PREFIX_PATH=/home/farhan/Universal_robot_arm/install/ur_moveit_config:/home/farhan/Universal_robot_arm/install/robotiq_description:/home/farhan/Universal_robot_arm/install/ur_simulation_gazebo:/home/farhan/Universal_robot_arm/install/ur:/home/farhan/Universal_robot_arm/install/ur_calibration:/home/farhan/Universal_robot_arm/install/ur_robot_driver:/home/farhan/Universal_robot_arm/install/ur_bringup:/home/farhan/Universal_robot_arm/install/ur_controllers:/home/farhan/Universal_robot_arm/install/ur_dashboard_msgs:/home/farhan/turtlebot3_ws/install/turtlebot3:/home/farhan/turtlebot3_ws/install/turtlebot3_simulations:/home/farhan/turtlebot3_ws/install/turtlebot3_bringup:/home/farhan/turtlebot3_ws/install/turtlebot3_node:/home/farhan/turtlebot3_ws/install/turtlebot3_navigation2:/home/farhan/turtlebot3_ws/install/turtlebot3_fake_node:/home/farhan/turtlebot3_ws/install/turtlebot3_msgs:/home/farhan/turtlebot3_ws/install/turtlebot3_manipulation_gazebo:/home/farhan/turtlebot3_ws/install/turtlebot3_gazebo:/home/farhan/turtlebot3_ws/install/turtlebot3_description:/home/farhan/turtlebot3_ws/install/turtlebot3_cartographer:/home/farhan/turtlebot3_ws/install/dynamixel_sdk_examples:/home/farhan/turtlebot3_ws/install/dynamixel_sdk_custom_interfaces:/home/farhan/turtlebot3_ws/install/dynamixel_sdk:/home/farhan/turtlebot3_ws/install/turtlebot3_teleop:/home/farhan/turtlebot3_ws/install/turtlebot3_example:/opt/ros/humble /usr/bin/cmake /home/farhan/Universal_robot_arm/src/ur_pick_place -DCMAKE_BUILD_TYPE=Release -DCMAKE_INSTALL_PREFIX=/home/farhan/Universal_robot_arm/install/ur_pick_place
[0.353s] -- The C compiler identification is GNU 11.4.0
[0.692s] -- The CXX compiler identification is GNU 11.4.0
[0.744s] -- Detecting C compiler ABI info
[1.103s] -- Detecting C compiler ABI info - done
[1.145s] -- Check for working C compiler: /usr/bin/cc - skipped
[1.145s] -- Detecting C compile features
[1.148s] -- Detecting C compile features - done
[1.159s] -- Detecting CXX compiler ABI info
[1.607s] -- Detecting CXX compiler ABI info - done
[1.672s] -- Check for working CXX compiler: /usr/bin/c++ - skipped
[1.673s] -- Detecting CXX compile features
[1.673s] -- Detecting CXX compile features - done
[1.686s] -- Found ament_cmake: 1.3.12 (/opt/ros/humble/share/ament_cmake/cmake)
[2.441s] -- Found Python3: /usr/bin/python3 (found version "3.10.12") found components: Interpreter 
[3.762s] -- Configuring done
[3.780s] -- Generating done
[3.783s] -- Build files have been written to: /home/farhan/Universal_robot_arm/build/ur_pick_place
[3.827s] Invoked command in '/home/farhan/Universal_robot_arm/build/ur_pick_place' returned '0': AMENT_PREFIX_PATH=/home/farhan/Universal_robot_arm/install/robotiq_description:${AMENT_PREFIX_PATH} CMAKE_PREFIX_PATH=/home/farhan/Universal_robot_arm/install/ur_moveit_config:/home/farhan/Universal_robot_arm/install/robotiq_description:/home/farhan/Universal_robot_arm/install/ur_simulation_gazebo:/home/farhan/Universal_robot_arm/install/ur:/home/farhan/Universal_robot_arm/install/ur_calibration:/home/farhan/Universal_robot_arm/install/ur_robot_driver:/home/farhan/Universal_robot_arm/install/ur_bringup:/home/farhan/Universal_robot_arm/install/ur_controllers:/home/farhan/Universal_robot_arm/install/ur_dashboard_msgs:/home/farhan/turtlebot3_ws/install/turtlebot3:/home/farhan/turtlebot3_ws/install/turtlebot3_simulations:/home/farhan/turtlebot3_ws/install/turtlebot3_bringup:/home/farhan/turtlebot3_ws/install/turtlebot3_node:/home/farhan/turtlebot3_ws/install/turtlebot3_navigation2:/home/farhan/turtlebot3_ws/install/turtlebot3_fake_node:/home/farhan/turtlebot3_ws/install/turtlebot3_msgs:/home/farhan/turtlebot3_ws/install/turtlebot3_manipulation_gazebo:/home/farhan/turtlebot3_ws/install/turtlebot3_gazebo:/home/farhan/turtlebot3_ws/install/turtlebot3_description:/home/farhan/turtlebot3_ws/install/turtlebot3_cartographer:/home/farhan/turtlebot3_ws/install/dynamixel_sdk_examples:/home/farhan/turtlebot3_ws/install/dynamixel_sdk_custom_interfaces:/home/farhan/turtlebot3_ws/install/dynamixel_sdk:/home/farhan/turtlebot3_ws/install/turtlebot3_teleop:/home/farhan/turtlebot3_ws/install/turtlebot3_example:/opt/ros/humble /usr/bin/cmake /home/farhan/Universal_robot_arm/src/ur_pick_place -DCMAKE_BUILD_TYPE=Release -DCMAKE_INSTALL_PREFIX=/home/farhan/Universal_robot_arm/install/ur_pick_place
[3.829s] Invoking command in '/home/farhan/Universal_robot_arm/build/ur_pick_place': AMENT_PREFIX_PATH=/home/farhan/Universal_robot_arm/install/robotiq_description:${AMENT_PREFIX_PATH} CMAKE_PREFIX_PATH=/home/farhan/Universal_robot_arm/install/ur_moveit_config:/home/farhan/Universal_robot_arm/install/robotiq_description:/home/farhan/Universal_robot_arm/install/ur_simulation_gazebo:/home/farhan/Universal_robot_arm/install/ur:/home/farhan/Universal_robot_arm/install/ur_calibration:/home/farhan/Universal_robot_arm/install/ur_robot_driver:/home/farhan/Universal_robot_arm/install/ur_bringup:/home/farhan/Universal_robot_arm/install/ur_controllers:/home/farhan/Universal_robot_arm/install/ur_dashboard_msgs:/home/farhan/turtlebot3_ws/install/turtlebot3:/home/farhan/turtlebot3_ws/install/turtlebot3_simulations:/home/farhan/turtlebot3_ws/install/turtlebot3_bringup:/home/farhan/turtlebot3_ws/install/turtlebot3_node:/home/farhan/turtlebot3_ws/install/turtlebot3_navigation2:/home/farhan/turtlebot3_ws/install/turtlebot3_fake_node:/home/farhan/turtlebot3_ws/install/turtlebot3_msgs:/home/farhan/turtlebot3_ws/install/turtlebot3_manipulation_gazebo:/home/farhan/turtlebot3_ws/install/turtlebot3_gazebo:/home/farhan/turtlebot3_ws/install/turtlebot3_description:/home/farhan/turtlebot3_ws/install/turtlebot3_cartographer:/home/farhan/turtlebot3_ws/install/dynamixel_sdk_examples:/home/farhan/turtlebot3_ws/install/dynamixel_sdk_custom_interfaces:/home/farhan/turtlebot3_ws/install/dynamixel_sdk:/home/farhan/turtlebot3_ws/install/turtlebot3_teleop:/home/farhan/turtlebot3_ws/install/turtlebot3_example:/opt/ros/humble /usr/bin/cmake --build /home/farhan/Universal_robot_arm/build/ur_pick_place -- -j4 -l4
[4.195s] Built target ament_cmake_python_copy_ur_pick_place
[5.652s] running egg_info
[5.655s] creating ur_pick_place.egg-info
[5.655s] writing ur_pick_place.egg-info/PKG-INFO
[5.664s] writing dependency_links to ur_pick_place.egg-info/dependency_links.txt
[5.664s] writing top-level names to ur_pick_place.egg-info/top_level.txt
[5.664s] writing manifest file 'ur_pick_place.egg-info/SOURCES.txt'
[5.681s] reading manifest file 'ur_pick_place.egg-info/SOURCES.txt'
[5.688s] writing manifest file 'ur_pick_place.egg-info/SOURCES.txt'
[5.886s] Built target ament_cmake_python_build_ur_pick_place_egg
[5.961s] Invoked command in '/home/farhan/Universal_robot_arm/build/ur_pick_place' returned '0': AMENT_PREFIX_PATH=/home/farhan/Universal_robot_arm/install/robotiq_description:${AMENT_PREFIX_PATH} CMAKE_PREFIX_PATH=/home/farhan/Universal_robot_arm/install/ur_moveit_config:/home/farhan/Universal_robot_arm/install/robotiq_description:/home/farhan/Universal_robot_arm/install/ur_simulation_gazebo:/home/farhan/Universal_robot_arm/install/ur:/home/farhan/Universal_robot_arm/install/ur_calibration:/home/farhan/Universal_robot_arm/install/ur_robot_driver:/home/farhan/Universal_robot_arm/install/ur_bringup:/home/farhan/Universal_robot_arm/install/ur_controllers:/home/farhan/Universal_robot_arm/install/ur_dashboard_msgs:/home/farhan/turtlebot3_ws/install/turtlebot3:/home/farhan/turtlebot3_ws/install/turtlebot3_simulations:/home/farhan/turtlebot3_ws/install/turtlebot3_bringup:/home/farhan/turtlebot3_ws/install/turtlebot3_node:/home/farhan/turtlebot3_ws/install/turtlebot3_navigation2:/home/farhan/turtlebot3_ws/install/turtlebot3_fake_node:/home/farhan/turtlebot3_ws/install/turtlebot3_msgs:/home/farhan/turtlebot3_ws/install/turtlebot3_manipulation_gazebo:/home/farhan/turtlebot3_ws/install/turtlebot3_gazebo:/home/farhan/turtlebot3_ws/install/turtlebot3_description:/home/farhan/turtlebot3_ws/install/turtlebot3_cartographer:/home/farhan/turtlebot3_ws/install/dynamixel_sdk_examples:/home/farhan/turtlebot3_ws/install/dynamixel_sdk_custom_interfaces:/home/farhan/turtlebot3_ws/install/dynamixel_sdk:/home/farhan/turtlebot3_ws/install/turtlebot3_teleop:/home/farhan/turtlebot3_ws/install/turtlebot3_example:/opt/ros/humble /usr/bin/cmake --build /home/farhan/Universal_robot_arm/build/ur_pick_place -- -j4 -l4
[5.970s] Invoking command in '/home/farhan/Universal_robot_arm/build/ur_pick_place': AMENT_PREFIX_PATH=/home/farhan/Universal_robot_arm/install/robotiq_description:${AMENT_PREFIX_PATH} CMAKE_PREFIX_PATH=/home/farhan/Universal_robot_arm/install/ur_moveit_config:/home/farhan/Universal_robot_arm/install/robotiq_description:/home/farhan/Universal_robot_arm/install/ur_simulation_gazebo:/home/farhan/Universal_robot_arm/install/ur:/home/farhan/Universal_robot_arm/install/ur_calibration:/home/farhan/Universal_robot_arm/install/ur_robot_driver:/home/farhan/Universal_robot_arm/install/ur_bringup:/home/farhan/Universal_robot_arm/install/ur_controllers:/home/farhan/Universal_robot_arm/install/ur_dashboard_msgs:/home/farhan/turtlebot3_ws/install/turtlebot3:/home/farhan/turtlebot3_ws/install/turtlebot3_simulations:/home/farhan/turtlebot3_ws/install/turtlebot3_bringup:/home/farhan/turtlebot3_ws/install/turtlebot3_node:/home/farhan/turtlebot3_ws/install/turtlebot3_navigation2:/home/farhan/turtlebot3_ws/install/turtlebot3_fake_node:/home/farhan/turtlebot3_ws/install/turtlebot3_msgs:/home/farhan/turtlebot3_ws/install/turtlebot3_manipulation_gazebo:/home/farhan/turtlebot3_ws/install/turtlebot3_gazebo:/home/farhan/turtlebot3_ws/install/turtlebot3_description:/home/farhan/turtlebot3_ws/install/turtlebot3_cartographer:/home/farhan/turtlebot3_ws/install/dynamixel_sdk_examples:/home/farhan/turtlebot3_ws/install/dynamixel_sdk_custom_interfaces:/home/farhan/turtlebot3_ws/install/dynamixel_sdk:/home/farhan/turtlebot3_ws/install/turtlebot3_teleop:/home/farhan/turtlebot3_ws/install/turtlebot3_example:/opt/ros/humble /usr/bin/cmake --install /home/farhan/Universal_robot_arm/build/ur_pick_place
[5.990s] -- Install configuration: "Release"
[5.991s] -- Installing: /home/farhan/Universal_robot_arm/install/ur_pick_place/share/ur_pick_place/environment/pythonpath.sh
[5.993s] -- Installing: /home/farhan/Universal_robot_arm/install/ur_pick_place/share/ur_pick_place/environment/pythonpath.dsv
[5.997s] -- Installing: /home/farhan/Universal_robot_arm/install/ur_pick_place/local/lib/python3.10/dist-packages/ur_pick_place-0.1.0-py3.10.egg-info
[5.998s] -- Installing: /home/farhan/Universal_robot_arm/install/ur_pick_place/local/lib/python3.10/dist-packages/ur_pick_place-0.1.0-py3.10.egg-info/top_level.txt
[6.001s] -- Installing: /home/farhan/Universal_robot_arm/install/ur_pick_place/local/lib/python3.10/dist-packages/ur_pick_place-0.1.0-py3.10.egg-info/dependency_links.txt
[6.004s] -- Installing: /home/farhan/Universal_robot_arm/install/ur_pick_place/local/lib/python3.10/dist-packages/ur_pick_place-0.1.0-py3.10.egg-info/SOURCES.txt
[6.004s] -- Installing: /home/farhan/Universal_robot_arm/install/ur_pick_place/local/lib/python3.10/dist-packages/ur_pick_place-0.1.0-py3.10.egg-info/PKG-INFO
[6.005s] -- Installing: /home/farhan/Universal_robot_arm/install/ur_pick_place/local/lib/python3.10/dist-packages/ur_pick_place
[6.005s] -- Installing: /home/farhan/Universal_robot_arm/install/ur_pick_place/local/lib/python3.10/dist-packages/ur_pick_place/__init__.py
[6.132s] Listing '/home/farhan/Universal_robot_arm/install/ur_pick_place/local/lib/python3.10/dist-packages/ur_pick_place'...
[6.133s] Compiling '/home/farhan/Universal_robot_arm/install/ur_pick_place/local/lib/python3.10/dist-packages/ur_pick_place/__init__.py'...
[6.148s] -- Installing: /home/farhan/Universal_robot_arm/install/ur_pick_place/lib/ur_pick_place/pick_and_place.py
[6.148s] -- Installing: /home/farhan/Universal_robot_arm/install/ur_pick_place/share/ur_pick_place/launch
[6.148s] -- Installing: /home/farhan/Universal_robot_arm/install/ur_pick_place/share/ur_pick_place/launch/pick_and_place.launch.py
[6.149s] -- Installing: /home/farhan/Universal_robot_arm/install/ur_pick_place/share/ur_pick_place/urdf
[6.150s] -- Installing: /home/farhan/Universal_robot_arm/install/ur_pick_place/share/ur_pick_place/urdf/ur5e_robotiq.urdf.xacro
[6.150s] -- Installing: /home/farhan/Universal_robot_arm/install/ur_pick_place/share/ur_pick_place/config
[6.151s] -- Installing: /home/farhan/Universal_robot_arm/install/ur_pick_place/share/ur_pick_place/config/pick_and_place.yaml
[6.152s] -- Installing: /home/farhan/Universal_robot_arm/install/ur_pick_place/share/ament_index/resource_index/package_run_dependencies/ur_pick_place
[6.153s] -- Installing: /home/farhan/Universal_robot_arm/install/ur_pick_place/share/ament_index/resource_index/parent_prefix_path/ur_pick_place
[6.154s] -- Installing: /home/farhan/Universal_robot_arm/install/ur_pick_place/share/ur_pick_place/environment/ament_prefix_path.sh
[6.155s] -- Installing: /home/farhan/Universal_robot_arm/install/ur_pick_place/share/ur_pick_place/environment/ament_prefix_path.dsv
[6.158s] -- Installing: /home/farhan/Universal_robot_arm/install/ur_pick_place/share/ur_pick_place/environment/path.sh
[6.164s] -- Installing: /home/farhan/Universal_robot_arm/install/ur_pick_place/share/ur_pick_place/environment/path.dsv
[6.164s] -- Installing: /home/farhan/Universal_robot_arm/install/ur_pick_place/share/ur_pick_place/local_setup.bash
[6.166s] -- Installing: /home/farhan/Universal_robot_arm/install/ur_pick_place/share/ur_pick_place/local_setup.sh
[6.166s] -- Installing: /home/farhan/Universal_robot_arm/install/ur_pick_place/share/ur_pick_place/local_setup.zsh
[6.167s] -- Installing: /home/farhan/Universal_robot_arm/install/ur_pick_place/share/ur_pick_place/local_setup.dsv
[6.167s] -- Installing: /home/farhan/Universal_robot_arm/install/ur_pick_place/share/ur_pick_place/package.dsv
[6.168s] -- Installing: /home/farhan/Universal_robot_arm/install/ur_pick_place/share/ament_index/resource_index/packages/ur_pick_place
[6.169s] -- Installing: /home/farhan/Universal_robot_arm/install/ur_pick_place/share/ur_pick_place/cmake/ur_pick_placeConfig.cmake
[6.171s] -- Installing: /home/farhan/Universal_robot_arm/install/ur_pick_place/share/ur_pick_place/cmake/ur_pick_placeConfig-version.cmake
[6.172s] -- Installing: /home/farhan/Universal_robot_arm/install/ur_pick_place/share/ur_pick_place/package.xml
[6.178s] Invoked command in '/home/farhan/Universal_robot_arm/build/ur_pick_place' returned '0': AMENT_PREFIX_PATH=/home/farhan/Universal_robot_arm/install/robotiq_description:${AMENT_PREFIX_PATH} CMAKE_PREFIX_PATH=/home/farhan/Universal_robot_arm/install/ur_moveit_config:/home/farhan/Universal_robot_arm/install/robotiq_description:/home/farhan/Universal_robot_arm/install/ur_simulation_gazebo:/home/farhan/Universal_robot_arm/install/ur:/home/farhan/Universal_robot_arm/install/ur_calibration:/home/farhan/Universal_robot_arm/install/ur_robot_driver:/home/farhan/Universal_robot_arm/install/ur_bringup:/home/farhan/Universal_robot_arm/install/ur_controllers:/home/farhan/Universal_robot_arm/install/ur_dashboard_msgs:/home/farhan/turtlebot3_ws/install/turtlebot3:/home/farhan/turtlebot3_ws/install/turtlebot3_simulations:/home/farhan/turtlebot3_ws/install/turtlebot3_bringup:/home/farhan/turtlebot3_ws/install/turtlebot3_node:/home/farhan/turtlebot3_ws/install/turtlebot3_navigation2:/home/farhan/turtlebot3_ws/install/turtlebot3_fake_node:/home/farhan/turtlebot3_ws/install/turtlebot3_msgs:/home/farhan/turtlebot3_ws/install/turtlebot3_manipulation_gazebo:/home/farhan/turtlebot3_ws/install/turtlebot3_gazebo:/home/farhan/turtlebot3_ws/install/turtlebot3_description:/home/farhan/turtlebot3_ws/install/turtlebot3_cartographer:/home/farhan/turtlebot3_ws/install/dynamixel_sdk_examples:/home/farhan/turtlebot3_ws/install/dynamixel_sdk_custom_interfaces:/home/farhan/turtlebot3_ws/install/dynamixel_sdk:/home/farhan/turtlebot3_ws/install/turtlebot3_teleop:/home/farhan/turtlebot3_ws/install/turtlebot3_example:/opt/ros/humble /usr/bin/cmake --install /home/farhan/Universal_robot_arm/build/ur_pick_place
