-- Install configuration: ""
-- Execute custom install script
-- Up-to-date symlink: /home/farhan/Universal_robot_arm/install/ur5e_gripper_gazebo/share/ur5e_gripper_gazebo/launch/ur5e_robotiq_gazebo.launch.py
-- Up-to-date symlink: /home/farhan/Universal_robot_arm/install/ur5e_gripper_gazebo/share/ur5e_gripper_gazebo/urdf/ur5e_robotiq.urdf.xacro
-- Up-to-date symlink: /home/farhan/Universal_robot_arm/install/ur5e_gripper_gazebo/share/ur5e_gripper_gazebo/config/initial_positions.yaml
-- Up-to-date symlink: /home/farhan/Universal_robot_arm/install/ur5e_gripper_gazebo/share/ur5e_gripper_gazebo/config/ur5e_robotiq_controllers.yaml
-- Up-to-date symlink: /home/farhan/Universal_robot_arm/install/ur5e_gripper_gazebo/share/ur5e_gripper_gazebo/worlds/pick_place_world.sdf
-- Up-to-date symlink: /home/farhan/Universal_robot_arm/install/ur5e_gripper_gazebo/share/ament_index/resource_index/package_run_dependencies/ur5e_gripper_gazebo
-- Up-to-date symlink: /home/farhan/Universal_robot_arm/install/ur5e_gripper_gazebo/share/ament_index/resource_index/parent_prefix_path/ur5e_gripper_gazebo
-- Up-to-date symlink: /home/farhan/Universal_robot_arm/install/ur5e_gripper_gazebo/share/ur5e_gripper_gazebo/environment/ament_prefix_path.sh
-- Up-to-date symlink: /home/farhan/Universal_robot_arm/install/ur5e_gripper_gazebo/share/ur5e_gripper_gazebo/environment/ament_prefix_path.dsv
-- Up-to-date symlink: /home/farhan/Universal_robot_arm/install/ur5e_gripper_gazebo/share/ur5e_gripper_gazebo/environment/path.sh
-- Up-to-date symlink: /home/farhan/Universal_robot_arm/install/ur5e_gripper_gazebo/share/ur5e_gripper_gazebo/environment/path.dsv
-- Up-to-date symlink: /home/farhan/Universal_robot_arm/install/ur5e_gripper_gazebo/share/ur5e_gripper_gazebo/local_setup.bash
-- Up-to-date symlink: /home/farhan/Universal_robot_arm/install/ur5e_gripper_gazebo/share/ur5e_gripper_gazebo/local_setup.sh
-- Up-to-date symlink: /home/farhan/Universal_robot_arm/install/ur5e_gripper_gazebo/share/ur5e_gripper_gazebo/local_setup.zsh
-- Up-to-date symlink: /home/farhan/Universal_robot_arm/install/ur5e_gripper_gazebo/share/ur5e_gripper_gazebo/local_setup.dsv
-- Symlinking: /home/farhan/Universal_robot_arm/install/ur5e_gripper_gazebo/share/ur5e_gripper_gazebo/package.dsv
-- Up-to-date symlink: /home/farhan/Universal_robot_arm/install/ur5e_gripper_gazebo/share/ament_index/resource_index/packages/ur5e_gripper_gazebo
-- Up-to-date symlink: /home/farhan/Universal_robot_arm/install/ur5e_gripper_gazebo/share/ur5e_gripper_gazebo/cmake/ur5e_gripper_gazeboConfig.cmake
-- Up-to-date symlink: /home/farhan/Universal_robot_arm/install/ur5e_gripper_gazebo/share/ur5e_gripper_gazebo/cmake/ur5e_gripper_gazeboConfig-version.cmake
-- Up-to-date symlink: /home/farhan/Universal_robot_arm/install/ur5e_gripper_gazebo/share/ur5e_gripper_gazebo/package.xml
