[0.599s] DEBUG:colcon:Command line arguments: ['/usr/bin/colcon', 'build', '--packages-select', 'ur5e_gripper_gazebo', '--symlink-install']
[0.601s] DEBUG:colcon:Parsed command line arguments: Namespace(log_base=None, log_level=None, verb_name='build', build_base='build', install_base='install', merge_install=False, symlink_install=True, test_result_base=None, continue_on_error=False, executor='parallel', parallel_workers=4, event_handlers=None, ignore_user_meta=False, metas=['./colcon.meta'], base_paths=['.'], packages_ignore=None, packages_ignore_regex=None, paths=None, packages_up_to=None, packages_up_to_regex=None, packages_above=None, packages_above_and_dependencies=None, packages_above_depth=None, packages_select_by_dep=None, packages_skip_by_dep=None, packages_skip_up_to=None, packages_select_build_failed=False, packages_skip_build_finished=False, packages_select_test_failures=False, packages_skip_test_passed=False, packages_select=['ur5e_gripper_gazebo'], packages_skip=None, packages_select_regex=None, packages_skip_regex=None, packages_start=None, packages_end=None, allow_overriding=[], cmake_args=None, cmake_target=None, cmake_target_skip_unavailable=False, cmake_clean_cache=False, cmake_clean_first=False, cmake_force_configure=False, ament_cmake_args=None, catkin_cmake_args=None, catkin_skip_building_tests=False, mixin_files=None, mixin=None, verb_parser=<colcon_mixin.mixin.mixin_argument.MixinArgumentDecorator object at 0x7c143229efe0>, verb_extension=<colcon_core.verb.build.BuildVerb object at 0x7c143229e620>, main=<bound method BuildVerb.main of <colcon_core.verb.build.BuildVerb object at 0x7c143229e620>>, mixin_verb=('build',))
[1.999s] Level 1:colcon.colcon_core.package_discovery:discover_packages(colcon_meta) check parameters
[2.000s] Level 1:colcon.colcon_core.package_discovery:discover_packages(recursive) check parameters
[2.000s] Level 1:colcon.colcon_core.package_discovery:discover_packages(ignore) check parameters
[2.000s] Level 1:colcon.colcon_core.package_discovery:discover_packages(path) check parameters
[2.001s] Level 1:colcon.colcon_core.package_discovery:discover_packages(colcon_meta) discover
[2.002s] Level 1:colcon.colcon_core.package_discovery:discover_packages(recursive) discover
[2.003s] INFO:colcon.colcon_core.package_discovery:Crawling recursively for packages in '/home/farhan/Universal_robot_arm'
[2.004s] Level 1:colcon.colcon_core.package_identification:_identify(.) by extensions ['ignore', 'ignore_ament_install']
[2.005s] Level 1:colcon.colcon_core.package_identification:_identify(.) by extension 'ignore'
[2.006s] Level 1:colcon.colcon_core.package_identification:_identify(.) by extension 'ignore_ament_install'
[2.007s] Level 1:colcon.colcon_core.package_identification:_identify(.) by extensions ['colcon_pkg']
[2.008s] Level 1:colcon.colcon_core.package_identification:_identify(.) by extension 'colcon_pkg'
[2.009s] Level 1:colcon.colcon_core.package_identification:_identify(.) by extensions ['colcon_meta']
[2.010s] Level 1:colcon.colcon_core.package_identification:_identify(.) by extension 'colcon_meta'
[2.010s] Level 1:colcon.colcon_core.package_identification:_identify(.) by extensions ['ros']
[2.010s] Level 1:colcon.colcon_core.package_identification:_identify(.) by extension 'ros'
[2.057s] Level 1:colcon.colcon_core.package_identification:_identify(.) by extensions ['cmake', 'python']
[2.057s] Level 1:colcon.colcon_core.package_identification:_identify(.) by extension 'cmake'
[2.057s] Level 1:colcon.colcon_core.package_identification:_identify(.) by extension 'python'
[2.057s] Level 1:colcon.colcon_core.package_identification:_identify(.) by extensions ['python_setup_py']
[2.057s] Level 1:colcon.colcon_core.package_identification:_identify(.) by extension 'python_setup_py'
[2.057s] Level 1:colcon.colcon_core.package_identification:_identify(build) by extensions ['ignore', 'ignore_ament_install']
[2.058s] Level 1:colcon.colcon_core.package_identification:_identify(build) by extension 'ignore'
[2.058s] Level 1:colcon.colcon_core.package_identification:_identify(build) ignored
[2.058s] Level 1:colcon.colcon_core.package_identification:_identify(install) by extensions ['ignore', 'ignore_ament_install']
[2.058s] Level 1:colcon.colcon_core.package_identification:_identify(install) by extension 'ignore'
[2.059s] Level 1:colcon.colcon_core.package_identification:_identify(install) ignored
[2.060s] Level 1:colcon.colcon_core.package_identification:_identify(log) by extensions ['ignore', 'ignore_ament_install']
[2.062s] Level 1:colcon.colcon_core.package_identification:_identify(log) by extension 'ignore'
[2.063s] Level 1:colcon.colcon_core.package_identification:_identify(log) ignored
[2.064s] Level 1:colcon.colcon_core.package_identification:_identify(src) by extensions ['ignore', 'ignore_ament_install']
[2.066s] Level 1:colcon.colcon_core.package_identification:_identify(src) by extension 'ignore'
[2.068s] Level 1:colcon.colcon_core.package_identification:_identify(src) by extension 'ignore_ament_install'
[2.069s] Level 1:colcon.colcon_core.package_identification:_identify(src) by extensions ['colcon_pkg']
[2.069s] Level 1:colcon.colcon_core.package_identification:_identify(src) by extension 'colcon_pkg'
[2.069s] Level 1:colcon.colcon_core.package_identification:_identify(src) by extensions ['colcon_meta']
[2.069s] Level 1:colcon.colcon_core.package_identification:_identify(src) by extension 'colcon_meta'
[2.070s] Level 1:colcon.colcon_core.package_identification:_identify(src) by extensions ['ros']
[2.070s] Level 1:colcon.colcon_core.package_identification:_identify(src) by extension 'ros'
[2.070s] Level 1:colcon.colcon_core.package_identification:_identify(src) by extensions ['cmake', 'python']
[2.070s] Level 1:colcon.colcon_core.package_identification:_identify(src) by extension 'cmake'
[2.070s] Level 1:colcon.colcon_core.package_identification:_identify(src) by extension 'python'
[2.070s] Level 1:colcon.colcon_core.package_identification:_identify(src) by extensions ['python_setup_py']
[2.071s] Level 1:colcon.colcon_core.package_identification:_identify(src) by extension 'python_setup_py'
[2.071s] Level 1:colcon.colcon_core.package_identification:_identify(src/Universal_Robots_ROS2_Driver) by extensions ['ignore', 'ignore_ament_install']
[2.072s] Level 1:colcon.colcon_core.package_identification:_identify(src/Universal_Robots_ROS2_Driver) by extension 'ignore'
[2.072s] Level 1:colcon.colcon_core.package_identification:_identify(src/Universal_Robots_ROS2_Driver) by extension 'ignore_ament_install'
[2.072s] Level 1:colcon.colcon_core.package_identification:_identify(src/Universal_Robots_ROS2_Driver) by extensions ['colcon_pkg']
[2.072s] Level 1:colcon.colcon_core.package_identification:_identify(src/Universal_Robots_ROS2_Driver) by extension 'colcon_pkg'
[2.072s] Level 1:colcon.colcon_core.package_identification:_identify(src/Universal_Robots_ROS2_Driver) by extensions ['colcon_meta']
[2.073s] Level 1:colcon.colcon_core.package_identification:_identify(src/Universal_Robots_ROS2_Driver) by extension 'colcon_meta'
[2.073s] Level 1:colcon.colcon_core.package_identification:_identify(src/Universal_Robots_ROS2_Driver) by extensions ['ros']
[2.073s] Level 1:colcon.colcon_core.package_identification:_identify(src/Universal_Robots_ROS2_Driver) by extension 'ros'
[2.073s] Level 1:colcon.colcon_core.package_identification:_identify(src/Universal_Robots_ROS2_Driver) by extensions ['cmake', 'python']
[2.073s] Level 1:colcon.colcon_core.package_identification:_identify(src/Universal_Robots_ROS2_Driver) by extension 'cmake'
[2.073s] Level 1:colcon.colcon_core.package_identification:_identify(src/Universal_Robots_ROS2_Driver) by extension 'python'
[2.074s] Level 1:colcon.colcon_core.package_identification:_identify(src/Universal_Robots_ROS2_Driver) by extensions ['python_setup_py']
[2.074s] Level 1:colcon.colcon_core.package_identification:_identify(src/Universal_Robots_ROS2_Driver) by extension 'python_setup_py'
[2.074s] Level 1:colcon.colcon_core.package_identification:_identify(src/Universal_Robots_ROS2_Driver/ur) by extensions ['ignore', 'ignore_ament_install']
[2.074s] Level 1:colcon.colcon_core.package_identification:_identify(src/Universal_Robots_ROS2_Driver/ur) by extension 'ignore'
[2.074s] Level 1:colcon.colcon_core.package_identification:_identify(src/Universal_Robots_ROS2_Driver/ur) by extension 'ignore_ament_install'
[2.075s] Level 1:colcon.colcon_core.package_identification:_identify(src/Universal_Robots_ROS2_Driver/ur) by extensions ['colcon_pkg']
[2.075s] Level 1:colcon.colcon_core.package_identification:_identify(src/Universal_Robots_ROS2_Driver/ur) by extension 'colcon_pkg'
[2.075s] Level 1:colcon.colcon_core.package_identification:_identify(src/Universal_Robots_ROS2_Driver/ur) by extensions ['colcon_meta']
[2.075s] Level 1:colcon.colcon_core.package_identification:_identify(src/Universal_Robots_ROS2_Driver/ur) by extension 'colcon_meta'
[2.075s] Level 1:colcon.colcon_core.package_identification:_identify(src/Universal_Robots_ROS2_Driver/ur) by extensions ['ros']
[2.075s] Level 1:colcon.colcon_core.package_identification:_identify(src/Universal_Robots_ROS2_Driver/ur) by extension 'ros'
[2.093s] DEBUG:colcon.colcon_core.package_identification:Package 'src/Universal_Robots_ROS2_Driver/ur' with type 'ros.ament_cmake' and name 'ur'
[2.093s] Level 1:colcon.colcon_core.package_identification:_identify(src/Universal_Robots_ROS2_Driver/ur_bringup) by extensions ['ignore', 'ignore_ament_install']
[2.094s] Level 1:colcon.colcon_core.package_identification:_identify(src/Universal_Robots_ROS2_Driver/ur_bringup) by extension 'ignore'
[2.094s] Level 1:colcon.colcon_core.package_identification:_identify(src/Universal_Robots_ROS2_Driver/ur_bringup) by extension 'ignore_ament_install'
[2.094s] Level 1:colcon.colcon_core.package_identification:_identify(src/Universal_Robots_ROS2_Driver/ur_bringup) by extensions ['colcon_pkg']
[2.094s] Level 1:colcon.colcon_core.package_identification:_identify(src/Universal_Robots_ROS2_Driver/ur_bringup) by extension 'colcon_pkg'
[2.094s] Level 1:colcon.colcon_core.package_identification:_identify(src/Universal_Robots_ROS2_Driver/ur_bringup) by extensions ['colcon_meta']
[2.094s] Level 1:colcon.colcon_core.package_identification:_identify(src/Universal_Robots_ROS2_Driver/ur_bringup) by extension 'colcon_meta'
[2.095s] Level 1:colcon.colcon_core.package_identification:_identify(src/Universal_Robots_ROS2_Driver/ur_bringup) by extensions ['ros']
[2.095s] Level 1:colcon.colcon_core.package_identification:_identify(src/Universal_Robots_ROS2_Driver/ur_bringup) by extension 'ros'
[2.098s] DEBUG:colcon.colcon_core.package_identification:Package 'src/Universal_Robots_ROS2_Driver/ur_bringup' with type 'ros.ament_cmake' and name 'ur_bringup'
[2.099s] Level 1:colcon.colcon_core.package_identification:_identify(src/Universal_Robots_ROS2_Driver/ur_calibration) by extensions ['ignore', 'ignore_ament_install']
[2.099s] Level 1:colcon.colcon_core.package_identification:_identify(src/Universal_Robots_ROS2_Driver/ur_calibration) by extension 'ignore'
[2.099s] Level 1:colcon.colcon_core.package_identification:_identify(src/Universal_Robots_ROS2_Driver/ur_calibration) by extension 'ignore_ament_install'
[2.099s] Level 1:colcon.colcon_core.package_identification:_identify(src/Universal_Robots_ROS2_Driver/ur_calibration) by extensions ['colcon_pkg']
[2.099s] Level 1:colcon.colcon_core.package_identification:_identify(src/Universal_Robots_ROS2_Driver/ur_calibration) by extension 'colcon_pkg'
[2.100s] Level 1:colcon.colcon_core.package_identification:_identify(src/Universal_Robots_ROS2_Driver/ur_calibration) by extensions ['colcon_meta']
[2.100s] Level 1:colcon.colcon_core.package_identification:_identify(src/Universal_Robots_ROS2_Driver/ur_calibration) by extension 'colcon_meta'
[2.100s] Level 1:colcon.colcon_core.package_identification:_identify(src/Universal_Robots_ROS2_Driver/ur_calibration) by extensions ['ros']
[2.100s] Level 1:colcon.colcon_core.package_identification:_identify(src/Universal_Robots_ROS2_Driver/ur_calibration) by extension 'ros'
[2.111s] DEBUG:colcon.colcon_core.package_identification:Package 'src/Universal_Robots_ROS2_Driver/ur_calibration' with type 'ros.ament_cmake' and name 'ur_calibration'
[2.112s] Level 1:colcon.colcon_core.package_identification:_identify(src/Universal_Robots_ROS2_Driver/ur_controllers) by extensions ['ignore', 'ignore_ament_install']
[2.113s] Level 1:colcon.colcon_core.package_identification:_identify(src/Universal_Robots_ROS2_Driver/ur_controllers) by extension 'ignore'
[2.113s] Level 1:colcon.colcon_core.package_identification:_identify(src/Universal_Robots_ROS2_Driver/ur_controllers) by extension 'ignore_ament_install'
[2.113s] Level 1:colcon.colcon_core.package_identification:_identify(src/Universal_Robots_ROS2_Driver/ur_controllers) by extensions ['colcon_pkg']
[2.113s] Level 1:colcon.colcon_core.package_identification:_identify(src/Universal_Robots_ROS2_Driver/ur_controllers) by extension 'colcon_pkg'
[2.113s] Level 1:colcon.colcon_core.package_identification:_identify(src/Universal_Robots_ROS2_Driver/ur_controllers) by extensions ['colcon_meta']
[2.114s] Level 1:colcon.colcon_core.package_identification:_identify(src/Universal_Robots_ROS2_Driver/ur_controllers) by extension 'colcon_meta'
[2.114s] Level 1:colcon.colcon_core.package_identification:_identify(src/Universal_Robots_ROS2_Driver/ur_controllers) by extensions ['ros']
[2.114s] Level 1:colcon.colcon_core.package_identification:_identify(src/Universal_Robots_ROS2_Driver/ur_controllers) by extension 'ros'
[2.123s] DEBUG:colcon.colcon_core.package_identification:Package 'src/Universal_Robots_ROS2_Driver/ur_controllers' with type 'ros.ament_cmake' and name 'ur_controllers'
[2.124s] Level 1:colcon.colcon_core.package_identification:_identify(src/Universal_Robots_ROS2_Driver/ur_dashboard_msgs) by extensions ['ignore', 'ignore_ament_install']
[2.124s] Level 1:colcon.colcon_core.package_identification:_identify(src/Universal_Robots_ROS2_Driver/ur_dashboard_msgs) by extension 'ignore'
[2.124s] Level 1:colcon.colcon_core.package_identification:_identify(src/Universal_Robots_ROS2_Driver/ur_dashboard_msgs) by extension 'ignore_ament_install'
[2.125s] Level 1:colcon.colcon_core.package_identification:_identify(src/Universal_Robots_ROS2_Driver/ur_dashboard_msgs) by extensions ['colcon_pkg']
[2.125s] Level 1:colcon.colcon_core.package_identification:_identify(src/Universal_Robots_ROS2_Driver/ur_dashboard_msgs) by extension 'colcon_pkg'
[2.125s] Level 1:colcon.colcon_core.package_identification:_identify(src/Universal_Robots_ROS2_Driver/ur_dashboard_msgs) by extensions ['colcon_meta']
[2.125s] Level 1:colcon.colcon_core.package_identification:_identify(src/Universal_Robots_ROS2_Driver/ur_dashboard_msgs) by extension 'colcon_meta'
[2.126s] Level 1:colcon.colcon_core.package_identification:_identify(src/Universal_Robots_ROS2_Driver/ur_dashboard_msgs) by extensions ['ros']
[2.127s] Level 1:colcon.colcon_core.package_identification:_identify(src/Universal_Robots_ROS2_Driver/ur_dashboard_msgs) by extension 'ros'
[2.134s] DEBUG:colcon.colcon_core.package_identification:Package 'src/Universal_Robots_ROS2_Driver/ur_dashboard_msgs' with type 'ros.ament_cmake' and name 'ur_dashboard_msgs'
[2.135s] Level 1:colcon.colcon_core.package_identification:_identify(src/Universal_Robots_ROS2_Driver/ur_moveit_config) by extensions ['ignore', 'ignore_ament_install']
[2.136s] Level 1:colcon.colcon_core.package_identification:_identify(src/Universal_Robots_ROS2_Driver/ur_moveit_config) by extension 'ignore'
[2.136s] Level 1:colcon.colcon_core.package_identification:_identify(src/Universal_Robots_ROS2_Driver/ur_moveit_config) by extension 'ignore_ament_install'
[2.136s] Level 1:colcon.colcon_core.package_identification:_identify(src/Universal_Robots_ROS2_Driver/ur_moveit_config) by extensions ['colcon_pkg']
[2.136s] Level 1:colcon.colcon_core.package_identification:_identify(src/Universal_Robots_ROS2_Driver/ur_moveit_config) by extension 'colcon_pkg'
[2.136s] Level 1:colcon.colcon_core.package_identification:_identify(src/Universal_Robots_ROS2_Driver/ur_moveit_config) by extensions ['colcon_meta']
[2.137s] Level 1:colcon.colcon_core.package_identification:_identify(src/Universal_Robots_ROS2_Driver/ur_moveit_config) by extension 'colcon_meta'
[2.137s] Level 1:colcon.colcon_core.package_identification:_identify(src/Universal_Robots_ROS2_Driver/ur_moveit_config) by extensions ['ros']
[2.137s] Level 1:colcon.colcon_core.package_identification:_identify(src/Universal_Robots_ROS2_Driver/ur_moveit_config) by extension 'ros'
[2.141s] DEBUG:colcon.colcon_core.package_identification:Package 'src/Universal_Robots_ROS2_Driver/ur_moveit_config' with type 'ros.ament_cmake' and name 'ur_moveit_config'
[2.141s] Level 1:colcon.colcon_core.package_identification:_identify(src/Universal_Robots_ROS2_Driver/ur_robot_driver) by extensions ['ignore', 'ignore_ament_install']
[2.142s] Level 1:colcon.colcon_core.package_identification:_identify(src/Universal_Robots_ROS2_Driver/ur_robot_driver) by extension 'ignore'
[2.142s] Level 1:colcon.colcon_core.package_identification:_identify(src/Universal_Robots_ROS2_Driver/ur_robot_driver) by extension 'ignore_ament_install'
[2.142s] Level 1:colcon.colcon_core.package_identification:_identify(src/Universal_Robots_ROS2_Driver/ur_robot_driver) by extensions ['colcon_pkg']
[2.142s] Level 1:colcon.colcon_core.package_identification:_identify(src/Universal_Robots_ROS2_Driver/ur_robot_driver) by extension 'colcon_pkg'
[2.142s] Level 1:colcon.colcon_core.package_identification:_identify(src/Universal_Robots_ROS2_Driver/ur_robot_driver) by extensions ['colcon_meta']
[2.142s] Level 1:colcon.colcon_core.package_identification:_identify(src/Universal_Robots_ROS2_Driver/ur_robot_driver) by extension 'colcon_meta'
[2.143s] Level 1:colcon.colcon_core.package_identification:_identify(src/Universal_Robots_ROS2_Driver/ur_robot_driver) by extensions ['ros']
[2.143s] Level 1:colcon.colcon_core.package_identification:_identify(src/Universal_Robots_ROS2_Driver/ur_robot_driver) by extension 'ros'
[2.162s] DEBUG:colcon.colcon_core.package_identification:Package 'src/Universal_Robots_ROS2_Driver/ur_robot_driver' with type 'ros.ament_cmake' and name 'ur_robot_driver'
[2.163s] Level 1:colcon.colcon_core.package_identification:_identify(src/Universal_Robots_ROS2_Gazebo_Simulation) by extensions ['ignore', 'ignore_ament_install']
[2.163s] Level 1:colcon.colcon_core.package_identification:_identify(src/Universal_Robots_ROS2_Gazebo_Simulation) by extension 'ignore'
[2.163s] Level 1:colcon.colcon_core.package_identification:_identify(src/Universal_Robots_ROS2_Gazebo_Simulation) by extension 'ignore_ament_install'
[2.163s] Level 1:colcon.colcon_core.package_identification:_identify(src/Universal_Robots_ROS2_Gazebo_Simulation) by extensions ['colcon_pkg']
[2.163s] Level 1:colcon.colcon_core.package_identification:_identify(src/Universal_Robots_ROS2_Gazebo_Simulation) by extension 'colcon_pkg'
[2.164s] Level 1:colcon.colcon_core.package_identification:_identify(src/Universal_Robots_ROS2_Gazebo_Simulation) by extensions ['colcon_meta']
[2.164s] Level 1:colcon.colcon_core.package_identification:_identify(src/Universal_Robots_ROS2_Gazebo_Simulation) by extension 'colcon_meta'
[2.164s] Level 1:colcon.colcon_core.package_identification:_identify(src/Universal_Robots_ROS2_Gazebo_Simulation) by extensions ['ros']
[2.164s] Level 1:colcon.colcon_core.package_identification:_identify(src/Universal_Robots_ROS2_Gazebo_Simulation) by extension 'ros'
[2.164s] Level 1:colcon.colcon_core.package_identification:_identify(src/Universal_Robots_ROS2_Gazebo_Simulation) by extensions ['cmake', 'python']
[2.164s] Level 1:colcon.colcon_core.package_identification:_identify(src/Universal_Robots_ROS2_Gazebo_Simulation) by extension 'cmake'
[2.164s] Level 1:colcon.colcon_core.package_identification:_identify(src/Universal_Robots_ROS2_Gazebo_Simulation) by extension 'python'
[2.165s] Level 1:colcon.colcon_core.package_identification:_identify(src/Universal_Robots_ROS2_Gazebo_Simulation) by extensions ['python_setup_py']
[2.165s] Level 1:colcon.colcon_core.package_identification:_identify(src/Universal_Robots_ROS2_Gazebo_Simulation) by extension 'python_setup_py'
[2.165s] Level 1:colcon.colcon_core.package_identification:_identify(src/Universal_Robots_ROS2_Gazebo_Simulation/ur_simulation_gazebo) by extensions ['ignore', 'ignore_ament_install']
[2.165s] Level 1:colcon.colcon_core.package_identification:_identify(src/Universal_Robots_ROS2_Gazebo_Simulation/ur_simulation_gazebo) by extension 'ignore'
[2.165s] Level 1:colcon.colcon_core.package_identification:_identify(src/Universal_Robots_ROS2_Gazebo_Simulation/ur_simulation_gazebo) by extension 'ignore_ament_install'
[2.166s] Level 1:colcon.colcon_core.package_identification:_identify(src/Universal_Robots_ROS2_Gazebo_Simulation/ur_simulation_gazebo) by extensions ['colcon_pkg']
[2.166s] Level 1:colcon.colcon_core.package_identification:_identify(src/Universal_Robots_ROS2_Gazebo_Simulation/ur_simulation_gazebo) by extension 'colcon_pkg'
[2.166s] Level 1:colcon.colcon_core.package_identification:_identify(src/Universal_Robots_ROS2_Gazebo_Simulation/ur_simulation_gazebo) by extensions ['colcon_meta']
[2.166s] Level 1:colcon.colcon_core.package_identification:_identify(src/Universal_Robots_ROS2_Gazebo_Simulation/ur_simulation_gazebo) by extension 'colcon_meta'
[2.166s] Level 1:colcon.colcon_core.package_identification:_identify(src/Universal_Robots_ROS2_Gazebo_Simulation/ur_simulation_gazebo) by extensions ['ros']
[2.166s] Level 1:colcon.colcon_core.package_identification:_identify(src/Universal_Robots_ROS2_Gazebo_Simulation/ur_simulation_gazebo) by extension 'ros'
[2.181s] DEBUG:colcon.colcon_core.package_identification:Package 'src/Universal_Robots_ROS2_Gazebo_Simulation/ur_simulation_gazebo' with type 'ros.ament_cmake' and name 'ur_simulation_gazebo'
[2.182s] Level 1:colcon.colcon_core.package_identification:_identify(src/ros2_robotiq_gripper) by extensions ['ignore', 'ignore_ament_install']
[2.182s] Level 1:colcon.colcon_core.package_identification:_identify(src/ros2_robotiq_gripper) by extension 'ignore'
[2.182s] Level 1:colcon.colcon_core.package_identification:_identify(src/ros2_robotiq_gripper) by extension 'ignore_ament_install'
[2.183s] Level 1:colcon.colcon_core.package_identification:_identify(src/ros2_robotiq_gripper) by extensions ['colcon_pkg']
[2.183s] Level 1:colcon.colcon_core.package_identification:_identify(src/ros2_robotiq_gripper) by extension 'colcon_pkg'
[2.183s] Level 1:colcon.colcon_core.package_identification:_identify(src/ros2_robotiq_gripper) by extensions ['colcon_meta']
[2.183s] Level 1:colcon.colcon_core.package_identification:_identify(src/ros2_robotiq_gripper) by extension 'colcon_meta'
[2.183s] Level 1:colcon.colcon_core.package_identification:_identify(src/ros2_robotiq_gripper) by extensions ['ros']
[2.183s] Level 1:colcon.colcon_core.package_identification:_identify(src/ros2_robotiq_gripper) by extension 'ros'
[2.184s] Level 1:colcon.colcon_core.package_identification:_identify(src/ros2_robotiq_gripper) by extensions ['cmake', 'python']
[2.184s] Level 1:colcon.colcon_core.package_identification:_identify(src/ros2_robotiq_gripper) by extension 'cmake'
[2.184s] Level 1:colcon.colcon_core.package_identification:_identify(src/ros2_robotiq_gripper) by extension 'python'
[2.184s] Level 1:colcon.colcon_core.package_identification:_identify(src/ros2_robotiq_gripper) by extensions ['python_setup_py']
[2.184s] Level 1:colcon.colcon_core.package_identification:_identify(src/ros2_robotiq_gripper) by extension 'python_setup_py'
[2.184s] Level 1:colcon.colcon_core.package_identification:_identify(src/ros2_robotiq_gripper/robotiq_controllers) by extensions ['ignore', 'ignore_ament_install']
[2.185s] Level 1:colcon.colcon_core.package_identification:_identify(src/ros2_robotiq_gripper/robotiq_controllers) by extension 'ignore'
[2.185s] Level 1:colcon.colcon_core.package_identification:_identify(src/ros2_robotiq_gripper/robotiq_controllers) by extension 'ignore_ament_install'
[2.185s] Level 1:colcon.colcon_core.package_identification:_identify(src/ros2_robotiq_gripper/robotiq_controllers) by extensions ['colcon_pkg']
[2.185s] Level 1:colcon.colcon_core.package_identification:_identify(src/ros2_robotiq_gripper/robotiq_controllers) by extension 'colcon_pkg'
[2.185s] Level 1:colcon.colcon_core.package_identification:_identify(src/ros2_robotiq_gripper/robotiq_controllers) by extensions ['colcon_meta']
[2.185s] Level 1:colcon.colcon_core.package_identification:_identify(src/ros2_robotiq_gripper/robotiq_controllers) by extension 'colcon_meta'
[2.186s] Level 1:colcon.colcon_core.package_identification:_identify(src/ros2_robotiq_gripper/robotiq_controllers) by extensions ['ros']
[2.186s] Level 1:colcon.colcon_core.package_identification:_identify(src/ros2_robotiq_gripper/robotiq_controllers) by extension 'ros'
[2.188s] DEBUG:colcon.colcon_core.package_identification:Package 'src/ros2_robotiq_gripper/robotiq_controllers' with type 'ros.ament_cmake' and name 'robotiq_controllers'
[2.188s] Level 1:colcon.colcon_core.package_identification:_identify(src/ros2_robotiq_gripper/robotiq_description) by extensions ['ignore', 'ignore_ament_install']
[2.189s] Level 1:colcon.colcon_core.package_identification:_identify(src/ros2_robotiq_gripper/robotiq_description) by extension 'ignore'
[2.189s] Level 1:colcon.colcon_core.package_identification:_identify(src/ros2_robotiq_gripper/robotiq_description) by extension 'ignore_ament_install'
[2.189s] Level 1:colcon.colcon_core.package_identification:_identify(src/ros2_robotiq_gripper/robotiq_description) by extensions ['colcon_pkg']
[2.189s] Level 1:colcon.colcon_core.package_identification:_identify(src/ros2_robotiq_gripper/robotiq_description) by extension 'colcon_pkg'
[2.189s] Level 1:colcon.colcon_core.package_identification:_identify(src/ros2_robotiq_gripper/robotiq_description) by extensions ['colcon_meta']
[2.189s] Level 1:colcon.colcon_core.package_identification:_identify(src/ros2_robotiq_gripper/robotiq_description) by extension 'colcon_meta'
[2.189s] Level 1:colcon.colcon_core.package_identification:_identify(src/ros2_robotiq_gripper/robotiq_description) by extensions ['ros']
[2.189s] Level 1:colcon.colcon_core.package_identification:_identify(src/ros2_robotiq_gripper/robotiq_description) by extension 'ros'
[2.194s] DEBUG:colcon.colcon_core.package_identification:Package 'src/ros2_robotiq_gripper/robotiq_description' with type 'ros.ament_cmake' and name 'robotiq_description'
[2.195s] Level 1:colcon.colcon_core.package_identification:_identify(src/ros2_robotiq_gripper/robotiq_driver) by extensions ['ignore', 'ignore_ament_install']
[2.196s] Level 1:colcon.colcon_core.package_identification:_identify(src/ros2_robotiq_gripper/robotiq_driver) by extension 'ignore'
[2.197s] Level 1:colcon.colcon_core.package_identification:_identify(src/ros2_robotiq_gripper/robotiq_driver) by extension 'ignore_ament_install'
[2.199s] Level 1:colcon.colcon_core.package_identification:_identify(src/ros2_robotiq_gripper/robotiq_driver) by extensions ['colcon_pkg']
[2.200s] Level 1:colcon.colcon_core.package_identification:_identify(src/ros2_robotiq_gripper/robotiq_driver) by extension 'colcon_pkg'
[2.201s] Level 1:colcon.colcon_core.package_identification:_identify(src/ros2_robotiq_gripper/robotiq_driver) by extensions ['colcon_meta']
[2.201s] Level 1:colcon.colcon_core.package_identification:_identify(src/ros2_robotiq_gripper/robotiq_driver) by extension 'colcon_meta'
[2.202s] Level 1:colcon.colcon_core.package_identification:_identify(src/ros2_robotiq_gripper/robotiq_driver) by extensions ['ros']
[2.202s] Level 1:colcon.colcon_core.package_identification:_identify(src/ros2_robotiq_gripper/robotiq_driver) by extension 'ros'
[2.206s] DEBUG:colcon.colcon_core.package_identification:Package 'src/ros2_robotiq_gripper/robotiq_driver' with type 'ros.ament_cmake' and name 'robotiq_driver'
[2.206s] Level 1:colcon.colcon_core.package_identification:_identify(src/ros2_robotiq_gripper/robotiq_hardware_tests) by extensions ['ignore', 'ignore_ament_install']
[2.206s] Level 1:colcon.colcon_core.package_identification:_identify(src/ros2_robotiq_gripper/robotiq_hardware_tests) by extension 'ignore'
[2.207s] Level 1:colcon.colcon_core.package_identification:_identify(src/ros2_robotiq_gripper/robotiq_hardware_tests) by extension 'ignore_ament_install'
[2.207s] Level 1:colcon.colcon_core.package_identification:_identify(src/ros2_robotiq_gripper/robotiq_hardware_tests) by extensions ['colcon_pkg']
[2.207s] Level 1:colcon.colcon_core.package_identification:_identify(src/ros2_robotiq_gripper/robotiq_hardware_tests) by extension 'colcon_pkg'
[2.207s] Level 1:colcon.colcon_core.package_identification:_identify(src/ros2_robotiq_gripper/robotiq_hardware_tests) by extensions ['colcon_meta']
[2.207s] Level 1:colcon.colcon_core.package_identification:_identify(src/ros2_robotiq_gripper/robotiq_hardware_tests) by extension 'colcon_meta'
[2.207s] Level 1:colcon.colcon_core.package_identification:_identify(src/ros2_robotiq_gripper/robotiq_hardware_tests) by extensions ['ros']
[2.208s] Level 1:colcon.colcon_core.package_identification:_identify(src/ros2_robotiq_gripper/robotiq_hardware_tests) by extension 'ros'
[2.211s] DEBUG:colcon.colcon_core.package_identification:Package 'src/ros2_robotiq_gripper/robotiq_hardware_tests' with type 'ros.ament_cmake' and name 'robotiq_hardware_tests'
[2.211s] Level 1:colcon.colcon_core.package_identification:_identify(src/ur5e_gripper_gazebo) by extensions ['ignore', 'ignore_ament_install']
[2.211s] Level 1:colcon.colcon_core.package_identification:_identify(src/ur5e_gripper_gazebo) by extension 'ignore'
[2.211s] Level 1:colcon.colcon_core.package_identification:_identify(src/ur5e_gripper_gazebo) by extension 'ignore_ament_install'
[2.212s] Level 1:colcon.colcon_core.package_identification:_identify(src/ur5e_gripper_gazebo) by extensions ['colcon_pkg']
[2.212s] Level 1:colcon.colcon_core.package_identification:_identify(src/ur5e_gripper_gazebo) by extension 'colcon_pkg'
[2.212s] Level 1:colcon.colcon_core.package_identification:_identify(src/ur5e_gripper_gazebo) by extensions ['colcon_meta']
[2.212s] Level 1:colcon.colcon_core.package_identification:_identify(src/ur5e_gripper_gazebo) by extension 'colcon_meta'
[2.212s] Level 1:colcon.colcon_core.package_identification:_identify(src/ur5e_gripper_gazebo) by extensions ['ros']
[2.212s] Level 1:colcon.colcon_core.package_identification:_identify(src/ur5e_gripper_gazebo) by extension 'ros'
[2.223s] DEBUG:colcon.colcon_core.package_identification:Package 'src/ur5e_gripper_gazebo' with type 'ros.ament_cmake' and name 'ur5e_gripper_gazebo'
[2.223s] Level 1:colcon.colcon_core.package_identification:_identify(src/ur_pick_place) by extensions ['ignore', 'ignore_ament_install']
[2.224s] Level 1:colcon.colcon_core.package_identification:_identify(src/ur_pick_place) by extension 'ignore'
[2.224s] Level 1:colcon.colcon_core.package_identification:_identify(src/ur_pick_place) by extension 'ignore_ament_install'
[2.224s] Level 1:colcon.colcon_core.package_identification:_identify(src/ur_pick_place) by extensions ['colcon_pkg']
[2.224s] Level 1:colcon.colcon_core.package_identification:_identify(src/ur_pick_place) by extension 'colcon_pkg'
[2.224s] Level 1:colcon.colcon_core.package_identification:_identify(src/ur_pick_place) by extensions ['colcon_meta']
[2.225s] Level 1:colcon.colcon_core.package_identification:_identify(src/ur_pick_place) by extension 'colcon_meta'
[2.225s] Level 1:colcon.colcon_core.package_identification:_identify(src/ur_pick_place) by extensions ['ros']
[2.225s] Level 1:colcon.colcon_core.package_identification:_identify(src/ur_pick_place) by extension 'ros'
[2.230s] DEBUG:colcon.colcon_core.package_identification:Package 'src/ur_pick_place' with type 'ros.ament_cmake' and name 'ur_pick_place'
[2.230s] Level 1:colcon.colcon_core.package_discovery:discover_packages(recursive) using defaults
[2.230s] Level 1:colcon.colcon_core.package_discovery:discover_packages(ignore) discover
[2.230s] Level 1:colcon.colcon_core.package_discovery:discover_packages(ignore) using defaults
[2.230s] Level 1:colcon.colcon_core.package_discovery:discover_packages(path) discover
[2.230s] Level 1:colcon.colcon_core.package_discovery:discover_packages(path) using defaults
[2.395s] INFO:colcon.colcon_core.package_selection:Skipping not selected package 'robotiq_controllers' in 'src/ros2_robotiq_gripper/robotiq_controllers'
[2.395s] INFO:colcon.colcon_core.package_selection:Skipping not selected package 'robotiq_description' in 'src/ros2_robotiq_gripper/robotiq_description'
[2.395s] INFO:colcon.colcon_core.package_selection:Skipping not selected package 'robotiq_driver' in 'src/ros2_robotiq_gripper/robotiq_driver'
[2.395s] INFO:colcon.colcon_core.package_selection:Skipping not selected package 'ur_dashboard_msgs' in 'src/Universal_Robots_ROS2_Driver/ur_dashboard_msgs'
[2.395s] INFO:colcon.colcon_core.package_selection:Skipping not selected package 'ur_moveit_config' in 'src/Universal_Robots_ROS2_Driver/ur_moveit_config'
[2.395s] INFO:colcon.colcon_core.package_selection:Skipping not selected package 'robotiq_hardware_tests' in 'src/ros2_robotiq_gripper/robotiq_hardware_tests'
[2.396s] INFO:colcon.colcon_core.package_selection:Skipping not selected package 'ur_controllers' in 'src/Universal_Robots_ROS2_Driver/ur_controllers'
[2.396s] INFO:colcon.colcon_core.package_selection:Skipping not selected package 'ur_pick_place' in 'src/ur_pick_place'
[2.396s] INFO:colcon.colcon_core.package_selection:Skipping not selected package 'ur_bringup' in 'src/Universal_Robots_ROS2_Driver/ur_bringup'
[2.396s] INFO:colcon.colcon_core.package_selection:Skipping not selected package 'ur_robot_driver' in 'src/Universal_Robots_ROS2_Driver/ur_robot_driver'
[2.396s] INFO:colcon.colcon_core.package_selection:Skipping not selected package 'ur_simulation_gazebo' in 'src/Universal_Robots_ROS2_Gazebo_Simulation/ur_simulation_gazebo'
[2.396s] INFO:colcon.colcon_core.package_selection:Skipping not selected package 'ur_calibration' in 'src/Universal_Robots_ROS2_Driver/ur_calibration'
[2.396s] INFO:colcon.colcon_core.package_selection:Skipping not selected package 'ur' in 'src/Universal_Robots_ROS2_Driver/ur'
[2.397s] Level 1:colcon.colcon_core.package_discovery:discover_packages(prefix_path) check parameters
[2.397s] Level 1:colcon.colcon_core.package_discovery:discover_packages(prefix_path) discover
[2.414s] DEBUG:colcon.colcon_installed_package_information.package_discovery:Found 12 installed packages in /home/farhan/Universal_robot_arm/install
[2.438s] DEBUG:colcon.colcon_installed_package_information.package_discovery:Found 16 installed packages in /home/farhan/turtlebot3_ws/install
[2.451s] DEBUG:colcon.colcon_installed_package_information.package_discovery:Found 498 installed packages in /opt/ros/humble
[2.469s] Level 1:colcon.colcon_core.package_discovery:discover_packages(prefix_path) using defaults
[2.857s] Level 5:colcon.colcon_core.verb:set package 'ur5e_gripper_gazebo' build argument 'cmake_args' from command line to 'None'
[2.858s] Level 5:colcon.colcon_core.verb:set package 'ur5e_gripper_gazebo' build argument 'cmake_target' from command line to 'None'
[2.859s] Level 5:colcon.colcon_core.verb:set package 'ur5e_gripper_gazebo' build argument 'cmake_target_skip_unavailable' from command line to 'False'
[2.859s] Level 5:colcon.colcon_core.verb:set package 'ur5e_gripper_gazebo' build argument 'cmake_clean_cache' from command line to 'False'
[2.860s] Level 5:colcon.colcon_core.verb:set package 'ur5e_gripper_gazebo' build argument 'cmake_clean_first' from command line to 'False'
[2.861s] Level 5:colcon.colcon_core.verb:set package 'ur5e_gripper_gazebo' build argument 'cmake_force_configure' from command line to 'False'
[2.862s] Level 5:colcon.colcon_core.verb:set package 'ur5e_gripper_gazebo' build argument 'ament_cmake_args' from command line to 'None'
[2.864s] Level 5:colcon.colcon_core.verb:set package 'ur5e_gripper_gazebo' build argument 'catkin_cmake_args' from command line to 'None'
[2.865s] Level 5:colcon.colcon_core.verb:set package 'ur5e_gripper_gazebo' build argument 'catkin_skip_building_tests' from command line to 'False'
[2.865s] DEBUG:colcon.colcon_core.verb:Building package 'ur5e_gripper_gazebo' with the following arguments: {'ament_cmake_args': None, 'build_base': '/home/farhan/Universal_robot_arm/build/ur5e_gripper_gazebo', 'catkin_cmake_args': None, 'catkin_skip_building_tests': False, 'cmake_args': None, 'cmake_clean_cache': False, 'cmake_clean_first': False, 'cmake_force_configure': False, 'cmake_target': None, 'cmake_target_skip_unavailable': False, 'install_base': '/home/farhan/Universal_robot_arm/install/ur5e_gripper_gazebo', 'merge_install': False, 'path': '/home/farhan/Universal_robot_arm/src/ur5e_gripper_gazebo', 'symlink_install': True, 'test_result_base': None}
[2.867s] INFO:colcon.colcon_core.executor:Executing jobs using 'parallel' executor
[2.870s] DEBUG:colcon.colcon_parallel_executor.executor.parallel:run_until_complete
[2.870s] INFO:colcon.colcon_ros.task.ament_cmake.build:Building ROS package in '/home/farhan/Universal_robot_arm/src/ur5e_gripper_gazebo' with build type 'ament_cmake'
[2.871s] INFO:colcon.colcon_cmake.task.cmake.build:Building CMake package in '/home/farhan/Universal_robot_arm/src/ur5e_gripper_gazebo'
[2.881s] INFO:colcon.colcon_core.plugin_system:Skipping extension 'colcon_core.shell.bat': Not used on non-Windows systems
[2.883s] INFO:colcon.colcon_core.shell:Skip shell extension 'powershell' for command environment: Not usable outside of PowerShell
[2.883s] DEBUG:colcon.colcon_core.shell:Skip shell extension 'dsv' for command environment
[2.956s] DEBUG:colcon.colcon_core.event_handler.log_command:Invoking command in '/home/farhan/Universal_robot_arm/build/ur5e_gripper_gazebo': CMAKE_PREFIX_PATH=/home/farhan/Universal_robot_arm/install/robotiq_description:/home/farhan/Universal_robot_arm/install/ur_simulation_gazebo:/home/farhan/Universal_robot_arm/install/ur:/home/farhan/Universal_robot_arm/install/ur_calibration:/home/farhan/Universal_robot_arm/install/ur_robot_driver:/home/farhan/Universal_robot_arm/install/ur_pick_place:/home/farhan/Universal_robot_arm/install/ur_moveit_config:/home/farhan/Universal_robot_arm/install/ur_bringup:/home/farhan/Universal_robot_arm/install/ur_controllers:/home/farhan/Universal_robot_arm/install/ur_dashboard_msgs:/home/farhan/Universal_robot_arm/install/ur5e_gripper_gazebo:/home/farhan/Universal_robot_arm/install/robotiq_controllers:/home/farhan/turtlebot3_ws/install/turtlebot3:/home/farhan/turtlebot3_ws/install/turtlebot3_simulations:/home/farhan/turtlebot3_ws/install/turtlebot3_bringup:/home/farhan/turtlebot3_ws/install/turtlebot3_node:/home/farhan/turtlebot3_ws/install/turtlebot3_navigation2:/home/farhan/turtlebot3_ws/install/turtlebot3_fake_node:/home/farhan/turtlebot3_ws/install/turtlebot3_msgs:/home/farhan/turtlebot3_ws/install/turtlebot3_manipulation_gazebo:/home/farhan/turtlebot3_ws/install/turtlebot3_gazebo:/home/farhan/turtlebot3_ws/install/turtlebot3_description:/home/farhan/turtlebot3_ws/install/turtlebot3_cartographer:/home/farhan/turtlebot3_ws/install/dynamixel_sdk_examples:/home/farhan/turtlebot3_ws/install/dynamixel_sdk_custom_interfaces:/home/farhan/turtlebot3_ws/install/dynamixel_sdk:/home/farhan/turtlebot3_ws/install/turtlebot3_teleop:/home/farhan/turtlebot3_ws/install/turtlebot3_example:/opt/ros/humble /usr/bin/cmake --build /home/farhan/Universal_robot_arm/build/ur5e_gripper_gazebo -- -j4 -l4
[3.208s] DEBUG:colcon.colcon_core.event_handler.log_command:Invoked command in '/home/farhan/Universal_robot_arm/build/ur5e_gripper_gazebo' returned '0': CMAKE_PREFIX_PATH=/home/farhan/Universal_robot_arm/install/robotiq_description:/home/farhan/Universal_robot_arm/install/ur_simulation_gazebo:/home/farhan/Universal_robot_arm/install/ur:/home/farhan/Universal_robot_arm/install/ur_calibration:/home/farhan/Universal_robot_arm/install/ur_robot_driver:/home/farhan/Universal_robot_arm/install/ur_pick_place:/home/farhan/Universal_robot_arm/install/ur_moveit_config:/home/farhan/Universal_robot_arm/install/ur_bringup:/home/farhan/Universal_robot_arm/install/ur_controllers:/home/farhan/Universal_robot_arm/install/ur_dashboard_msgs:/home/farhan/Universal_robot_arm/install/ur5e_gripper_gazebo:/home/farhan/Universal_robot_arm/install/robotiq_controllers:/home/farhan/turtlebot3_ws/install/turtlebot3:/home/farhan/turtlebot3_ws/install/turtlebot3_simulations:/home/farhan/turtlebot3_ws/install/turtlebot3_bringup:/home/farhan/turtlebot3_ws/install/turtlebot3_node:/home/farhan/turtlebot3_ws/install/turtlebot3_navigation2:/home/farhan/turtlebot3_ws/install/turtlebot3_fake_node:/home/farhan/turtlebot3_ws/install/turtlebot3_msgs:/home/farhan/turtlebot3_ws/install/turtlebot3_manipulation_gazebo:/home/farhan/turtlebot3_ws/install/turtlebot3_gazebo:/home/farhan/turtlebot3_ws/install/turtlebot3_description:/home/farhan/turtlebot3_ws/install/turtlebot3_cartographer:/home/farhan/turtlebot3_ws/install/dynamixel_sdk_examples:/home/farhan/turtlebot3_ws/install/dynamixel_sdk_custom_interfaces:/home/farhan/turtlebot3_ws/install/dynamixel_sdk:/home/farhan/turtlebot3_ws/install/turtlebot3_teleop:/home/farhan/turtlebot3_ws/install/turtlebot3_example:/opt/ros/humble /usr/bin/cmake --build /home/farhan/Universal_robot_arm/build/ur5e_gripper_gazebo -- -j4 -l4
[3.282s] DEBUG:colcon.colcon_core.event_handler.log_command:Invoking command in '/home/farhan/Universal_robot_arm/build/ur5e_gripper_gazebo': CMAKE_PREFIX_PATH=/home/farhan/Universal_robot_arm/install/robotiq_description:/home/farhan/Universal_robot_arm/install/ur_simulation_gazebo:/home/farhan/Universal_robot_arm/install/ur:/home/farhan/Universal_robot_arm/install/ur_calibration:/home/farhan/Universal_robot_arm/install/ur_robot_driver:/home/farhan/Universal_robot_arm/install/ur_pick_place:/home/farhan/Universal_robot_arm/install/ur_moveit_config:/home/farhan/Universal_robot_arm/install/ur_bringup:/home/farhan/Universal_robot_arm/install/ur_controllers:/home/farhan/Universal_robot_arm/install/ur_dashboard_msgs:/home/farhan/Universal_robot_arm/install/ur5e_gripper_gazebo:/home/farhan/Universal_robot_arm/install/robotiq_controllers:/home/farhan/turtlebot3_ws/install/turtlebot3:/home/farhan/turtlebot3_ws/install/turtlebot3_simulations:/home/farhan/turtlebot3_ws/install/turtlebot3_bringup:/home/farhan/turtlebot3_ws/install/turtlebot3_node:/home/farhan/turtlebot3_ws/install/turtlebot3_navigation2:/home/farhan/turtlebot3_ws/install/turtlebot3_fake_node:/home/farhan/turtlebot3_ws/install/turtlebot3_msgs:/home/farhan/turtlebot3_ws/install/turtlebot3_manipulation_gazebo:/home/farhan/turtlebot3_ws/install/turtlebot3_gazebo:/home/farhan/turtlebot3_ws/install/turtlebot3_description:/home/farhan/turtlebot3_ws/install/turtlebot3_cartographer:/home/farhan/turtlebot3_ws/install/dynamixel_sdk_examples:/home/farhan/turtlebot3_ws/install/dynamixel_sdk_custom_interfaces:/home/farhan/turtlebot3_ws/install/dynamixel_sdk:/home/farhan/turtlebot3_ws/install/turtlebot3_teleop:/home/farhan/turtlebot3_ws/install/turtlebot3_example:/opt/ros/humble /usr/bin/cmake --install /home/farhan/Universal_robot_arm/build/ur5e_gripper_gazebo
[3.515s] Level 1:colcon.colcon_core.environment:create_environment_scripts_only(ur5e_gripper_gazebo)
[3.518s] DEBUG:colcon.colcon_core.event_handler.log_command:Invoked command in '/home/farhan/Universal_robot_arm/build/ur5e_gripper_gazebo' returned '0': CMAKE_PREFIX_PATH=/home/farhan/Universal_robot_arm/install/robotiq_description:/home/farhan/Universal_robot_arm/install/ur_simulation_gazebo:/home/farhan/Universal_robot_arm/install/ur:/home/farhan/Universal_robot_arm/install/ur_calibration:/home/farhan/Universal_robot_arm/install/ur_robot_driver:/home/farhan/Universal_robot_arm/install/ur_pick_place:/home/farhan/Universal_robot_arm/install/ur_moveit_config:/home/farhan/Universal_robot_arm/install/ur_bringup:/home/farhan/Universal_robot_arm/install/ur_controllers:/home/farhan/Universal_robot_arm/install/ur_dashboard_msgs:/home/farhan/Universal_robot_arm/install/ur5e_gripper_gazebo:/home/farhan/Universal_robot_arm/install/robotiq_controllers:/home/farhan/turtlebot3_ws/install/turtlebot3:/home/farhan/turtlebot3_ws/install/turtlebot3_simulations:/home/farhan/turtlebot3_ws/install/turtlebot3_bringup:/home/farhan/turtlebot3_ws/install/turtlebot3_node:/home/farhan/turtlebot3_ws/install/turtlebot3_navigation2:/home/farhan/turtlebot3_ws/install/turtlebot3_fake_node:/home/farhan/turtlebot3_ws/install/turtlebot3_msgs:/home/farhan/turtlebot3_ws/install/turtlebot3_manipulation_gazebo:/home/farhan/turtlebot3_ws/install/turtlebot3_gazebo:/home/farhan/turtlebot3_ws/install/turtlebot3_description:/home/farhan/turtlebot3_ws/install/turtlebot3_cartographer:/home/farhan/turtlebot3_ws/install/dynamixel_sdk_examples:/home/farhan/turtlebot3_ws/install/dynamixel_sdk_custom_interfaces:/home/farhan/turtlebot3_ws/install/dynamixel_sdk:/home/farhan/turtlebot3_ws/install/turtlebot3_teleop:/home/farhan/turtlebot3_ws/install/turtlebot3_example:/opt/ros/humble /usr/bin/cmake --install /home/farhan/Universal_robot_arm/build/ur5e_gripper_gazebo
[3.524s] Level 1:colcon.colcon_core.environment:checking '/home/farhan/Universal_robot_arm/install/ur5e_gripper_gazebo' for CMake module files
[3.526s] Level 1:colcon.colcon_core.environment:checking '/home/farhan/Universal_robot_arm/install/ur5e_gripper_gazebo' for CMake config files
[3.526s] Level 1:colcon.colcon_core.shell:create_environment_hook('ur5e_gripper_gazebo', 'cmake_prefix_path')
[3.527s] INFO:colcon.colcon_core.shell:Creating environment hook '/home/farhan/Universal_robot_arm/install/ur5e_gripper_gazebo/share/ur5e_gripper_gazebo/hook/cmake_prefix_path.ps1'
[3.528s] INFO:colcon.colcon_core.shell:Creating environment descriptor '/home/farhan/Universal_robot_arm/install/ur5e_gripper_gazebo/share/ur5e_gripper_gazebo/hook/cmake_prefix_path.dsv'
[3.530s] INFO:colcon.colcon_core.shell:Creating environment hook '/home/farhan/Universal_robot_arm/install/ur5e_gripper_gazebo/share/ur5e_gripper_gazebo/hook/cmake_prefix_path.sh'
[3.535s] Level 1:colcon.colcon_core.environment:checking '/home/farhan/Universal_robot_arm/install/ur5e_gripper_gazebo/bin'
[3.535s] Level 1:colcon.colcon_core.environment:checking '/home/farhan/Universal_robot_arm/install/ur5e_gripper_gazebo/lib/pkgconfig/ur5e_gripper_gazebo.pc'
[3.538s] Level 1:colcon.colcon_core.environment:checking '/home/farhan/Universal_robot_arm/install/ur5e_gripper_gazebo/lib/python3.10/site-packages'
[3.539s] Level 1:colcon.colcon_core.environment:checking '/home/farhan/Universal_robot_arm/install/ur5e_gripper_gazebo/bin'
[3.543s] INFO:colcon.colcon_core.shell:Creating package script '/home/farhan/Universal_robot_arm/install/ur5e_gripper_gazebo/share/ur5e_gripper_gazebo/package.ps1'
[3.546s] INFO:colcon.colcon_core.shell:Creating package descriptor '/home/farhan/Universal_robot_arm/install/ur5e_gripper_gazebo/share/ur5e_gripper_gazebo/package.dsv'
[3.547s] INFO:colcon.colcon_core.shell:Creating package script '/home/farhan/Universal_robot_arm/install/ur5e_gripper_gazebo/share/ur5e_gripper_gazebo/package.sh'
[3.550s] INFO:colcon.colcon_core.shell:Creating package script '/home/farhan/Universal_robot_arm/install/ur5e_gripper_gazebo/share/ur5e_gripper_gazebo/package.bash'
[3.553s] INFO:colcon.colcon_core.shell:Creating package script '/home/farhan/Universal_robot_arm/install/ur5e_gripper_gazebo/share/ur5e_gripper_gazebo/package.zsh'
[3.554s] Level 1:colcon.colcon_core.environment:create_file_with_runtime_dependencies(/home/farhan/Universal_robot_arm/install/ur5e_gripper_gazebo/share/colcon-core/packages/ur5e_gripper_gazebo)
[3.557s] Level 1:colcon.colcon_core.environment:create_environment_scripts_only(ur5e_gripper_gazebo)
[3.557s] Level 1:colcon.colcon_core.environment:checking '/home/farhan/Universal_robot_arm/install/ur5e_gripper_gazebo' for CMake module files
[3.559s] Level 1:colcon.colcon_core.environment:checking '/home/farhan/Universal_robot_arm/install/ur5e_gripper_gazebo' for CMake config files
[3.559s] Level 1:colcon.colcon_core.shell:create_environment_hook('ur5e_gripper_gazebo', 'cmake_prefix_path')
[3.560s] INFO:colcon.colcon_core.shell:Creating environment hook '/home/farhan/Universal_robot_arm/install/ur5e_gripper_gazebo/share/ur5e_gripper_gazebo/hook/cmake_prefix_path.ps1'
[3.562s] INFO:colcon.colcon_core.shell:Creating environment descriptor '/home/farhan/Universal_robot_arm/install/ur5e_gripper_gazebo/share/ur5e_gripper_gazebo/hook/cmake_prefix_path.dsv'
[3.563s] INFO:colcon.colcon_core.shell:Creating environment hook '/home/farhan/Universal_robot_arm/install/ur5e_gripper_gazebo/share/ur5e_gripper_gazebo/hook/cmake_prefix_path.sh'
[3.564s] Level 1:colcon.colcon_core.environment:checking '/home/farhan/Universal_robot_arm/install/ur5e_gripper_gazebo/bin'
[3.564s] Level 1:colcon.colcon_core.environment:checking '/home/farhan/Universal_robot_arm/install/ur5e_gripper_gazebo/lib/pkgconfig/ur5e_gripper_gazebo.pc'
[3.565s] Level 1:colcon.colcon_core.environment:checking '/home/farhan/Universal_robot_arm/install/ur5e_gripper_gazebo/lib/python3.10/site-packages'
[3.565s] Level 1:colcon.colcon_core.environment:checking '/home/farhan/Universal_robot_arm/install/ur5e_gripper_gazebo/bin'
[3.566s] INFO:colcon.colcon_core.shell:Creating package script '/home/farhan/Universal_robot_arm/install/ur5e_gripper_gazebo/share/ur5e_gripper_gazebo/package.ps1'
[3.568s] INFO:colcon.colcon_core.shell:Creating package descriptor '/home/farhan/Universal_robot_arm/install/ur5e_gripper_gazebo/share/ur5e_gripper_gazebo/package.dsv'
[3.569s] INFO:colcon.colcon_core.shell:Creating package script '/home/farhan/Universal_robot_arm/install/ur5e_gripper_gazebo/share/ur5e_gripper_gazebo/package.sh'
[3.571s] INFO:colcon.colcon_core.shell:Creating package script '/home/farhan/Universal_robot_arm/install/ur5e_gripper_gazebo/share/ur5e_gripper_gazebo/package.bash'
[3.576s] INFO:colcon.colcon_core.shell:Creating package script '/home/farhan/Universal_robot_arm/install/ur5e_gripper_gazebo/share/ur5e_gripper_gazebo/package.zsh'
[3.581s] Level 1:colcon.colcon_core.environment:create_file_with_runtime_dependencies(/home/farhan/Universal_robot_arm/install/ur5e_gripper_gazebo/share/colcon-core/packages/ur5e_gripper_gazebo)
[3.586s] DEBUG:colcon.colcon_parallel_executor.executor.parallel:closing loop
[3.587s] DEBUG:colcon.colcon_parallel_executor.executor.parallel:loop closed
[3.588s] DEBUG:colcon.colcon_parallel_executor.executor.parallel:run_until_complete finished with '0'
[3.588s] DEBUG:colcon.colcon_core.event_reactor:joining thread
[3.606s] INFO:colcon.colcon_core.plugin_system:Skipping extension 'colcon_notification.desktop_notification.terminal_notifier': Not used on non-Darwin systems
[3.606s] INFO:colcon.colcon_core.plugin_system:Skipping extension 'colcon_notification.desktop_notification.win32': Not used on non-Windows systems
[3.606s] INFO:colcon.colcon_notification.desktop_notification:Sending desktop notification using 'notify2'
[3.666s] DEBUG:colcon.colcon_core.event_reactor:joined thread
[3.667s] INFO:colcon.colcon_core.shell:Creating prefix script '/home/farhan/Universal_robot_arm/install/local_setup.ps1'
[3.675s] INFO:colcon.colcon_core.shell:Creating prefix util module '/home/farhan/Universal_robot_arm/install/_local_setup_util_ps1.py'
[3.684s] INFO:colcon.colcon_core.shell:Creating prefix chain script '/home/farhan/Universal_robot_arm/install/setup.ps1'
[3.705s] INFO:colcon.colcon_core.shell:Creating prefix script '/home/farhan/Universal_robot_arm/install/local_setup.sh'
[3.714s] INFO:colcon.colcon_core.shell:Creating prefix util module '/home/farhan/Universal_robot_arm/install/_local_setup_util_sh.py'
[3.730s] INFO:colcon.colcon_core.shell:Creating prefix chain script '/home/farhan/Universal_robot_arm/install/setup.sh'
[3.749s] INFO:colcon.colcon_core.shell:Creating prefix script '/home/farhan/Universal_robot_arm/install/local_setup.bash'
[3.753s] INFO:colcon.colcon_core.shell:Creating prefix chain script '/home/farhan/Universal_robot_arm/install/setup.bash'
[3.767s] INFO:colcon.colcon_core.shell:Creating prefix script '/home/farhan/Universal_robot_arm/install/local_setup.zsh'
[3.769s] INFO:colcon.colcon_core.shell:Creating prefix chain script '/home/farhan/Universal_robot_arm/install/setup.zsh'
