[0.036s] Invoking command in '/home/farhan/Universal_robot_arm/build/ur_bringup': AMENT_PREFIX_PATH=/home/farhan/Universal_robot_arm/install/ur_controllers:/home/farhan/Universal_robot_arm/install/ur_dashboard_msgs:${AMENT_PREFIX_PATH} CMAKE_PREFIX_PATH=/home/farhan/Universal_robot_arm/install/ur_controllers:/home/farhan/Universal_robot_arm/install/ur_dashboard_msgs:/home/farhan/turtlebot3_ws/install/turtlebot3:/home/farhan/turtlebot3_ws/install/turtlebot3_simulations:/home/farhan/turtlebot3_ws/install/turtlebot3_bringup:/home/farhan/turtlebot3_ws/install/turtlebot3_node:/home/farhan/turtlebot3_ws/install/turtlebot3_navigation2:/home/farhan/turtlebot3_ws/install/turtlebot3_fake_node:/home/farhan/turtlebot3_ws/install/turtlebot3_msgs:/home/farhan/turtlebot3_ws/install/turtlebot3_manipulation_gazebo:/home/farhan/turtlebot3_ws/install/turtlebot3_gazebo:/home/farhan/turtlebot3_ws/install/turtlebot3_description:/home/farhan/turtlebot3_ws/install/turtlebot3_cartographer:/home/farhan/turtlebot3_ws/install/dynamixel_sdk_examples:/home/farhan/turtlebot3_ws/install/dynamixel_sdk_custom_interfaces:/home/farhan/turtlebot3_ws/install/dynamixel_sdk:/home/farhan/turtlebot3_ws/install/turtlebot3_teleop:/home/farhan/turtlebot3_ws/install/turtlebot3_example:/opt/ros/humble LD_LIBRARY_PATH=/home/farhan/Universal_robot_arm/install/ur_controllers/lib:/home/farhan/Universal_robot_arm/install/ur_dashboard_msgs/lib:/home/farhan/turtlebot3_ws/install/turtlebot3_msgs/lib:/home/farhan/turtlebot3_ws/install/dynamixel_sdk_custom_interfaces/lib:/home/farhan/turtlebot3_ws/install/dynamixel_sdk/lib:/usr/lib/x86_64-linux-gnu/gazebo-11/plugins:/opt/ros/humble/opt/rviz_ogre_vendor/lib:/opt/ros/humble/lib/x86_64-linux-gnu:/opt/ros/humble/lib:/usr/lib/x86_64-linux-gnu/gazebo-11/plugins:/usr/lib/x86_64-linux-gnu/gazebo-11/plugins:/usr/lib/x86_64-linux-gnu/gazebo-11/plugins:/usr/lib/x86_64-linux-gnu/gazebo-11/plugins:/usr/lib/x86_64-linux-gnu/gazebo-11/plugins:/usr/lib/x86_64-linux-gnu/gazebo-11/plugins:/usr/lib/x86_64-linux-gnu/gazebo-11/plugins:/usr/lib/x86_64-linux-gnu/gazebo-11/plugins:/usr/lib/x86_64-linux-gnu/gazebo-11/plugins:/usr/lib/x86_64-linux-gnu/gazebo-11/plugins PYTHONPATH=/home/farhan/Universal_robot_arm/install/ur_dashboard_msgs/local/lib/python3.10/dist-packages:${PYTHONPATH} /usr/bin/cmake /home/farhan/Universal_robot_arm/src/Universal_Robots_ROS2_Driver/ur_bringup -DCMAKE_BUILD_TYPE=Release -DCMAKE_INSTALL_PREFIX=/home/farhan/Universal_robot_arm/install/ur_bringup
[0.182s] -- The C compiler identification is GNU 11.4.0
[0.339s] -- The CXX compiler identification is GNU 11.4.0
[0.356s] -- Detecting C compiler ABI info
[0.549s] -- Detecting C compiler ABI info - done
[0.577s] -- Check for working C compiler: /usr/bin/cc - skipped
[0.578s] -- Detecting C compile features
[0.580s] -- Detecting C compile features - done
[0.588s] -- Detecting CXX compiler ABI info
[0.810s] -- Detecting CXX compiler ABI info - done
[0.834s] -- Check for working CXX compiler: /usr/bin/c++ - skipped
[0.836s] -- Detecting CXX compile features
[0.836s] -- Detecting CXX compile features - done
[0.850s] -- Found ament_cmake: 1.3.12 (/opt/ros/humble/share/ament_cmake/cmake)
[1.319s] -- Found Python3: /usr/bin/python3 (found version "3.10.12") found components: Interpreter 
[1.968s] -- Configuring done
[1.980s] -- Generating done
[1.984s] -- Build files have been written to: /home/farhan/Universal_robot_arm/build/ur_bringup
[1.993s] Invoked command in '/home/farhan/Universal_robot_arm/build/ur_bringup' returned '0': AMENT_PREFIX_PATH=/home/farhan/Universal_robot_arm/install/ur_controllers:/home/farhan/Universal_robot_arm/install/ur_dashboard_msgs:${AMENT_PREFIX_PATH} CMAKE_PREFIX_PATH=/home/farhan/Universal_robot_arm/install/ur_controllers:/home/farhan/Universal_robot_arm/install/ur_dashboard_msgs:/home/farhan/turtlebot3_ws/install/turtlebot3:/home/farhan/turtlebot3_ws/install/turtlebot3_simulations:/home/farhan/turtlebot3_ws/install/turtlebot3_bringup:/home/farhan/turtlebot3_ws/install/turtlebot3_node:/home/farhan/turtlebot3_ws/install/turtlebot3_navigation2:/home/farhan/turtlebot3_ws/install/turtlebot3_fake_node:/home/farhan/turtlebot3_ws/install/turtlebot3_msgs:/home/farhan/turtlebot3_ws/install/turtlebot3_manipulation_gazebo:/home/farhan/turtlebot3_ws/install/turtlebot3_gazebo:/home/farhan/turtlebot3_ws/install/turtlebot3_description:/home/farhan/turtlebot3_ws/install/turtlebot3_cartographer:/home/farhan/turtlebot3_ws/install/dynamixel_sdk_examples:/home/farhan/turtlebot3_ws/install/dynamixel_sdk_custom_interfaces:/home/farhan/turtlebot3_ws/install/dynamixel_sdk:/home/farhan/turtlebot3_ws/install/turtlebot3_teleop:/home/farhan/turtlebot3_ws/install/turtlebot3_example:/opt/ros/humble LD_LIBRARY_PATH=/home/farhan/Universal_robot_arm/install/ur_controllers/lib:/home/farhan/Universal_robot_arm/install/ur_dashboard_msgs/lib:/home/farhan/turtlebot3_ws/install/turtlebot3_msgs/lib:/home/farhan/turtlebot3_ws/install/dynamixel_sdk_custom_interfaces/lib:/home/farhan/turtlebot3_ws/install/dynamixel_sdk/lib:/usr/lib/x86_64-linux-gnu/gazebo-11/plugins:/opt/ros/humble/opt/rviz_ogre_vendor/lib:/opt/ros/humble/lib/x86_64-linux-gnu:/opt/ros/humble/lib:/usr/lib/x86_64-linux-gnu/gazebo-11/plugins:/usr/lib/x86_64-linux-gnu/gazebo-11/plugins:/usr/lib/x86_64-linux-gnu/gazebo-11/plugins:/usr/lib/x86_64-linux-gnu/gazebo-11/plugins:/usr/lib/x86_64-linux-gnu/gazebo-11/plugins:/usr/lib/x86_64-linux-gnu/gazebo-11/plugins:/usr/lib/x86_64-linux-gnu/gazebo-11/plugins:/usr/lib/x86_64-linux-gnu/gazebo-11/plugins:/usr/lib/x86_64-linux-gnu/gazebo-11/plugins:/usr/lib/x86_64-linux-gnu/gazebo-11/plugins PYTHONPATH=/home/farhan/Universal_robot_arm/install/ur_dashboard_msgs/local/lib/python3.10/dist-packages:${PYTHONPATH} /usr/bin/cmake /home/farhan/Universal_robot_arm/src/Universal_Robots_ROS2_Driver/ur_bringup -DCMAKE_BUILD_TYPE=Release -DCMAKE_INSTALL_PREFIX=/home/farhan/Universal_robot_arm/install/ur_bringup
[2.000s] Invoking command in '/home/farhan/Universal_robot_arm/build/ur_bringup': AMENT_PREFIX_PATH=/home/farhan/Universal_robot_arm/install/ur_controllers:/home/farhan/Universal_robot_arm/install/ur_dashboard_msgs:${AMENT_PREFIX_PATH} CMAKE_PREFIX_PATH=/home/farhan/Universal_robot_arm/install/ur_controllers:/home/farhan/Universal_robot_arm/install/ur_dashboard_msgs:/home/farhan/turtlebot3_ws/install/turtlebot3:/home/farhan/turtlebot3_ws/install/turtlebot3_simulations:/home/farhan/turtlebot3_ws/install/turtlebot3_bringup:/home/farhan/turtlebot3_ws/install/turtlebot3_node:/home/farhan/turtlebot3_ws/install/turtlebot3_navigation2:/home/farhan/turtlebot3_ws/install/turtlebot3_fake_node:/home/farhan/turtlebot3_ws/install/turtlebot3_msgs:/home/farhan/turtlebot3_ws/install/turtlebot3_manipulation_gazebo:/home/farhan/turtlebot3_ws/install/turtlebot3_gazebo:/home/farhan/turtlebot3_ws/install/turtlebot3_description:/home/farhan/turtlebot3_ws/install/turtlebot3_cartographer:/home/farhan/turtlebot3_ws/install/dynamixel_sdk_examples:/home/farhan/turtlebot3_ws/install/dynamixel_sdk_custom_interfaces:/home/farhan/turtlebot3_ws/install/dynamixel_sdk:/home/farhan/turtlebot3_ws/install/turtlebot3_teleop:/home/farhan/turtlebot3_ws/install/turtlebot3_example:/opt/ros/humble LD_LIBRARY_PATH=/home/farhan/Universal_robot_arm/install/ur_controllers/lib:/home/farhan/Universal_robot_arm/install/ur_dashboard_msgs/lib:/home/farhan/turtlebot3_ws/install/turtlebot3_msgs/lib:/home/farhan/turtlebot3_ws/install/dynamixel_sdk_custom_interfaces/lib:/home/farhan/turtlebot3_ws/install/dynamixel_sdk/lib:/usr/lib/x86_64-linux-gnu/gazebo-11/plugins:/opt/ros/humble/opt/rviz_ogre_vendor/lib:/opt/ros/humble/lib/x86_64-linux-gnu:/opt/ros/humble/lib:/usr/lib/x86_64-linux-gnu/gazebo-11/plugins:/usr/lib/x86_64-linux-gnu/gazebo-11/plugins:/usr/lib/x86_64-linux-gnu/gazebo-11/plugins:/usr/lib/x86_64-linux-gnu/gazebo-11/plugins:/usr/lib/x86_64-linux-gnu/gazebo-11/plugins:/usr/lib/x86_64-linux-gnu/gazebo-11/plugins:/usr/lib/x86_64-linux-gnu/gazebo-11/plugins:/usr/lib/x86_64-linux-gnu/gazebo-11/plugins:/usr/lib/x86_64-linux-gnu/gazebo-11/plugins:/usr/lib/x86_64-linux-gnu/gazebo-11/plugins PYTHONPATH=/home/farhan/Universal_robot_arm/install/ur_dashboard_msgs/local/lib/python3.10/dist-packages:${PYTHONPATH} /usr/bin/cmake --build /home/farhan/Universal_robot_arm/build/ur_bringup -- -j4 -l4
[2.130s] Invoked command in '/home/farhan/Universal_robot_arm/build/ur_bringup' returned '0': AMENT_PREFIX_PATH=/home/farhan/Universal_robot_arm/install/ur_controllers:/home/farhan/Universal_robot_arm/install/ur_dashboard_msgs:${AMENT_PREFIX_PATH} CMAKE_PREFIX_PATH=/home/farhan/Universal_robot_arm/install/ur_controllers:/home/farhan/Universal_robot_arm/install/ur_dashboard_msgs:/home/farhan/turtlebot3_ws/install/turtlebot3:/home/farhan/turtlebot3_ws/install/turtlebot3_simulations:/home/farhan/turtlebot3_ws/install/turtlebot3_bringup:/home/farhan/turtlebot3_ws/install/turtlebot3_node:/home/farhan/turtlebot3_ws/install/turtlebot3_navigation2:/home/farhan/turtlebot3_ws/install/turtlebot3_fake_node:/home/farhan/turtlebot3_ws/install/turtlebot3_msgs:/home/farhan/turtlebot3_ws/install/turtlebot3_manipulation_gazebo:/home/farhan/turtlebot3_ws/install/turtlebot3_gazebo:/home/farhan/turtlebot3_ws/install/turtlebot3_description:/home/farhan/turtlebot3_ws/install/turtlebot3_cartographer:/home/farhan/turtlebot3_ws/install/dynamixel_sdk_examples:/home/farhan/turtlebot3_ws/install/dynamixel_sdk_custom_interfaces:/home/farhan/turtlebot3_ws/install/dynamixel_sdk:/home/farhan/turtlebot3_ws/install/turtlebot3_teleop:/home/farhan/turtlebot3_ws/install/turtlebot3_example:/opt/ros/humble LD_LIBRARY_PATH=/home/farhan/Universal_robot_arm/install/ur_controllers/lib:/home/farhan/Universal_robot_arm/install/ur_dashboard_msgs/lib:/home/farhan/turtlebot3_ws/install/turtlebot3_msgs/lib:/home/farhan/turtlebot3_ws/install/dynamixel_sdk_custom_interfaces/lib:/home/farhan/turtlebot3_ws/install/dynamixel_sdk/lib:/usr/lib/x86_64-linux-gnu/gazebo-11/plugins:/opt/ros/humble/opt/rviz_ogre_vendor/lib:/opt/ros/humble/lib/x86_64-linux-gnu:/opt/ros/humble/lib:/usr/lib/x86_64-linux-gnu/gazebo-11/plugins:/usr/lib/x86_64-linux-gnu/gazebo-11/plugins:/usr/lib/x86_64-linux-gnu/gazebo-11/plugins:/usr/lib/x86_64-linux-gnu/gazebo-11/plugins:/usr/lib/x86_64-linux-gnu/gazebo-11/plugins:/usr/lib/x86_64-linux-gnu/gazebo-11/plugins:/usr/lib/x86_64-linux-gnu/gazebo-11/plugins:/usr/lib/x86_64-linux-gnu/gazebo-11/plugins:/usr/lib/x86_64-linux-gnu/gazebo-11/plugins:/usr/lib/x86_64-linux-gnu/gazebo-11/plugins PYTHONPATH=/home/farhan/Universal_robot_arm/install/ur_dashboard_msgs/local/lib/python3.10/dist-packages:${PYTHONPATH} /usr/bin/cmake --build /home/farhan/Universal_robot_arm/build/ur_bringup -- -j4 -l4
[2.135s] Invoking command in '/home/farhan/Universal_robot_arm/build/ur_bringup': AMENT_PREFIX_PATH=/home/farhan/Universal_robot_arm/install/ur_controllers:/home/farhan/Universal_robot_arm/install/ur_dashboard_msgs:${AMENT_PREFIX_PATH} CMAKE_PREFIX_PATH=/home/farhan/Universal_robot_arm/install/ur_controllers:/home/farhan/Universal_robot_arm/install/ur_dashboard_msgs:/home/farhan/turtlebot3_ws/install/turtlebot3:/home/farhan/turtlebot3_ws/install/turtlebot3_simulations:/home/farhan/turtlebot3_ws/install/turtlebot3_bringup:/home/farhan/turtlebot3_ws/install/turtlebot3_node:/home/farhan/turtlebot3_ws/install/turtlebot3_navigation2:/home/farhan/turtlebot3_ws/install/turtlebot3_fake_node:/home/farhan/turtlebot3_ws/install/turtlebot3_msgs:/home/farhan/turtlebot3_ws/install/turtlebot3_manipulation_gazebo:/home/farhan/turtlebot3_ws/install/turtlebot3_gazebo:/home/farhan/turtlebot3_ws/install/turtlebot3_description:/home/farhan/turtlebot3_ws/install/turtlebot3_cartographer:/home/farhan/turtlebot3_ws/install/dynamixel_sdk_examples:/home/farhan/turtlebot3_ws/install/dynamixel_sdk_custom_interfaces:/home/farhan/turtlebot3_ws/install/dynamixel_sdk:/home/farhan/turtlebot3_ws/install/turtlebot3_teleop:/home/farhan/turtlebot3_ws/install/turtlebot3_example:/opt/ros/humble LD_LIBRARY_PATH=/home/farhan/Universal_robot_arm/install/ur_controllers/lib:/home/farhan/Universal_robot_arm/install/ur_dashboard_msgs/lib:/home/farhan/turtlebot3_ws/install/turtlebot3_msgs/lib:/home/farhan/turtlebot3_ws/install/dynamixel_sdk_custom_interfaces/lib:/home/farhan/turtlebot3_ws/install/dynamixel_sdk/lib:/usr/lib/x86_64-linux-gnu/gazebo-11/plugins:/opt/ros/humble/opt/rviz_ogre_vendor/lib:/opt/ros/humble/lib/x86_64-linux-gnu:/opt/ros/humble/lib:/usr/lib/x86_64-linux-gnu/gazebo-11/plugins:/usr/lib/x86_64-linux-gnu/gazebo-11/plugins:/usr/lib/x86_64-linux-gnu/gazebo-11/plugins:/usr/lib/x86_64-linux-gnu/gazebo-11/plugins:/usr/lib/x86_64-linux-gnu/gazebo-11/plugins:/usr/lib/x86_64-linux-gnu/gazebo-11/plugins:/usr/lib/x86_64-linux-gnu/gazebo-11/plugins:/usr/lib/x86_64-linux-gnu/gazebo-11/plugins:/usr/lib/x86_64-linux-gnu/gazebo-11/plugins:/usr/lib/x86_64-linux-gnu/gazebo-11/plugins PYTHONPATH=/home/farhan/Universal_robot_arm/install/ur_dashboard_msgs/local/lib/python3.10/dist-packages:${PYTHONPATH} /usr/bin/cmake --install /home/farhan/Universal_robot_arm/build/ur_bringup
[2.161s] -- Install configuration: "Release"
[2.161s] -- Installing: /home/farhan/Universal_robot_arm/install/ur_bringup/share/ur_bringup/config
[2.161s] -- Installing: /home/farhan/Universal_robot_arm/install/ur_bringup/share/ur_bringup/config/test_goal_publishers_config.yaml
[2.161s] -- Installing: /home/farhan/Universal_robot_arm/install/ur_bringup/share/ur_bringup/config/ur_controllers.yaml
[2.162s] -- Installing: /home/farhan/Universal_robot_arm/install/ur_bringup/share/ur_bringup/config/ur3_update_rate.yaml
[2.162s] -- Installing: /home/farhan/Universal_robot_arm/install/ur_bringup/share/ur_bringup/config/ur18_update_rate.yaml
[2.167s] -- Installing: /home/farhan/Universal_robot_arm/install/ur_bringup/share/ur_bringup/config/ur8long_update_rate.yaml
[2.167s] -- Installing: /home/farhan/Universal_robot_arm/install/ur_bringup/share/ur_bringup/config/ur10_update_rate.yaml
[2.168s] -- Installing: /home/farhan/Universal_robot_arm/install/ur_bringup/share/ur_bringup/config/ur5_update_rate.yaml
[2.168s] -- Installing: /home/farhan/Universal_robot_arm/install/ur_bringup/share/ur_bringup/config/ur3e_update_rate.yaml
[2.168s] -- Installing: /home/farhan/Universal_robot_arm/install/ur_bringup/share/ur_bringup/config/ur5e_update_rate.yaml
[2.168s] -- Installing: /home/farhan/Universal_robot_arm/install/ur_bringup/share/ur_bringup/config/ur16e_update_rate.yaml
[2.169s] -- Installing: /home/farhan/Universal_robot_arm/install/ur_bringup/share/ur_bringup/config/test_velocity_goal_publishers_config.yaml
[2.170s] -- Installing: /home/farhan/Universal_robot_arm/install/ur_bringup/share/ur_bringup/config/ur10e_update_rate.yaml
[2.171s] -- Installing: /home/farhan/Universal_robot_arm/install/ur_bringup/share/ur_bringup/launch
[2.171s] -- Installing: /home/farhan/Universal_robot_arm/install/ur_bringup/share/ur_bringup/launch/ur8long.launch.py
[2.171s] -- Installing: /home/farhan/Universal_robot_arm/install/ur_bringup/share/ur_bringup/launch/ur10e.launch.py
[2.172s] -- Installing: /home/farhan/Universal_robot_arm/install/ur_bringup/share/ur_bringup/launch/test_forward_velocity_controller.launch.py
[2.174s] -- Installing: /home/farhan/Universal_robot_arm/install/ur_bringup/share/ur_bringup/launch/ur20.launch.py
[2.178s] -- Installing: /home/farhan/Universal_robot_arm/install/ur_bringup/share/ur_bringup/launch/ur18.launch.py
[2.178s] -- Installing: /home/farhan/Universal_robot_arm/install/ur_bringup/share/ur_bringup/launch/test_joint_trajectory_controller.launch.py
[2.178s] -- Installing: /home/farhan/Universal_robot_arm/install/ur_bringup/share/ur_bringup/launch/ur_control.launch.py
[2.179s] -- Installing: /home/farhan/Universal_robot_arm/install/ur_bringup/share/ur_bringup/launch/ur15.launch.py
[2.179s] -- Installing: /home/farhan/Universal_robot_arm/install/ur_bringup/share/ur_bringup/launch/test_scaled_joint_trajectory_controller.launch.py
[2.179s] -- Installing: /home/farhan/Universal_robot_arm/install/ur_bringup/share/ur_bringup/launch/ur7e.launch.py
[2.179s] -- Installing: /home/farhan/Universal_robot_arm/install/ur_bringup/share/ur_bringup/launch/ur3.launch.py
[2.179s] -- Installing: /home/farhan/Universal_robot_arm/install/ur_bringup/share/ur_bringup/launch/ur5e.launch.py
[2.180s] -- Installing: /home/farhan/Universal_robot_arm/install/ur_bringup/share/ur_bringup/launch/ur5.launch.py
[2.180s] -- Installing: /home/farhan/Universal_robot_arm/install/ur_bringup/share/ur_bringup/launch/ur_dashboard_client.launch.py
[2.181s] -- Installing: /home/farhan/Universal_robot_arm/install/ur_bringup/share/ur_bringup/launch/ur3e.launch.py
[2.181s] -- Installing: /home/farhan/Universal_robot_arm/install/ur_bringup/share/ur_bringup/launch/ur30.launch.py
[2.181s] -- Installing: /home/farhan/Universal_robot_arm/install/ur_bringup/share/ur_bringup/launch/ur12e.launch.py
[2.181s] -- Installing: /home/farhan/Universal_robot_arm/install/ur_bringup/share/ur_bringup/launch/ur16e.launch.py
[2.182s] -- Installing: /home/farhan/Universal_robot_arm/install/ur_bringup/share/ur_bringup/launch/ur10.launch.py
[2.182s] -- Installing: /home/farhan/Universal_robot_arm/install/ur_bringup/lib/ur_bringup/start_ursim.sh
[2.182s] -- Installing: /home/farhan/Universal_robot_arm/install/ur_bringup/share/ament_index/resource_index/package_run_dependencies/ur_bringup
[2.182s] -- Installing: /home/farhan/Universal_robot_arm/install/ur_bringup/share/ament_index/resource_index/parent_prefix_path/ur_bringup
[2.182s] -- Installing: /home/farhan/Universal_robot_arm/install/ur_bringup/share/ur_bringup/environment/ament_prefix_path.sh
[2.188s] -- Installing: /home/farhan/Universal_robot_arm/install/ur_bringup/share/ur_bringup/environment/ament_prefix_path.dsv
[2.188s] -- Installing: /home/farhan/Universal_robot_arm/install/ur_bringup/share/ur_bringup/environment/path.sh
[2.188s] -- Installing: /home/farhan/Universal_robot_arm/install/ur_bringup/share/ur_bringup/environment/path.dsv
[2.188s] -- Installing: /home/farhan/Universal_robot_arm/install/ur_bringup/share/ur_bringup/local_setup.bash
[2.189s] -- Installing: /home/farhan/Universal_robot_arm/install/ur_bringup/share/ur_bringup/local_setup.sh
[2.190s] -- Installing: /home/farhan/Universal_robot_arm/install/ur_bringup/share/ur_bringup/local_setup.zsh
[2.190s] -- Installing: /home/farhan/Universal_robot_arm/install/ur_bringup/share/ur_bringup/local_setup.dsv
[2.194s] -- Installing: /home/farhan/Universal_robot_arm/install/ur_bringup/share/ur_bringup/package.dsv
[2.195s] -- Installing: /home/farhan/Universal_robot_arm/install/ur_bringup/share/ament_index/resource_index/packages/ur_bringup
[2.195s] -- Installing: /home/farhan/Universal_robot_arm/install/ur_bringup/share/ur_bringup/cmake/ur_bringupConfig.cmake
[2.195s] -- Installing: /home/farhan/Universal_robot_arm/install/ur_bringup/share/ur_bringup/cmake/ur_bringupConfig-version.cmake
[2.195s] -- Installing: /home/farhan/Universal_robot_arm/install/ur_bringup/share/ur_bringup/package.xml
[2.195s] Invoked command in '/home/farhan/Universal_robot_arm/build/ur_bringup' returned '0': AMENT_PREFIX_PATH=/home/farhan/Universal_robot_arm/install/ur_controllers:/home/farhan/Universal_robot_arm/install/ur_dashboard_msgs:${AMENT_PREFIX_PATH} CMAKE_PREFIX_PATH=/home/farhan/Universal_robot_arm/install/ur_controllers:/home/farhan/Universal_robot_arm/install/ur_dashboard_msgs:/home/farhan/turtlebot3_ws/install/turtlebot3:/home/farhan/turtlebot3_ws/install/turtlebot3_simulations:/home/farhan/turtlebot3_ws/install/turtlebot3_bringup:/home/farhan/turtlebot3_ws/install/turtlebot3_node:/home/farhan/turtlebot3_ws/install/turtlebot3_navigation2:/home/farhan/turtlebot3_ws/install/turtlebot3_fake_node:/home/farhan/turtlebot3_ws/install/turtlebot3_msgs:/home/farhan/turtlebot3_ws/install/turtlebot3_manipulation_gazebo:/home/farhan/turtlebot3_ws/install/turtlebot3_gazebo:/home/farhan/turtlebot3_ws/install/turtlebot3_description:/home/farhan/turtlebot3_ws/install/turtlebot3_cartographer:/home/farhan/turtlebot3_ws/install/dynamixel_sdk_examples:/home/farhan/turtlebot3_ws/install/dynamixel_sdk_custom_interfaces:/home/farhan/turtlebot3_ws/install/dynamixel_sdk:/home/farhan/turtlebot3_ws/install/turtlebot3_teleop:/home/farhan/turtlebot3_ws/install/turtlebot3_example:/opt/ros/humble LD_LIBRARY_PATH=/home/farhan/Universal_robot_arm/install/ur_controllers/lib:/home/farhan/Universal_robot_arm/install/ur_dashboard_msgs/lib:/home/farhan/turtlebot3_ws/install/turtlebot3_msgs/lib:/home/farhan/turtlebot3_ws/install/dynamixel_sdk_custom_interfaces/lib:/home/farhan/turtlebot3_ws/install/dynamixel_sdk/lib:/usr/lib/x86_64-linux-gnu/gazebo-11/plugins:/opt/ros/humble/opt/rviz_ogre_vendor/lib:/opt/ros/humble/lib/x86_64-linux-gnu:/opt/ros/humble/lib:/usr/lib/x86_64-linux-gnu/gazebo-11/plugins:/usr/lib/x86_64-linux-gnu/gazebo-11/plugins:/usr/lib/x86_64-linux-gnu/gazebo-11/plugins:/usr/lib/x86_64-linux-gnu/gazebo-11/plugins:/usr/lib/x86_64-linux-gnu/gazebo-11/plugins:/usr/lib/x86_64-linux-gnu/gazebo-11/plugins:/usr/lib/x86_64-linux-gnu/gazebo-11/plugins:/usr/lib/x86_64-linux-gnu/gazebo-11/plugins:/usr/lib/x86_64-linux-gnu/gazebo-11/plugins:/usr/lib/x86_64-linux-gnu/gazebo-11/plugins PYTHONPATH=/home/farhan/Universal_robot_arm/install/ur_dashboard_msgs/local/lib/python3.10/dist-packages:${PYTHONPATH} /usr/bin/cmake --install /home/farhan/Universal_robot_arm/build/ur_bringup
