[0.318s] DEBUG:colcon:Command line arguments: ['/usr/bin/colcon', 'build', '--packages-select', 'ur_simulation_gazebo', '--cmake-args', '-DCMAKE_BUILD_TYPE=Release']
[0.318s] DEBUG:colcon:Parsed command line arguments: Namespace(log_base=None, log_level=None, verb_name='build', build_base='build', install_base='install', merge_install=False, symlink_install=False, test_result_base=None, continue_on_error=False, executor='parallel', parallel_workers=4, event_handlers=None, ignore_user_meta=False, metas=['./colcon.meta'], base_paths=['.'], packages_ignore=None, packages_ignore_regex=None, paths=None, packages_up_to=None, packages_up_to_regex=None, packages_above=None, packages_above_and_dependencies=None, packages_above_depth=None, packages_select_by_dep=None, packages_skip_by_dep=None, packages_skip_up_to=None, packages_select_build_failed=False, packages_skip_build_finished=False, packages_select_test_failures=False, packages_skip_test_passed=False, packages_select=['ur_simulation_gazebo'], packages_skip=None, packages_select_regex=None, packages_skip_regex=None, packages_start=None, packages_end=None, allow_overriding=[], cmake_args=['-DCMAKE_BUILD_TYPE=Release'], cmake_target=None, cmake_target_skip_unavailable=False, cmake_clean_cache=False, cmake_clean_first=False, cmake_force_configure=False, ament_cmake_args=None, catkin_cmake_args=None, catkin_skip_building_tests=False, mixin_files=None, mixin=None, verb_parser=<colcon_mixin.mixin.mixin_argument.MixinArgumentDecorator object at 0x7098d008ad10>, verb_extension=<colcon_core.verb.build.BuildVerb object at 0x7098d008a350>, main=<bound method BuildVerb.main of <colcon_core.verb.build.BuildVerb object at 0x7098d008a350>>, mixin_verb=('build',))
[1.014s] Level 1:colcon.colcon_core.package_discovery:discover_packages(colcon_meta) check parameters
[1.014s] Level 1:colcon.colcon_core.package_discovery:discover_packages(recursive) check parameters
[1.014s] Level 1:colcon.colcon_core.package_discovery:discover_packages(ignore) check parameters
[1.015s] Level 1:colcon.colcon_core.package_discovery:discover_packages(path) check parameters
[1.015s] Level 1:colcon.colcon_core.package_discovery:discover_packages(colcon_meta) discover
[1.015s] Level 1:colcon.colcon_core.package_discovery:discover_packages(recursive) discover
[1.015s] INFO:colcon.colcon_core.package_discovery:Crawling recursively for packages in '/home/farhan/Universal_robot_arm'
[1.015s] Level 1:colcon.colcon_core.package_identification:_identify(.) by extensions ['ignore', 'ignore_ament_install']
[1.016s] Level 1:colcon.colcon_core.package_identification:_identify(.) by extension 'ignore'
[1.016s] Level 1:colcon.colcon_core.package_identification:_identify(.) by extension 'ignore_ament_install'
[1.017s] Level 1:colcon.colcon_core.package_identification:_identify(.) by extensions ['colcon_pkg']
[1.017s] Level 1:colcon.colcon_core.package_identification:_identify(.) by extension 'colcon_pkg'
[1.017s] Level 1:colcon.colcon_core.package_identification:_identify(.) by extensions ['colcon_meta']
[1.017s] Level 1:colcon.colcon_core.package_identification:_identify(.) by extension 'colcon_meta'
[1.017s] Level 1:colcon.colcon_core.package_identification:_identify(.) by extensions ['ros']
[1.017s] Level 1:colcon.colcon_core.package_identification:_identify(.) by extension 'ros'
[1.054s] Level 1:colcon.colcon_core.package_identification:_identify(.) by extensions ['cmake', 'python']
[1.054s] Level 1:colcon.colcon_core.package_identification:_identify(.) by extension 'cmake'
[1.054s] Level 1:colcon.colcon_core.package_identification:_identify(.) by extension 'python'
[1.054s] Level 1:colcon.colcon_core.package_identification:_identify(.) by extensions ['python_setup_py']
[1.054s] Level 1:colcon.colcon_core.package_identification:_identify(.) by extension 'python_setup_py'
[1.054s] Level 1:colcon.colcon_core.package_identification:_identify(build) by extensions ['ignore', 'ignore_ament_install']
[1.054s] Level 1:colcon.colcon_core.package_identification:_identify(build) by extension 'ignore'
[1.054s] Level 1:colcon.colcon_core.package_identification:_identify(build) ignored
[1.055s] Level 1:colcon.colcon_core.package_identification:_identify(install) by extensions ['ignore', 'ignore_ament_install']
[1.055s] Level 1:colcon.colcon_core.package_identification:_identify(install) by extension 'ignore'
[1.055s] Level 1:colcon.colcon_core.package_identification:_identify(install) ignored
[1.055s] Level 1:colcon.colcon_core.package_identification:_identify(log) by extensions ['ignore', 'ignore_ament_install']
[1.055s] Level 1:colcon.colcon_core.package_identification:_identify(log) by extension 'ignore'
[1.055s] Level 1:colcon.colcon_core.package_identification:_identify(log) ignored
[1.056s] Level 1:colcon.colcon_core.package_identification:_identify(src) by extensions ['ignore', 'ignore_ament_install']
[1.056s] Level 1:colcon.colcon_core.package_identification:_identify(src) by extension 'ignore'
[1.056s] Level 1:colcon.colcon_core.package_identification:_identify(src) by extension 'ignore_ament_install'
[1.056s] Level 1:colcon.colcon_core.package_identification:_identify(src) by extensions ['colcon_pkg']
[1.056s] Level 1:colcon.colcon_core.package_identification:_identify(src) by extension 'colcon_pkg'
[1.056s] Level 1:colcon.colcon_core.package_identification:_identify(src) by extensions ['colcon_meta']
[1.056s] Level 1:colcon.colcon_core.package_identification:_identify(src) by extension 'colcon_meta'
[1.056s] Level 1:colcon.colcon_core.package_identification:_identify(src) by extensions ['ros']
[1.056s] Level 1:colcon.colcon_core.package_identification:_identify(src) by extension 'ros'
[1.057s] Level 1:colcon.colcon_core.package_identification:_identify(src) by extensions ['cmake', 'python']
[1.057s] Level 1:colcon.colcon_core.package_identification:_identify(src) by extension 'cmake'
[1.057s] Level 1:colcon.colcon_core.package_identification:_identify(src) by extension 'python'
[1.057s] Level 1:colcon.colcon_core.package_identification:_identify(src) by extensions ['python_setup_py']
[1.057s] Level 1:colcon.colcon_core.package_identification:_identify(src) by extension 'python_setup_py'
[1.065s] Level 1:colcon.colcon_core.package_identification:_identify(src/Universal_Robots_ROS2_Driver) by extensions ['ignore', 'ignore_ament_install']
[1.066s] Level 1:colcon.colcon_core.package_identification:_identify(src/Universal_Robots_ROS2_Driver) by extension 'ignore'
[1.066s] Level 1:colcon.colcon_core.package_identification:_identify(src/Universal_Robots_ROS2_Driver) by extension 'ignore_ament_install'
[1.066s] Level 1:colcon.colcon_core.package_identification:_identify(src/Universal_Robots_ROS2_Driver) by extensions ['colcon_pkg']
[1.066s] Level 1:colcon.colcon_core.package_identification:_identify(src/Universal_Robots_ROS2_Driver) by extension 'colcon_pkg'
[1.066s] Level 1:colcon.colcon_core.package_identification:_identify(src/Universal_Robots_ROS2_Driver) by extensions ['colcon_meta']
[1.066s] Level 1:colcon.colcon_core.package_identification:_identify(src/Universal_Robots_ROS2_Driver) by extension 'colcon_meta'
[1.067s] Level 1:colcon.colcon_core.package_identification:_identify(src/Universal_Robots_ROS2_Driver) by extensions ['ros']
[1.067s] Level 1:colcon.colcon_core.package_identification:_identify(src/Universal_Robots_ROS2_Driver) by extension 'ros'
[1.067s] Level 1:colcon.colcon_core.package_identification:_identify(src/Universal_Robots_ROS2_Driver) by extensions ['cmake', 'python']
[1.067s] Level 1:colcon.colcon_core.package_identification:_identify(src/Universal_Robots_ROS2_Driver) by extension 'cmake'
[1.067s] Level 1:colcon.colcon_core.package_identification:_identify(src/Universal_Robots_ROS2_Driver) by extension 'python'
[1.067s] Level 1:colcon.colcon_core.package_identification:_identify(src/Universal_Robots_ROS2_Driver) by extensions ['python_setup_py']
[1.068s] Level 1:colcon.colcon_core.package_identification:_identify(src/Universal_Robots_ROS2_Driver) by extension 'python_setup_py'
[1.068s] Level 1:colcon.colcon_core.package_identification:_identify(src/Universal_Robots_ROS2_Driver/ur) by extensions ['ignore', 'ignore_ament_install']
[1.068s] Level 1:colcon.colcon_core.package_identification:_identify(src/Universal_Robots_ROS2_Driver/ur) by extension 'ignore'
[1.068s] Level 1:colcon.colcon_core.package_identification:_identify(src/Universal_Robots_ROS2_Driver/ur) by extension 'ignore_ament_install'
[1.068s] Level 1:colcon.colcon_core.package_identification:_identify(src/Universal_Robots_ROS2_Driver/ur) by extensions ['colcon_pkg']
[1.068s] Level 1:colcon.colcon_core.package_identification:_identify(src/Universal_Robots_ROS2_Driver/ur) by extension 'colcon_pkg'
[1.068s] Level 1:colcon.colcon_core.package_identification:_identify(src/Universal_Robots_ROS2_Driver/ur) by extensions ['colcon_meta']
[1.068s] Level 1:colcon.colcon_core.package_identification:_identify(src/Universal_Robots_ROS2_Driver/ur) by extension 'colcon_meta'
[1.069s] Level 1:colcon.colcon_core.package_identification:_identify(src/Universal_Robots_ROS2_Driver/ur) by extensions ['ros']
[1.069s] Level 1:colcon.colcon_core.package_identification:_identify(src/Universal_Robots_ROS2_Driver/ur) by extension 'ros'
[1.073s] DEBUG:colcon.colcon_core.package_identification:Package 'src/Universal_Robots_ROS2_Driver/ur' with type 'ros.ament_cmake' and name 'ur'
[1.077s] Level 1:colcon.colcon_core.package_identification:_identify(src/Universal_Robots_ROS2_Driver/ur_bringup) by extensions ['ignore', 'ignore_ament_install']
[1.078s] Level 1:colcon.colcon_core.package_identification:_identify(src/Universal_Robots_ROS2_Driver/ur_bringup) by extension 'ignore'
[1.078s] Level 1:colcon.colcon_core.package_identification:_identify(src/Universal_Robots_ROS2_Driver/ur_bringup) by extension 'ignore_ament_install'
[1.078s] Level 1:colcon.colcon_core.package_identification:_identify(src/Universal_Robots_ROS2_Driver/ur_bringup) by extensions ['colcon_pkg']
[1.078s] Level 1:colcon.colcon_core.package_identification:_identify(src/Universal_Robots_ROS2_Driver/ur_bringup) by extension 'colcon_pkg'
[1.079s] Level 1:colcon.colcon_core.package_identification:_identify(src/Universal_Robots_ROS2_Driver/ur_bringup) by extensions ['colcon_meta']
[1.079s] Level 1:colcon.colcon_core.package_identification:_identify(src/Universal_Robots_ROS2_Driver/ur_bringup) by extension 'colcon_meta'
[1.079s] Level 1:colcon.colcon_core.package_identification:_identify(src/Universal_Robots_ROS2_Driver/ur_bringup) by extensions ['ros']
[1.079s] Level 1:colcon.colcon_core.package_identification:_identify(src/Universal_Robots_ROS2_Driver/ur_bringup) by extension 'ros'
[1.083s] DEBUG:colcon.colcon_core.package_identification:Package 'src/Universal_Robots_ROS2_Driver/ur_bringup' with type 'ros.ament_cmake' and name 'ur_bringup'
[1.084s] Level 1:colcon.colcon_core.package_identification:_identify(src/Universal_Robots_ROS2_Driver/ur_calibration) by extensions ['ignore', 'ignore_ament_install']
[1.084s] Level 1:colcon.colcon_core.package_identification:_identify(src/Universal_Robots_ROS2_Driver/ur_calibration) by extension 'ignore'
[1.084s] Level 1:colcon.colcon_core.package_identification:_identify(src/Universal_Robots_ROS2_Driver/ur_calibration) by extension 'ignore_ament_install'
[1.084s] Level 1:colcon.colcon_core.package_identification:_identify(src/Universal_Robots_ROS2_Driver/ur_calibration) by extensions ['colcon_pkg']
[1.084s] Level 1:colcon.colcon_core.package_identification:_identify(src/Universal_Robots_ROS2_Driver/ur_calibration) by extension 'colcon_pkg'
[1.084s] Level 1:colcon.colcon_core.package_identification:_identify(src/Universal_Robots_ROS2_Driver/ur_calibration) by extensions ['colcon_meta']
[1.084s] Level 1:colcon.colcon_core.package_identification:_identify(src/Universal_Robots_ROS2_Driver/ur_calibration) by extension 'colcon_meta'
[1.085s] Level 1:colcon.colcon_core.package_identification:_identify(src/Universal_Robots_ROS2_Driver/ur_calibration) by extensions ['ros']
[1.085s] Level 1:colcon.colcon_core.package_identification:_identify(src/Universal_Robots_ROS2_Driver/ur_calibration) by extension 'ros'
[1.088s] DEBUG:colcon.colcon_core.package_identification:Package 'src/Universal_Robots_ROS2_Driver/ur_calibration' with type 'ros.ament_cmake' and name 'ur_calibration'
[1.088s] Level 1:colcon.colcon_core.package_identification:_identify(src/Universal_Robots_ROS2_Driver/ur_controllers) by extensions ['ignore', 'ignore_ament_install']
[1.088s] Level 1:colcon.colcon_core.package_identification:_identify(src/Universal_Robots_ROS2_Driver/ur_controllers) by extension 'ignore'
[1.088s] Level 1:colcon.colcon_core.package_identification:_identify(src/Universal_Robots_ROS2_Driver/ur_controllers) by extension 'ignore_ament_install'
[1.088s] Level 1:colcon.colcon_core.package_identification:_identify(src/Universal_Robots_ROS2_Driver/ur_controllers) by extensions ['colcon_pkg']
[1.088s] Level 1:colcon.colcon_core.package_identification:_identify(src/Universal_Robots_ROS2_Driver/ur_controllers) by extension 'colcon_pkg'
[1.089s] Level 1:colcon.colcon_core.package_identification:_identify(src/Universal_Robots_ROS2_Driver/ur_controllers) by extensions ['colcon_meta']
[1.089s] Level 1:colcon.colcon_core.package_identification:_identify(src/Universal_Robots_ROS2_Driver/ur_controllers) by extension 'colcon_meta'
[1.089s] Level 1:colcon.colcon_core.package_identification:_identify(src/Universal_Robots_ROS2_Driver/ur_controllers) by extensions ['ros']
[1.089s] Level 1:colcon.colcon_core.package_identification:_identify(src/Universal_Robots_ROS2_Driver/ur_controllers) by extension 'ros'
[1.095s] DEBUG:colcon.colcon_core.package_identification:Package 'src/Universal_Robots_ROS2_Driver/ur_controllers' with type 'ros.ament_cmake' and name 'ur_controllers'
[1.103s] Level 1:colcon.colcon_core.package_identification:_identify(src/Universal_Robots_ROS2_Driver/ur_dashboard_msgs) by extensions ['ignore', 'ignore_ament_install']
[1.103s] Level 1:colcon.colcon_core.package_identification:_identify(src/Universal_Robots_ROS2_Driver/ur_dashboard_msgs) by extension 'ignore'
[1.103s] Level 1:colcon.colcon_core.package_identification:_identify(src/Universal_Robots_ROS2_Driver/ur_dashboard_msgs) by extension 'ignore_ament_install'
[1.104s] Level 1:colcon.colcon_core.package_identification:_identify(src/Universal_Robots_ROS2_Driver/ur_dashboard_msgs) by extensions ['colcon_pkg']
[1.104s] Level 1:colcon.colcon_core.package_identification:_identify(src/Universal_Robots_ROS2_Driver/ur_dashboard_msgs) by extension 'colcon_pkg'
[1.104s] Level 1:colcon.colcon_core.package_identification:_identify(src/Universal_Robots_ROS2_Driver/ur_dashboard_msgs) by extensions ['colcon_meta']
[1.104s] Level 1:colcon.colcon_core.package_identification:_identify(src/Universal_Robots_ROS2_Driver/ur_dashboard_msgs) by extension 'colcon_meta'
[1.104s] Level 1:colcon.colcon_core.package_identification:_identify(src/Universal_Robots_ROS2_Driver/ur_dashboard_msgs) by extensions ['ros']
[1.105s] Level 1:colcon.colcon_core.package_identification:_identify(src/Universal_Robots_ROS2_Driver/ur_dashboard_msgs) by extension 'ros'
[1.110s] DEBUG:colcon.colcon_core.package_identification:Package 'src/Universal_Robots_ROS2_Driver/ur_dashboard_msgs' with type 'ros.ament_cmake' and name 'ur_dashboard_msgs'
[1.111s] Level 1:colcon.colcon_core.package_identification:_identify(src/Universal_Robots_ROS2_Driver/ur_moveit_config) by extensions ['ignore', 'ignore_ament_install']
[1.111s] Level 1:colcon.colcon_core.package_identification:_identify(src/Universal_Robots_ROS2_Driver/ur_moveit_config) by extension 'ignore'
[1.111s] Level 1:colcon.colcon_core.package_identification:_identify(src/Universal_Robots_ROS2_Driver/ur_moveit_config) by extension 'ignore_ament_install'
[1.111s] Level 1:colcon.colcon_core.package_identification:_identify(src/Universal_Robots_ROS2_Driver/ur_moveit_config) by extensions ['colcon_pkg']
[1.111s] Level 1:colcon.colcon_core.package_identification:_identify(src/Universal_Robots_ROS2_Driver/ur_moveit_config) by extension 'colcon_pkg'
[1.111s] Level 1:colcon.colcon_core.package_identification:_identify(src/Universal_Robots_ROS2_Driver/ur_moveit_config) by extensions ['colcon_meta']
[1.112s] Level 1:colcon.colcon_core.package_identification:_identify(src/Universal_Robots_ROS2_Driver/ur_moveit_config) by extension 'colcon_meta'
[1.112s] Level 1:colcon.colcon_core.package_identification:_identify(src/Universal_Robots_ROS2_Driver/ur_moveit_config) by extensions ['ros']
[1.112s] Level 1:colcon.colcon_core.package_identification:_identify(src/Universal_Robots_ROS2_Driver/ur_moveit_config) by extension 'ros'
[1.117s] DEBUG:colcon.colcon_core.package_identification:Package 'src/Universal_Robots_ROS2_Driver/ur_moveit_config' with type 'ros.ament_cmake' and name 'ur_moveit_config'
[1.117s] Level 1:colcon.colcon_core.package_identification:_identify(src/Universal_Robots_ROS2_Driver/ur_robot_driver) by extensions ['ignore', 'ignore_ament_install']
[1.117s] Level 1:colcon.colcon_core.package_identification:_identify(src/Universal_Robots_ROS2_Driver/ur_robot_driver) by extension 'ignore'
[1.118s] Level 1:colcon.colcon_core.package_identification:_identify(src/Universal_Robots_ROS2_Driver/ur_robot_driver) by extension 'ignore_ament_install'
[1.118s] Level 1:colcon.colcon_core.package_identification:_identify(src/Universal_Robots_ROS2_Driver/ur_robot_driver) by extensions ['colcon_pkg']
[1.119s] Level 1:colcon.colcon_core.package_identification:_identify(src/Universal_Robots_ROS2_Driver/ur_robot_driver) by extension 'colcon_pkg'
[1.119s] Level 1:colcon.colcon_core.package_identification:_identify(src/Universal_Robots_ROS2_Driver/ur_robot_driver) by extensions ['colcon_meta']
[1.120s] Level 1:colcon.colcon_core.package_identification:_identify(src/Universal_Robots_ROS2_Driver/ur_robot_driver) by extension 'colcon_meta'
[1.120s] Level 1:colcon.colcon_core.package_identification:_identify(src/Universal_Robots_ROS2_Driver/ur_robot_driver) by extensions ['ros']
[1.120s] Level 1:colcon.colcon_core.package_identification:_identify(src/Universal_Robots_ROS2_Driver/ur_robot_driver) by extension 'ros'
[1.125s] DEBUG:colcon.colcon_core.package_identification:Package 'src/Universal_Robots_ROS2_Driver/ur_robot_driver' with type 'ros.ament_cmake' and name 'ur_robot_driver'
[1.125s] Level 1:colcon.colcon_core.package_identification:_identify(src/Universal_Robots_ROS2_Gazebo_Simulation) by extensions ['ignore', 'ignore_ament_install']
[1.125s] Level 1:colcon.colcon_core.package_identification:_identify(src/Universal_Robots_ROS2_Gazebo_Simulation) by extension 'ignore'
[1.125s] Level 1:colcon.colcon_core.package_identification:_identify(src/Universal_Robots_ROS2_Gazebo_Simulation) by extension 'ignore_ament_install'
[1.125s] Level 1:colcon.colcon_core.package_identification:_identify(src/Universal_Robots_ROS2_Gazebo_Simulation) by extensions ['colcon_pkg']
[1.125s] Level 1:colcon.colcon_core.package_identification:_identify(src/Universal_Robots_ROS2_Gazebo_Simulation) by extension 'colcon_pkg'
[1.125s] Level 1:colcon.colcon_core.package_identification:_identify(src/Universal_Robots_ROS2_Gazebo_Simulation) by extensions ['colcon_meta']
[1.126s] Level 1:colcon.colcon_core.package_identification:_identify(src/Universal_Robots_ROS2_Gazebo_Simulation) by extension 'colcon_meta'
[1.126s] Level 1:colcon.colcon_core.package_identification:_identify(src/Universal_Robots_ROS2_Gazebo_Simulation) by extensions ['ros']
[1.126s] Level 1:colcon.colcon_core.package_identification:_identify(src/Universal_Robots_ROS2_Gazebo_Simulation) by extension 'ros'
[1.126s] Level 1:colcon.colcon_core.package_identification:_identify(src/Universal_Robots_ROS2_Gazebo_Simulation) by extensions ['cmake', 'python']
[1.126s] Level 1:colcon.colcon_core.package_identification:_identify(src/Universal_Robots_ROS2_Gazebo_Simulation) by extension 'cmake'
[1.126s] Level 1:colcon.colcon_core.package_identification:_identify(src/Universal_Robots_ROS2_Gazebo_Simulation) by extension 'python'
[1.126s] Level 1:colcon.colcon_core.package_identification:_identify(src/Universal_Robots_ROS2_Gazebo_Simulation) by extensions ['python_setup_py']
[1.126s] Level 1:colcon.colcon_core.package_identification:_identify(src/Universal_Robots_ROS2_Gazebo_Simulation) by extension 'python_setup_py'
[1.126s] Level 1:colcon.colcon_core.package_identification:_identify(src/Universal_Robots_ROS2_Gazebo_Simulation/ur_simulation_gazebo) by extensions ['ignore', 'ignore_ament_install']
[1.126s] Level 1:colcon.colcon_core.package_identification:_identify(src/Universal_Robots_ROS2_Gazebo_Simulation/ur_simulation_gazebo) by extension 'ignore'
[1.126s] Level 1:colcon.colcon_core.package_identification:_identify(src/Universal_Robots_ROS2_Gazebo_Simulation/ur_simulation_gazebo) by extension 'ignore_ament_install'
[1.127s] Level 1:colcon.colcon_core.package_identification:_identify(src/Universal_Robots_ROS2_Gazebo_Simulation/ur_simulation_gazebo) by extensions ['colcon_pkg']
[1.127s] Level 1:colcon.colcon_core.package_identification:_identify(src/Universal_Robots_ROS2_Gazebo_Simulation/ur_simulation_gazebo) by extension 'colcon_pkg'
[1.127s] Level 1:colcon.colcon_core.package_identification:_identify(src/Universal_Robots_ROS2_Gazebo_Simulation/ur_simulation_gazebo) by extensions ['colcon_meta']
[1.127s] Level 1:colcon.colcon_core.package_identification:_identify(src/Universal_Robots_ROS2_Gazebo_Simulation/ur_simulation_gazebo) by extension 'colcon_meta'
[1.127s] Level 1:colcon.colcon_core.package_identification:_identify(src/Universal_Robots_ROS2_Gazebo_Simulation/ur_simulation_gazebo) by extensions ['ros']
[1.127s] Level 1:colcon.colcon_core.package_identification:_identify(src/Universal_Robots_ROS2_Gazebo_Simulation/ur_simulation_gazebo) by extension 'ros'
[1.130s] DEBUG:colcon.colcon_core.package_identification:Package 'src/Universal_Robots_ROS2_Gazebo_Simulation/ur_simulation_gazebo' with type 'ros.ament_cmake' and name 'ur_simulation_gazebo'
[1.130s] Level 1:colcon.colcon_core.package_discovery:discover_packages(recursive) using defaults
[1.131s] Level 1:colcon.colcon_core.package_discovery:discover_packages(ignore) discover
[1.131s] Level 1:colcon.colcon_core.package_discovery:discover_packages(ignore) using defaults
[1.131s] Level 1:colcon.colcon_core.package_discovery:discover_packages(path) discover
[1.131s] Level 1:colcon.colcon_core.package_discovery:discover_packages(path) using defaults
[1.252s] INFO:colcon.colcon_core.package_selection:Skipping not selected package 'ur_dashboard_msgs' in 'src/Universal_Robots_ROS2_Driver/ur_dashboard_msgs'
[1.252s] INFO:colcon.colcon_core.package_selection:Skipping not selected package 'ur_moveit_config' in 'src/Universal_Robots_ROS2_Driver/ur_moveit_config'
[1.252s] INFO:colcon.colcon_core.package_selection:Skipping not selected package 'ur_controllers' in 'src/Universal_Robots_ROS2_Driver/ur_controllers'
[1.252s] INFO:colcon.colcon_core.package_selection:Skipping not selected package 'ur_bringup' in 'src/Universal_Robots_ROS2_Driver/ur_bringup'
[1.252s] INFO:colcon.colcon_core.package_selection:Skipping not selected package 'ur_robot_driver' in 'src/Universal_Robots_ROS2_Driver/ur_robot_driver'
[1.252s] INFO:colcon.colcon_core.package_selection:Skipping not selected package 'ur_calibration' in 'src/Universal_Robots_ROS2_Driver/ur_calibration'
[1.252s] INFO:colcon.colcon_core.package_selection:Skipping not selected package 'ur' in 'src/Universal_Robots_ROS2_Driver/ur'
[1.255s] Level 1:colcon.colcon_core.package_discovery:discover_packages(prefix_path) check parameters
[1.255s] Level 1:colcon.colcon_core.package_discovery:discover_packages(prefix_path) discover
[1.299s] DEBUG:colcon.colcon_installed_package_information.package_discovery:Found 8 installed packages in /home/farhan/Universal_robot_arm/install
[1.308s] DEBUG:colcon.colcon_installed_package_information.package_discovery:Found 16 installed packages in /home/farhan/turtlebot3_ws/install
[1.330s] DEBUG:colcon.colcon_installed_package_information.package_discovery:Found 495 installed packages in /opt/ros/humble
[1.355s] Level 1:colcon.colcon_core.package_discovery:discover_packages(prefix_path) using defaults
[1.678s] Level 5:colcon.colcon_core.verb:set package 'ur_simulation_gazebo' build argument 'cmake_args' from command line to '['-DCMAKE_BUILD_TYPE=Release']'
[1.678s] Level 5:colcon.colcon_core.verb:set package 'ur_simulation_gazebo' build argument 'cmake_target' from command line to 'None'
[1.678s] Level 5:colcon.colcon_core.verb:set package 'ur_simulation_gazebo' build argument 'cmake_target_skip_unavailable' from command line to 'False'
[1.678s] Level 5:colcon.colcon_core.verb:set package 'ur_simulation_gazebo' build argument 'cmake_clean_cache' from command line to 'False'
[1.678s] Level 5:colcon.colcon_core.verb:set package 'ur_simulation_gazebo' build argument 'cmake_clean_first' from command line to 'False'
[1.678s] Level 5:colcon.colcon_core.verb:set package 'ur_simulation_gazebo' build argument 'cmake_force_configure' from command line to 'False'
[1.678s] Level 5:colcon.colcon_core.verb:set package 'ur_simulation_gazebo' build argument 'ament_cmake_args' from command line to 'None'
[1.678s] Level 5:colcon.colcon_core.verb:set package 'ur_simulation_gazebo' build argument 'catkin_cmake_args' from command line to 'None'
[1.678s] Level 5:colcon.colcon_core.verb:set package 'ur_simulation_gazebo' build argument 'catkin_skip_building_tests' from command line to 'False'
[1.678s] DEBUG:colcon.colcon_core.verb:Building package 'ur_simulation_gazebo' with the following arguments: {'ament_cmake_args': None, 'build_base': '/home/farhan/Universal_robot_arm/build/ur_simulation_gazebo', 'catkin_cmake_args': None, 'catkin_skip_building_tests': False, 'cmake_args': ['-DCMAKE_BUILD_TYPE=Release'], 'cmake_clean_cache': False, 'cmake_clean_first': False, 'cmake_force_configure': False, 'cmake_target': None, 'cmake_target_skip_unavailable': False, 'install_base': '/home/farhan/Universal_robot_arm/install/ur_simulation_gazebo', 'merge_install': False, 'path': '/home/farhan/Universal_robot_arm/src/Universal_Robots_ROS2_Gazebo_Simulation/ur_simulation_gazebo', 'symlink_install': False, 'test_result_base': None}
[1.679s] INFO:colcon.colcon_core.executor:Executing jobs using 'parallel' executor
[1.680s] DEBUG:colcon.colcon_parallel_executor.executor.parallel:run_until_complete
[1.681s] INFO:colcon.colcon_ros.task.ament_cmake.build:Building ROS package in '/home/farhan/Universal_robot_arm/src/Universal_Robots_ROS2_Gazebo_Simulation/ur_simulation_gazebo' with build type 'ament_cmake'
[1.681s] INFO:colcon.colcon_cmake.task.cmake.build:Building CMake package in '/home/farhan/Universal_robot_arm/src/Universal_Robots_ROS2_Gazebo_Simulation/ur_simulation_gazebo'
[1.727s] INFO:colcon.colcon_core.plugin_system:Skipping extension 'colcon_core.shell.bat': Not used on non-Windows systems
[1.728s] INFO:colcon.colcon_core.shell:Skip shell extension 'powershell' for command environment: Not usable outside of PowerShell
[1.729s] DEBUG:colcon.colcon_core.shell:Skip shell extension 'dsv' for command environment
[1.910s] DEBUG:colcon.colcon_core.event_handler.log_command:Invoking command in '/home/farhan/Universal_robot_arm/build/ur_simulation_gazebo': CMAKE_PREFIX_PATH=/home/farhan/Universal_robot_arm/install/ur_controllers:/home/farhan/Universal_robot_arm/install/ur_moveit_config:/home/farhan/Universal_robot_arm/install/ur_dashboard_msgs:/home/farhan/Universal_robot_arm/install/ur:/home/farhan/Universal_robot_arm/install/ur_calibration:/home/farhan/Universal_robot_arm/install/ur_robot_driver:/home/farhan/Universal_robot_arm/install/ur_bringup:/home/farhan/turtlebot3_ws/install/turtlebot3:/home/farhan/turtlebot3_ws/install/turtlebot3_simulations:/home/farhan/turtlebot3_ws/install/turtlebot3_bringup:/home/farhan/turtlebot3_ws/install/turtlebot3_node:/home/farhan/turtlebot3_ws/install/turtlebot3_navigation2:/home/farhan/turtlebot3_ws/install/turtlebot3_fake_node:/home/farhan/turtlebot3_ws/install/turtlebot3_msgs:/home/farhan/turtlebot3_ws/install/turtlebot3_manipulation_gazebo:/home/farhan/turtlebot3_ws/install/turtlebot3_gazebo:/home/farhan/turtlebot3_ws/install/turtlebot3_description:/home/farhan/turtlebot3_ws/install/turtlebot3_cartographer:/home/farhan/turtlebot3_ws/install/dynamixel_sdk_examples:/home/farhan/turtlebot3_ws/install/dynamixel_sdk_custom_interfaces:/home/farhan/turtlebot3_ws/install/dynamixel_sdk:/home/farhan/turtlebot3_ws/install/turtlebot3_teleop:/home/farhan/turtlebot3_ws/install/turtlebot3_example:/opt/ros/humble LD_LIBRARY_PATH=/home/farhan/Universal_robot_arm/install/ur_controllers/lib:/home/farhan/Universal_robot_arm/install/ur_dashboard_msgs/lib:/home/farhan/Universal_robot_arm/install/ur_robot_driver/lib:/home/farhan/turtlebot3_ws/install/turtlebot3_msgs/lib:/home/farhan/turtlebot3_ws/install/dynamixel_sdk_custom_interfaces/lib:/home/farhan/turtlebot3_ws/install/dynamixel_sdk/lib:/usr/lib/x86_64-linux-gnu/gazebo-11/plugins:/opt/ros/humble/opt/rviz_ogre_vendor/lib:/opt/ros/humble/lib/x86_64-linux-gnu:/opt/ros/humble/lib:/usr/lib/x86_64-linux-gnu/gazebo-11/plugins:/usr/lib/x86_64-linux-gnu/gazebo-11/plugins:/usr/lib/x86_64-linux-gnu/gazebo-11/plugins:/usr/lib/x86_64-linux-gnu/gazebo-11/plugins:/usr/lib/x86_64-linux-gnu/gazebo-11/plugins:/usr/lib/x86_64-linux-gnu/gazebo-11/plugins:/usr/lib/x86_64-linux-gnu/gazebo-11/plugins:/usr/lib/x86_64-linux-gnu/gazebo-11/plugins:/usr/lib/x86_64-linux-gnu/gazebo-11/plugins:/usr/lib/x86_64-linux-gnu/gazebo-11/plugins /usr/bin/cmake --build /home/farhan/Universal_robot_arm/build/ur_simulation_gazebo -- -j4 -l4
[2.064s] DEBUG:colcon.colcon_core.event_handler.log_command:Invoked command in '/home/farhan/Universal_robot_arm/build/ur_simulation_gazebo' returned '0': CMAKE_PREFIX_PATH=/home/farhan/Universal_robot_arm/install/ur_controllers:/home/farhan/Universal_robot_arm/install/ur_moveit_config:/home/farhan/Universal_robot_arm/install/ur_dashboard_msgs:/home/farhan/Universal_robot_arm/install/ur:/home/farhan/Universal_robot_arm/install/ur_calibration:/home/farhan/Universal_robot_arm/install/ur_robot_driver:/home/farhan/Universal_robot_arm/install/ur_bringup:/home/farhan/turtlebot3_ws/install/turtlebot3:/home/farhan/turtlebot3_ws/install/turtlebot3_simulations:/home/farhan/turtlebot3_ws/install/turtlebot3_bringup:/home/farhan/turtlebot3_ws/install/turtlebot3_node:/home/farhan/turtlebot3_ws/install/turtlebot3_navigation2:/home/farhan/turtlebot3_ws/install/turtlebot3_fake_node:/home/farhan/turtlebot3_ws/install/turtlebot3_msgs:/home/farhan/turtlebot3_ws/install/turtlebot3_manipulation_gazebo:/home/farhan/turtlebot3_ws/install/turtlebot3_gazebo:/home/farhan/turtlebot3_ws/install/turtlebot3_description:/home/farhan/turtlebot3_ws/install/turtlebot3_cartographer:/home/farhan/turtlebot3_ws/install/dynamixel_sdk_examples:/home/farhan/turtlebot3_ws/install/dynamixel_sdk_custom_interfaces:/home/farhan/turtlebot3_ws/install/dynamixel_sdk:/home/farhan/turtlebot3_ws/install/turtlebot3_teleop:/home/farhan/turtlebot3_ws/install/turtlebot3_example:/opt/ros/humble LD_LIBRARY_PATH=/home/farhan/Universal_robot_arm/install/ur_controllers/lib:/home/farhan/Universal_robot_arm/install/ur_dashboard_msgs/lib:/home/farhan/Universal_robot_arm/install/ur_robot_driver/lib:/home/farhan/turtlebot3_ws/install/turtlebot3_msgs/lib:/home/farhan/turtlebot3_ws/install/dynamixel_sdk_custom_interfaces/lib:/home/farhan/turtlebot3_ws/install/dynamixel_sdk/lib:/usr/lib/x86_64-linux-gnu/gazebo-11/plugins:/opt/ros/humble/opt/rviz_ogre_vendor/lib:/opt/ros/humble/lib/x86_64-linux-gnu:/opt/ros/humble/lib:/usr/lib/x86_64-linux-gnu/gazebo-11/plugins:/usr/lib/x86_64-linux-gnu/gazebo-11/plugins:/usr/lib/x86_64-linux-gnu/gazebo-11/plugins:/usr/lib/x86_64-linux-gnu/gazebo-11/plugins:/usr/lib/x86_64-linux-gnu/gazebo-11/plugins:/usr/lib/x86_64-linux-gnu/gazebo-11/plugins:/usr/lib/x86_64-linux-gnu/gazebo-11/plugins:/usr/lib/x86_64-linux-gnu/gazebo-11/plugins:/usr/lib/x86_64-linux-gnu/gazebo-11/plugins:/usr/lib/x86_64-linux-gnu/gazebo-11/plugins /usr/bin/cmake --build /home/farhan/Universal_robot_arm/build/ur_simulation_gazebo -- -j4 -l4
[2.086s] DEBUG:colcon.colcon_core.event_handler.log_command:Invoking command in '/home/farhan/Universal_robot_arm/build/ur_simulation_gazebo': CMAKE_PREFIX_PATH=/home/farhan/Universal_robot_arm/install/ur_controllers:/home/farhan/Universal_robot_arm/install/ur_moveit_config:/home/farhan/Universal_robot_arm/install/ur_dashboard_msgs:/home/farhan/Universal_robot_arm/install/ur:/home/farhan/Universal_robot_arm/install/ur_calibration:/home/farhan/Universal_robot_arm/install/ur_robot_driver:/home/farhan/Universal_robot_arm/install/ur_bringup:/home/farhan/turtlebot3_ws/install/turtlebot3:/home/farhan/turtlebot3_ws/install/turtlebot3_simulations:/home/farhan/turtlebot3_ws/install/turtlebot3_bringup:/home/farhan/turtlebot3_ws/install/turtlebot3_node:/home/farhan/turtlebot3_ws/install/turtlebot3_navigation2:/home/farhan/turtlebot3_ws/install/turtlebot3_fake_node:/home/farhan/turtlebot3_ws/install/turtlebot3_msgs:/home/farhan/turtlebot3_ws/install/turtlebot3_manipulation_gazebo:/home/farhan/turtlebot3_ws/install/turtlebot3_gazebo:/home/farhan/turtlebot3_ws/install/turtlebot3_description:/home/farhan/turtlebot3_ws/install/turtlebot3_cartographer:/home/farhan/turtlebot3_ws/install/dynamixel_sdk_examples:/home/farhan/turtlebot3_ws/install/dynamixel_sdk_custom_interfaces:/home/farhan/turtlebot3_ws/install/dynamixel_sdk:/home/farhan/turtlebot3_ws/install/turtlebot3_teleop:/home/farhan/turtlebot3_ws/install/turtlebot3_example:/opt/ros/humble LD_LIBRARY_PATH=/home/farhan/Universal_robot_arm/install/ur_controllers/lib:/home/farhan/Universal_robot_arm/install/ur_dashboard_msgs/lib:/home/farhan/Universal_robot_arm/install/ur_robot_driver/lib:/home/farhan/turtlebot3_ws/install/turtlebot3_msgs/lib:/home/farhan/turtlebot3_ws/install/dynamixel_sdk_custom_interfaces/lib:/home/farhan/turtlebot3_ws/install/dynamixel_sdk/lib:/usr/lib/x86_64-linux-gnu/gazebo-11/plugins:/opt/ros/humble/opt/rviz_ogre_vendor/lib:/opt/ros/humble/lib/x86_64-linux-gnu:/opt/ros/humble/lib:/usr/lib/x86_64-linux-gnu/gazebo-11/plugins:/usr/lib/x86_64-linux-gnu/gazebo-11/plugins:/usr/lib/x86_64-linux-gnu/gazebo-11/plugins:/usr/lib/x86_64-linux-gnu/gazebo-11/plugins:/usr/lib/x86_64-linux-gnu/gazebo-11/plugins:/usr/lib/x86_64-linux-gnu/gazebo-11/plugins:/usr/lib/x86_64-linux-gnu/gazebo-11/plugins:/usr/lib/x86_64-linux-gnu/gazebo-11/plugins:/usr/lib/x86_64-linux-gnu/gazebo-11/plugins:/usr/lib/x86_64-linux-gnu/gazebo-11/plugins /usr/bin/cmake --install /home/farhan/Universal_robot_arm/build/ur_simulation_gazebo
[2.111s] Level 1:colcon.colcon_core.environment:create_environment_scripts_only(ur_simulation_gazebo)
[2.114s] DEBUG:colcon.colcon_core.event_handler.log_command:Invoked command in '/home/farhan/Universal_robot_arm/build/ur_simulation_gazebo' returned '0': CMAKE_PREFIX_PATH=/home/farhan/Universal_robot_arm/install/ur_controllers:/home/farhan/Universal_robot_arm/install/ur_moveit_config:/home/farhan/Universal_robot_arm/install/ur_dashboard_msgs:/home/farhan/Universal_robot_arm/install/ur:/home/farhan/Universal_robot_arm/install/ur_calibration:/home/farhan/Universal_robot_arm/install/ur_robot_driver:/home/farhan/Universal_robot_arm/install/ur_bringup:/home/farhan/turtlebot3_ws/install/turtlebot3:/home/farhan/turtlebot3_ws/install/turtlebot3_simulations:/home/farhan/turtlebot3_ws/install/turtlebot3_bringup:/home/farhan/turtlebot3_ws/install/turtlebot3_node:/home/farhan/turtlebot3_ws/install/turtlebot3_navigation2:/home/farhan/turtlebot3_ws/install/turtlebot3_fake_node:/home/farhan/turtlebot3_ws/install/turtlebot3_msgs:/home/farhan/turtlebot3_ws/install/turtlebot3_manipulation_gazebo:/home/farhan/turtlebot3_ws/install/turtlebot3_gazebo:/home/farhan/turtlebot3_ws/install/turtlebot3_description:/home/farhan/turtlebot3_ws/install/turtlebot3_cartographer:/home/farhan/turtlebot3_ws/install/dynamixel_sdk_examples:/home/farhan/turtlebot3_ws/install/dynamixel_sdk_custom_interfaces:/home/farhan/turtlebot3_ws/install/dynamixel_sdk:/home/farhan/turtlebot3_ws/install/turtlebot3_teleop:/home/farhan/turtlebot3_ws/install/turtlebot3_example:/opt/ros/humble LD_LIBRARY_PATH=/home/farhan/Universal_robot_arm/install/ur_controllers/lib:/home/farhan/Universal_robot_arm/install/ur_dashboard_msgs/lib:/home/farhan/Universal_robot_arm/install/ur_robot_driver/lib:/home/farhan/turtlebot3_ws/install/turtlebot3_msgs/lib:/home/farhan/turtlebot3_ws/install/dynamixel_sdk_custom_interfaces/lib:/home/farhan/turtlebot3_ws/install/dynamixel_sdk/lib:/usr/lib/x86_64-linux-gnu/gazebo-11/plugins:/opt/ros/humble/opt/rviz_ogre_vendor/lib:/opt/ros/humble/lib/x86_64-linux-gnu:/opt/ros/humble/lib:/usr/lib/x86_64-linux-gnu/gazebo-11/plugins:/usr/lib/x86_64-linux-gnu/gazebo-11/plugins:/usr/lib/x86_64-linux-gnu/gazebo-11/plugins:/usr/lib/x86_64-linux-gnu/gazebo-11/plugins:/usr/lib/x86_64-linux-gnu/gazebo-11/plugins:/usr/lib/x86_64-linux-gnu/gazebo-11/plugins:/usr/lib/x86_64-linux-gnu/gazebo-11/plugins:/usr/lib/x86_64-linux-gnu/gazebo-11/plugins:/usr/lib/x86_64-linux-gnu/gazebo-11/plugins:/usr/lib/x86_64-linux-gnu/gazebo-11/plugins /usr/bin/cmake --install /home/farhan/Universal_robot_arm/build/ur_simulation_gazebo
[2.124s] Level 1:colcon.colcon_core.environment:checking '/home/farhan/Universal_robot_arm/install/ur_simulation_gazebo' for CMake module files
[2.125s] Level 1:colcon.colcon_core.environment:checking '/home/farhan/Universal_robot_arm/install/ur_simulation_gazebo' for CMake config files
[2.127s] Level 1:colcon.colcon_core.shell:create_environment_hook('ur_simulation_gazebo', 'cmake_prefix_path')
[2.127s] INFO:colcon.colcon_core.shell:Creating environment hook '/home/farhan/Universal_robot_arm/install/ur_simulation_gazebo/share/ur_simulation_gazebo/hook/cmake_prefix_path.ps1'
[2.131s] INFO:colcon.colcon_core.shell:Creating environment descriptor '/home/farhan/Universal_robot_arm/install/ur_simulation_gazebo/share/ur_simulation_gazebo/hook/cmake_prefix_path.dsv'
[2.136s] INFO:colcon.colcon_core.shell:Creating environment hook '/home/farhan/Universal_robot_arm/install/ur_simulation_gazebo/share/ur_simulation_gazebo/hook/cmake_prefix_path.sh'
[2.139s] Level 1:colcon.colcon_core.environment:checking '/home/farhan/Universal_robot_arm/install/ur_simulation_gazebo/bin'
[2.139s] Level 1:colcon.colcon_core.environment:checking '/home/farhan/Universal_robot_arm/install/ur_simulation_gazebo/lib/pkgconfig/ur_simulation_gazebo.pc'
[2.140s] Level 1:colcon.colcon_core.environment:checking '/home/farhan/Universal_robot_arm/install/ur_simulation_gazebo/lib/python3.10/site-packages'
[2.140s] Level 1:colcon.colcon_core.environment:checking '/home/farhan/Universal_robot_arm/install/ur_simulation_gazebo/bin'
[2.140s] INFO:colcon.colcon_core.shell:Creating package script '/home/farhan/Universal_robot_arm/install/ur_simulation_gazebo/share/ur_simulation_gazebo/package.ps1'
[2.143s] INFO:colcon.colcon_core.shell:Creating package descriptor '/home/farhan/Universal_robot_arm/install/ur_simulation_gazebo/share/ur_simulation_gazebo/package.dsv'
[2.144s] INFO:colcon.colcon_core.shell:Creating package script '/home/farhan/Universal_robot_arm/install/ur_simulation_gazebo/share/ur_simulation_gazebo/package.sh'
[2.146s] INFO:colcon.colcon_core.shell:Creating package script '/home/farhan/Universal_robot_arm/install/ur_simulation_gazebo/share/ur_simulation_gazebo/package.bash'
[2.151s] INFO:colcon.colcon_core.shell:Creating package script '/home/farhan/Universal_robot_arm/install/ur_simulation_gazebo/share/ur_simulation_gazebo/package.zsh'
[2.152s] Level 1:colcon.colcon_core.environment:create_file_with_runtime_dependencies(/home/farhan/Universal_robot_arm/install/ur_simulation_gazebo/share/colcon-core/packages/ur_simulation_gazebo)
[2.153s] Level 1:colcon.colcon_core.environment:create_environment_scripts_only(ur_simulation_gazebo)
[2.154s] Level 1:colcon.colcon_core.environment:checking '/home/farhan/Universal_robot_arm/install/ur_simulation_gazebo' for CMake module files
[2.155s] Level 1:colcon.colcon_core.environment:checking '/home/farhan/Universal_robot_arm/install/ur_simulation_gazebo' for CMake config files
[2.155s] Level 1:colcon.colcon_core.shell:create_environment_hook('ur_simulation_gazebo', 'cmake_prefix_path')
[2.156s] INFO:colcon.colcon_core.shell:Creating environment hook '/home/farhan/Universal_robot_arm/install/ur_simulation_gazebo/share/ur_simulation_gazebo/hook/cmake_prefix_path.ps1'
[2.157s] INFO:colcon.colcon_core.shell:Creating environment descriptor '/home/farhan/Universal_robot_arm/install/ur_simulation_gazebo/share/ur_simulation_gazebo/hook/cmake_prefix_path.dsv'
[2.157s] INFO:colcon.colcon_core.shell:Creating environment hook '/home/farhan/Universal_robot_arm/install/ur_simulation_gazebo/share/ur_simulation_gazebo/hook/cmake_prefix_path.sh'
[2.159s] Level 1:colcon.colcon_core.environment:checking '/home/farhan/Universal_robot_arm/install/ur_simulation_gazebo/bin'
[2.159s] Level 1:colcon.colcon_core.environment:checking '/home/farhan/Universal_robot_arm/install/ur_simulation_gazebo/lib/pkgconfig/ur_simulation_gazebo.pc'
[2.159s] Level 1:colcon.colcon_core.environment:checking '/home/farhan/Universal_robot_arm/install/ur_simulation_gazebo/lib/python3.10/site-packages'
[2.160s] Level 1:colcon.colcon_core.environment:checking '/home/farhan/Universal_robot_arm/install/ur_simulation_gazebo/bin'
[2.160s] INFO:colcon.colcon_core.shell:Creating package script '/home/farhan/Universal_robot_arm/install/ur_simulation_gazebo/share/ur_simulation_gazebo/package.ps1'
[2.161s] INFO:colcon.colcon_core.shell:Creating package descriptor '/home/farhan/Universal_robot_arm/install/ur_simulation_gazebo/share/ur_simulation_gazebo/package.dsv'
[2.163s] INFO:colcon.colcon_core.shell:Creating package script '/home/farhan/Universal_robot_arm/install/ur_simulation_gazebo/share/ur_simulation_gazebo/package.sh'
[2.164s] INFO:colcon.colcon_core.shell:Creating package script '/home/farhan/Universal_robot_arm/install/ur_simulation_gazebo/share/ur_simulation_gazebo/package.bash'
[2.165s] INFO:colcon.colcon_core.shell:Creating package script '/home/farhan/Universal_robot_arm/install/ur_simulation_gazebo/share/ur_simulation_gazebo/package.zsh'
[2.167s] Level 1:colcon.colcon_core.environment:create_file_with_runtime_dependencies(/home/farhan/Universal_robot_arm/install/ur_simulation_gazebo/share/colcon-core/packages/ur_simulation_gazebo)
[2.167s] DEBUG:colcon.colcon_parallel_executor.executor.parallel:closing loop
[2.169s] DEBUG:colcon.colcon_parallel_executor.executor.parallel:loop closed
[2.169s] DEBUG:colcon.colcon_parallel_executor.executor.parallel:run_until_complete finished with '0'
[2.169s] DEBUG:colcon.colcon_core.event_reactor:joining thread
[2.192s] INFO:colcon.colcon_core.plugin_system:Skipping extension 'colcon_notification.desktop_notification.terminal_notifier': Not used on non-Darwin systems
[2.192s] INFO:colcon.colcon_core.plugin_system:Skipping extension 'colcon_notification.desktop_notification.win32': Not used on non-Windows systems
[2.192s] INFO:colcon.colcon_notification.desktop_notification:Sending desktop notification using 'notify2'
[2.214s] DEBUG:colcon.colcon_core.event_reactor:joined thread
[2.215s] INFO:colcon.colcon_core.shell:Creating prefix script '/home/farhan/Universal_robot_arm/install/local_setup.ps1'
[2.220s] INFO:colcon.colcon_core.shell:Creating prefix util module '/home/farhan/Universal_robot_arm/install/_local_setup_util_ps1.py'
[2.225s] INFO:colcon.colcon_core.shell:Creating prefix chain script '/home/farhan/Universal_robot_arm/install/setup.ps1'
[2.232s] INFO:colcon.colcon_core.shell:Creating prefix script '/home/farhan/Universal_robot_arm/install/local_setup.sh'
[2.235s] INFO:colcon.colcon_core.shell:Creating prefix util module '/home/farhan/Universal_robot_arm/install/_local_setup_util_sh.py'
[2.238s] INFO:colcon.colcon_core.shell:Creating prefix chain script '/home/farhan/Universal_robot_arm/install/setup.sh'
[2.246s] INFO:colcon.colcon_core.shell:Creating prefix script '/home/farhan/Universal_robot_arm/install/local_setup.bash'
[2.248s] INFO:colcon.colcon_core.shell:Creating prefix chain script '/home/farhan/Universal_robot_arm/install/setup.bash'
[2.256s] INFO:colcon.colcon_core.shell:Creating prefix script '/home/farhan/Universal_robot_arm/install/local_setup.zsh'
[2.257s] INFO:colcon.colcon_core.shell:Creating prefix chain script '/home/farhan/Universal_robot_arm/install/setup.zsh'
