[0.674s] DEBUG:colcon:Command line arguments: ['/usr/bin/colcon', 'build', '--packages-select', 'ur5e_gripper_gazebo', '--symlink-install']
[0.674s] DEBUG:colcon:Parsed command line arguments: Namespace(log_base=None, log_level=None, verb_name='build', build_base='build', install_base='install', merge_install=False, symlink_install=True, test_result_base=None, continue_on_error=False, executor='parallel', parallel_workers=4, event_handlers=None, ignore_user_meta=False, metas=['./colcon.meta'], base_paths=['.'], packages_ignore=None, packages_ignore_regex=None, paths=None, packages_up_to=None, packages_up_to_regex=None, packages_above=None, packages_above_and_dependencies=None, packages_above_depth=None, packages_select_by_dep=None, packages_skip_by_dep=None, packages_skip_up_to=None, packages_select_build_failed=False, packages_skip_build_finished=False, packages_select_test_failures=False, packages_skip_test_passed=False, packages_select=['ur5e_gripper_gazebo'], packages_skip=None, packages_select_regex=None, packages_skip_regex=None, packages_start=None, packages_end=None, allow_overriding=[], cmake_args=None, cmake_target=None, cmake_target_skip_unavailable=False, cmake_clean_cache=False, cmake_clean_first=False, cmake_force_configure=False, ament_cmake_args=None, catkin_cmake_args=None, catkin_skip_building_tests=False, mixin_files=None, mixin=None, verb_parser=<colcon_mixin.mixin.mixin_argument.MixinArgumentDecorator object at 0x7af744d86fe0>, verb_extension=<colcon_core.verb.build.BuildVerb object at 0x7af744d86620>, main=<bound method BuildVerb.main of <colcon_core.verb.build.BuildVerb object at 0x7af744d86620>>, mixin_verb=('build',))
[2.126s] Level 1:colcon.colcon_core.package_discovery:discover_packages(colcon_meta) check parameters
[2.126s] Level 1:colcon.colcon_core.package_discovery:discover_packages(recursive) check parameters
[2.127s] Level 1:colcon.colcon_core.package_discovery:discover_packages(ignore) check parameters
[2.127s] Level 1:colcon.colcon_core.package_discovery:discover_packages(path) check parameters
[2.127s] Level 1:colcon.colcon_core.package_discovery:discover_packages(colcon_meta) discover
[2.127s] Level 1:colcon.colcon_core.package_discovery:discover_packages(recursive) discover
[2.127s] INFO:colcon.colcon_core.package_discovery:Crawling recursively for packages in '/home/farhan/Universal_robot_arm'
[2.127s] Level 1:colcon.colcon_core.package_identification:_identify(.) by extensions ['ignore', 'ignore_ament_install']
[2.128s] Level 1:colcon.colcon_core.package_identification:_identify(.) by extension 'ignore'
[2.128s] Level 1:colcon.colcon_core.package_identification:_identify(.) by extension 'ignore_ament_install'
[2.128s] Level 1:colcon.colcon_core.package_identification:_identify(.) by extensions ['colcon_pkg']
[2.128s] Level 1:colcon.colcon_core.package_identification:_identify(.) by extension 'colcon_pkg'
[2.128s] Level 1:colcon.colcon_core.package_identification:_identify(.) by extensions ['colcon_meta']
[2.128s] Level 1:colcon.colcon_core.package_identification:_identify(.) by extension 'colcon_meta'
[2.128s] Level 1:colcon.colcon_core.package_identification:_identify(.) by extensions ['ros']
[2.128s] Level 1:colcon.colcon_core.package_identification:_identify(.) by extension 'ros'
[2.183s] Level 1:colcon.colcon_core.package_identification:_identify(.) by extensions ['cmake', 'python']
[2.183s] Level 1:colcon.colcon_core.package_identification:_identify(.) by extension 'cmake'
[2.183s] Level 1:colcon.colcon_core.package_identification:_identify(.) by extension 'python'
[2.183s] Level 1:colcon.colcon_core.package_identification:_identify(.) by extensions ['python_setup_py']
[2.184s] Level 1:colcon.colcon_core.package_identification:_identify(.) by extension 'python_setup_py'
[2.184s] Level 1:colcon.colcon_core.package_identification:_identify(build) by extensions ['ignore', 'ignore_ament_install']
[2.184s] Level 1:colcon.colcon_core.package_identification:_identify(build) by extension 'ignore'
[2.184s] Level 1:colcon.colcon_core.package_identification:_identify(build) ignored
[2.185s] Level 1:colcon.colcon_core.package_identification:_identify(install) by extensions ['ignore', 'ignore_ament_install']
[2.185s] Level 1:colcon.colcon_core.package_identification:_identify(install) by extension 'ignore'
[2.185s] Level 1:colcon.colcon_core.package_identification:_identify(install) ignored
[2.186s] Level 1:colcon.colcon_core.package_identification:_identify(log) by extensions ['ignore', 'ignore_ament_install']
[2.186s] Level 1:colcon.colcon_core.package_identification:_identify(log) by extension 'ignore'
[2.186s] Level 1:colcon.colcon_core.package_identification:_identify(log) ignored
[2.186s] Level 1:colcon.colcon_core.package_identification:_identify(src) by extensions ['ignore', 'ignore_ament_install']
[2.186s] Level 1:colcon.colcon_core.package_identification:_identify(src) by extension 'ignore'
[2.186s] Level 1:colcon.colcon_core.package_identification:_identify(src) by extension 'ignore_ament_install'
[2.187s] Level 1:colcon.colcon_core.package_identification:_identify(src) by extensions ['colcon_pkg']
[2.187s] Level 1:colcon.colcon_core.package_identification:_identify(src) by extension 'colcon_pkg'
[2.187s] Level 1:colcon.colcon_core.package_identification:_identify(src) by extensions ['colcon_meta']
[2.187s] Level 1:colcon.colcon_core.package_identification:_identify(src) by extension 'colcon_meta'
[2.187s] Level 1:colcon.colcon_core.package_identification:_identify(src) by extensions ['ros']
[2.187s] Level 1:colcon.colcon_core.package_identification:_identify(src) by extension 'ros'
[2.187s] Level 1:colcon.colcon_core.package_identification:_identify(src) by extensions ['cmake', 'python']
[2.187s] Level 1:colcon.colcon_core.package_identification:_identify(src) by extension 'cmake'
[2.187s] Level 1:colcon.colcon_core.package_identification:_identify(src) by extension 'python'
[2.188s] Level 1:colcon.colcon_core.package_identification:_identify(src) by extensions ['python_setup_py']
[2.188s] Level 1:colcon.colcon_core.package_identification:_identify(src) by extension 'python_setup_py'
[2.188s] Level 1:colcon.colcon_core.package_identification:_identify(src/Universal_Robots_ROS2_Driver) by extensions ['ignore', 'ignore_ament_install']
[2.188s] Level 1:colcon.colcon_core.package_identification:_identify(src/Universal_Robots_ROS2_Driver) by extension 'ignore'
[2.188s] Level 1:colcon.colcon_core.package_identification:_identify(src/Universal_Robots_ROS2_Driver) by extension 'ignore_ament_install'
[2.189s] Level 1:colcon.colcon_core.package_identification:_identify(src/Universal_Robots_ROS2_Driver) by extensions ['colcon_pkg']
[2.189s] Level 1:colcon.colcon_core.package_identification:_identify(src/Universal_Robots_ROS2_Driver) by extension 'colcon_pkg'
[2.189s] Level 1:colcon.colcon_core.package_identification:_identify(src/Universal_Robots_ROS2_Driver) by extensions ['colcon_meta']
[2.189s] Level 1:colcon.colcon_core.package_identification:_identify(src/Universal_Robots_ROS2_Driver) by extension 'colcon_meta'
[2.189s] Level 1:colcon.colcon_core.package_identification:_identify(src/Universal_Robots_ROS2_Driver) by extensions ['ros']
[2.189s] Level 1:colcon.colcon_core.package_identification:_identify(src/Universal_Robots_ROS2_Driver) by extension 'ros'
[2.189s] Level 1:colcon.colcon_core.package_identification:_identify(src/Universal_Robots_ROS2_Driver) by extensions ['cmake', 'python']
[2.189s] Level 1:colcon.colcon_core.package_identification:_identify(src/Universal_Robots_ROS2_Driver) by extension 'cmake'
[2.190s] Level 1:colcon.colcon_core.package_identification:_identify(src/Universal_Robots_ROS2_Driver) by extension 'python'
[2.190s] Level 1:colcon.colcon_core.package_identification:_identify(src/Universal_Robots_ROS2_Driver) by extensions ['python_setup_py']
[2.190s] Level 1:colcon.colcon_core.package_identification:_identify(src/Universal_Robots_ROS2_Driver) by extension 'python_setup_py'
[2.190s] Level 1:colcon.colcon_core.package_identification:_identify(src/Universal_Robots_ROS2_Driver/ur) by extensions ['ignore', 'ignore_ament_install']
[2.191s] Level 1:colcon.colcon_core.package_identification:_identify(src/Universal_Robots_ROS2_Driver/ur) by extension 'ignore'
[2.192s] Level 1:colcon.colcon_core.package_identification:_identify(src/Universal_Robots_ROS2_Driver/ur) by extension 'ignore_ament_install'
[2.193s] Level 1:colcon.colcon_core.package_identification:_identify(src/Universal_Robots_ROS2_Driver/ur) by extensions ['colcon_pkg']
[2.194s] Level 1:colcon.colcon_core.package_identification:_identify(src/Universal_Robots_ROS2_Driver/ur) by extension 'colcon_pkg'
[2.195s] Level 1:colcon.colcon_core.package_identification:_identify(src/Universal_Robots_ROS2_Driver/ur) by extensions ['colcon_meta']
[2.196s] Level 1:colcon.colcon_core.package_identification:_identify(src/Universal_Robots_ROS2_Driver/ur) by extension 'colcon_meta'
[2.198s] Level 1:colcon.colcon_core.package_identification:_identify(src/Universal_Robots_ROS2_Driver/ur) by extensions ['ros']
[2.199s] Level 1:colcon.colcon_core.package_identification:_identify(src/Universal_Robots_ROS2_Driver/ur) by extension 'ros'
[2.208s] DEBUG:colcon.colcon_core.package_identification:Package 'src/Universal_Robots_ROS2_Driver/ur' with type 'ros.ament_cmake' and name 'ur'
[2.208s] Level 1:colcon.colcon_core.package_identification:_identify(src/Universal_Robots_ROS2_Driver/ur_bringup) by extensions ['ignore', 'ignore_ament_install']
[2.209s] Level 1:colcon.colcon_core.package_identification:_identify(src/Universal_Robots_ROS2_Driver/ur_bringup) by extension 'ignore'
[2.209s] Level 1:colcon.colcon_core.package_identification:_identify(src/Universal_Robots_ROS2_Driver/ur_bringup) by extension 'ignore_ament_install'
[2.209s] Level 1:colcon.colcon_core.package_identification:_identify(src/Universal_Robots_ROS2_Driver/ur_bringup) by extensions ['colcon_pkg']
[2.209s] Level 1:colcon.colcon_core.package_identification:_identify(src/Universal_Robots_ROS2_Driver/ur_bringup) by extension 'colcon_pkg'
[2.209s] Level 1:colcon.colcon_core.package_identification:_identify(src/Universal_Robots_ROS2_Driver/ur_bringup) by extensions ['colcon_meta']
[2.210s] Level 1:colcon.colcon_core.package_identification:_identify(src/Universal_Robots_ROS2_Driver/ur_bringup) by extension 'colcon_meta'
[2.210s] Level 1:colcon.colcon_core.package_identification:_identify(src/Universal_Robots_ROS2_Driver/ur_bringup) by extensions ['ros']
[2.210s] Level 1:colcon.colcon_core.package_identification:_identify(src/Universal_Robots_ROS2_Driver/ur_bringup) by extension 'ros'
[2.220s] DEBUG:colcon.colcon_core.package_identification:Package 'src/Universal_Robots_ROS2_Driver/ur_bringup' with type 'ros.ament_cmake' and name 'ur_bringup'
[2.221s] Level 1:colcon.colcon_core.package_identification:_identify(src/Universal_Robots_ROS2_Driver/ur_calibration) by extensions ['ignore', 'ignore_ament_install']
[2.222s] Level 1:colcon.colcon_core.package_identification:_identify(src/Universal_Robots_ROS2_Driver/ur_calibration) by extension 'ignore'
[2.223s] Level 1:colcon.colcon_core.package_identification:_identify(src/Universal_Robots_ROS2_Driver/ur_calibration) by extension 'ignore_ament_install'
[2.223s] Level 1:colcon.colcon_core.package_identification:_identify(src/Universal_Robots_ROS2_Driver/ur_calibration) by extensions ['colcon_pkg']
[2.224s] Level 1:colcon.colcon_core.package_identification:_identify(src/Universal_Robots_ROS2_Driver/ur_calibration) by extension 'colcon_pkg'
[2.224s] Level 1:colcon.colcon_core.package_identification:_identify(src/Universal_Robots_ROS2_Driver/ur_calibration) by extensions ['colcon_meta']
[2.224s] Level 1:colcon.colcon_core.package_identification:_identify(src/Universal_Robots_ROS2_Driver/ur_calibration) by extension 'colcon_meta'
[2.224s] Level 1:colcon.colcon_core.package_identification:_identify(src/Universal_Robots_ROS2_Driver/ur_calibration) by extensions ['ros']
[2.224s] Level 1:colcon.colcon_core.package_identification:_identify(src/Universal_Robots_ROS2_Driver/ur_calibration) by extension 'ros'
[2.228s] DEBUG:colcon.colcon_core.package_identification:Package 'src/Universal_Robots_ROS2_Driver/ur_calibration' with type 'ros.ament_cmake' and name 'ur_calibration'
[2.228s] Level 1:colcon.colcon_core.package_identification:_identify(src/Universal_Robots_ROS2_Driver/ur_controllers) by extensions ['ignore', 'ignore_ament_install']
[2.229s] Level 1:colcon.colcon_core.package_identification:_identify(src/Universal_Robots_ROS2_Driver/ur_controllers) by extension 'ignore'
[2.229s] Level 1:colcon.colcon_core.package_identification:_identify(src/Universal_Robots_ROS2_Driver/ur_controllers) by extension 'ignore_ament_install'
[2.229s] Level 1:colcon.colcon_core.package_identification:_identify(src/Universal_Robots_ROS2_Driver/ur_controllers) by extensions ['colcon_pkg']
[2.229s] Level 1:colcon.colcon_core.package_identification:_identify(src/Universal_Robots_ROS2_Driver/ur_controllers) by extension 'colcon_pkg'
[2.229s] Level 1:colcon.colcon_core.package_identification:_identify(src/Universal_Robots_ROS2_Driver/ur_controllers) by extensions ['colcon_meta']
[2.229s] Level 1:colcon.colcon_core.package_identification:_identify(src/Universal_Robots_ROS2_Driver/ur_controllers) by extension 'colcon_meta'
[2.231s] Level 1:colcon.colcon_core.package_identification:_identify(src/Universal_Robots_ROS2_Driver/ur_controllers) by extensions ['ros']
[2.231s] Level 1:colcon.colcon_core.package_identification:_identify(src/Universal_Robots_ROS2_Driver/ur_controllers) by extension 'ros'
[2.244s] DEBUG:colcon.colcon_core.package_identification:Package 'src/Universal_Robots_ROS2_Driver/ur_controllers' with type 'ros.ament_cmake' and name 'ur_controllers'
[2.245s] Level 1:colcon.colcon_core.package_identification:_identify(src/Universal_Robots_ROS2_Driver/ur_dashboard_msgs) by extensions ['ignore', 'ignore_ament_install']
[2.245s] Level 1:colcon.colcon_core.package_identification:_identify(src/Universal_Robots_ROS2_Driver/ur_dashboard_msgs) by extension 'ignore'
[2.245s] Level 1:colcon.colcon_core.package_identification:_identify(src/Universal_Robots_ROS2_Driver/ur_dashboard_msgs) by extension 'ignore_ament_install'
[2.245s] Level 1:colcon.colcon_core.package_identification:_identify(src/Universal_Robots_ROS2_Driver/ur_dashboard_msgs) by extensions ['colcon_pkg']
[2.246s] Level 1:colcon.colcon_core.package_identification:_identify(src/Universal_Robots_ROS2_Driver/ur_dashboard_msgs) by extension 'colcon_pkg'
[2.246s] Level 1:colcon.colcon_core.package_identification:_identify(src/Universal_Robots_ROS2_Driver/ur_dashboard_msgs) by extensions ['colcon_meta']
[2.246s] Level 1:colcon.colcon_core.package_identification:_identify(src/Universal_Robots_ROS2_Driver/ur_dashboard_msgs) by extension 'colcon_meta'
[2.246s] Level 1:colcon.colcon_core.package_identification:_identify(src/Universal_Robots_ROS2_Driver/ur_dashboard_msgs) by extensions ['ros']
[2.246s] Level 1:colcon.colcon_core.package_identification:_identify(src/Universal_Robots_ROS2_Driver/ur_dashboard_msgs) by extension 'ros'
[2.249s] DEBUG:colcon.colcon_core.package_identification:Package 'src/Universal_Robots_ROS2_Driver/ur_dashboard_msgs' with type 'ros.ament_cmake' and name 'ur_dashboard_msgs'
[2.250s] Level 1:colcon.colcon_core.package_identification:_identify(src/Universal_Robots_ROS2_Driver/ur_moveit_config) by extensions ['ignore', 'ignore_ament_install']
[2.250s] Level 1:colcon.colcon_core.package_identification:_identify(src/Universal_Robots_ROS2_Driver/ur_moveit_config) by extension 'ignore'
[2.250s] Level 1:colcon.colcon_core.package_identification:_identify(src/Universal_Robots_ROS2_Driver/ur_moveit_config) by extension 'ignore_ament_install'
[2.250s] Level 1:colcon.colcon_core.package_identification:_identify(src/Universal_Robots_ROS2_Driver/ur_moveit_config) by extensions ['colcon_pkg']
[2.250s] Level 1:colcon.colcon_core.package_identification:_identify(src/Universal_Robots_ROS2_Driver/ur_moveit_config) by extension 'colcon_pkg'
[2.250s] Level 1:colcon.colcon_core.package_identification:_identify(src/Universal_Robots_ROS2_Driver/ur_moveit_config) by extensions ['colcon_meta']
[2.250s] Level 1:colcon.colcon_core.package_identification:_identify(src/Universal_Robots_ROS2_Driver/ur_moveit_config) by extension 'colcon_meta'
[2.251s] Level 1:colcon.colcon_core.package_identification:_identify(src/Universal_Robots_ROS2_Driver/ur_moveit_config) by extensions ['ros']
[2.251s] Level 1:colcon.colcon_core.package_identification:_identify(src/Universal_Robots_ROS2_Driver/ur_moveit_config) by extension 'ros'
[2.253s] DEBUG:colcon.colcon_core.package_identification:Package 'src/Universal_Robots_ROS2_Driver/ur_moveit_config' with type 'ros.ament_cmake' and name 'ur_moveit_config'
[2.254s] Level 1:colcon.colcon_core.package_identification:_identify(src/Universal_Robots_ROS2_Driver/ur_robot_driver) by extensions ['ignore', 'ignore_ament_install']
[2.254s] Level 1:colcon.colcon_core.package_identification:_identify(src/Universal_Robots_ROS2_Driver/ur_robot_driver) by extension 'ignore'
[2.256s] Level 1:colcon.colcon_core.package_identification:_identify(src/Universal_Robots_ROS2_Driver/ur_robot_driver) by extension 'ignore_ament_install'
[2.257s] Level 1:colcon.colcon_core.package_identification:_identify(src/Universal_Robots_ROS2_Driver/ur_robot_driver) by extensions ['colcon_pkg']
[2.257s] Level 1:colcon.colcon_core.package_identification:_identify(src/Universal_Robots_ROS2_Driver/ur_robot_driver) by extension 'colcon_pkg'
[2.258s] Level 1:colcon.colcon_core.package_identification:_identify(src/Universal_Robots_ROS2_Driver/ur_robot_driver) by extensions ['colcon_meta']
[2.258s] Level 1:colcon.colcon_core.package_identification:_identify(src/Universal_Robots_ROS2_Driver/ur_robot_driver) by extension 'colcon_meta'
[2.259s] Level 1:colcon.colcon_core.package_identification:_identify(src/Universal_Robots_ROS2_Driver/ur_robot_driver) by extensions ['ros']
[2.259s] Level 1:colcon.colcon_core.package_identification:_identify(src/Universal_Robots_ROS2_Driver/ur_robot_driver) by extension 'ros'
[2.276s] DEBUG:colcon.colcon_core.package_identification:Package 'src/Universal_Robots_ROS2_Driver/ur_robot_driver' with type 'ros.ament_cmake' and name 'ur_robot_driver'
[2.277s] Level 1:colcon.colcon_core.package_identification:_identify(src/Universal_Robots_ROS2_Gazebo_Simulation) by extensions ['ignore', 'ignore_ament_install']
[2.277s] Level 1:colcon.colcon_core.package_identification:_identify(src/Universal_Robots_ROS2_Gazebo_Simulation) by extension 'ignore'
[2.278s] Level 1:colcon.colcon_core.package_identification:_identify(src/Universal_Robots_ROS2_Gazebo_Simulation) by extension 'ignore_ament_install'
[2.278s] Level 1:colcon.colcon_core.package_identification:_identify(src/Universal_Robots_ROS2_Gazebo_Simulation) by extensions ['colcon_pkg']
[2.278s] Level 1:colcon.colcon_core.package_identification:_identify(src/Universal_Robots_ROS2_Gazebo_Simulation) by extension 'colcon_pkg'
[2.278s] Level 1:colcon.colcon_core.package_identification:_identify(src/Universal_Robots_ROS2_Gazebo_Simulation) by extensions ['colcon_meta']
[2.278s] Level 1:colcon.colcon_core.package_identification:_identify(src/Universal_Robots_ROS2_Gazebo_Simulation) by extension 'colcon_meta'
[2.278s] Level 1:colcon.colcon_core.package_identification:_identify(src/Universal_Robots_ROS2_Gazebo_Simulation) by extensions ['ros']
[2.278s] Level 1:colcon.colcon_core.package_identification:_identify(src/Universal_Robots_ROS2_Gazebo_Simulation) by extension 'ros'
[2.279s] Level 1:colcon.colcon_core.package_identification:_identify(src/Universal_Robots_ROS2_Gazebo_Simulation) by extensions ['cmake', 'python']
[2.279s] Level 1:colcon.colcon_core.package_identification:_identify(src/Universal_Robots_ROS2_Gazebo_Simulation) by extension 'cmake'
[2.279s] Level 1:colcon.colcon_core.package_identification:_identify(src/Universal_Robots_ROS2_Gazebo_Simulation) by extension 'python'
[2.279s] Level 1:colcon.colcon_core.package_identification:_identify(src/Universal_Robots_ROS2_Gazebo_Simulation) by extensions ['python_setup_py']
[2.279s] Level 1:colcon.colcon_core.package_identification:_identify(src/Universal_Robots_ROS2_Gazebo_Simulation) by extension 'python_setup_py'
[2.280s] Level 1:colcon.colcon_core.package_identification:_identify(src/Universal_Robots_ROS2_Gazebo_Simulation/ur_simulation_gazebo) by extensions ['ignore', 'ignore_ament_install']
[2.280s] Level 1:colcon.colcon_core.package_identification:_identify(src/Universal_Robots_ROS2_Gazebo_Simulation/ur_simulation_gazebo) by extension 'ignore'
[2.280s] Level 1:colcon.colcon_core.package_identification:_identify(src/Universal_Robots_ROS2_Gazebo_Simulation/ur_simulation_gazebo) by extension 'ignore_ament_install'
[2.280s] Level 1:colcon.colcon_core.package_identification:_identify(src/Universal_Robots_ROS2_Gazebo_Simulation/ur_simulation_gazebo) by extensions ['colcon_pkg']
[2.280s] Level 1:colcon.colcon_core.package_identification:_identify(src/Universal_Robots_ROS2_Gazebo_Simulation/ur_simulation_gazebo) by extension 'colcon_pkg'
[2.280s] Level 1:colcon.colcon_core.package_identification:_identify(src/Universal_Robots_ROS2_Gazebo_Simulation/ur_simulation_gazebo) by extensions ['colcon_meta']
[2.281s] Level 1:colcon.colcon_core.package_identification:_identify(src/Universal_Robots_ROS2_Gazebo_Simulation/ur_simulation_gazebo) by extension 'colcon_meta'
[2.281s] Level 1:colcon.colcon_core.package_identification:_identify(src/Universal_Robots_ROS2_Gazebo_Simulation/ur_simulation_gazebo) by extensions ['ros']
[2.281s] Level 1:colcon.colcon_core.package_identification:_identify(src/Universal_Robots_ROS2_Gazebo_Simulation/ur_simulation_gazebo) by extension 'ros'
[2.293s] DEBUG:colcon.colcon_core.package_identification:Package 'src/Universal_Robots_ROS2_Gazebo_Simulation/ur_simulation_gazebo' with type 'ros.ament_cmake' and name 'ur_simulation_gazebo'
[2.294s] Level 1:colcon.colcon_core.package_identification:_identify(src/ros2_robotiq_gripper) by extensions ['ignore', 'ignore_ament_install']
[2.294s] Level 1:colcon.colcon_core.package_identification:_identify(src/ros2_robotiq_gripper) by extension 'ignore'
[2.294s] Level 1:colcon.colcon_core.package_identification:_identify(src/ros2_robotiq_gripper) by extension 'ignore_ament_install'
[2.294s] Level 1:colcon.colcon_core.package_identification:_identify(src/ros2_robotiq_gripper) by extensions ['colcon_pkg']
[2.294s] Level 1:colcon.colcon_core.package_identification:_identify(src/ros2_robotiq_gripper) by extension 'colcon_pkg'
[2.295s] Level 1:colcon.colcon_core.package_identification:_identify(src/ros2_robotiq_gripper) by extensions ['colcon_meta']
[2.295s] Level 1:colcon.colcon_core.package_identification:_identify(src/ros2_robotiq_gripper) by extension 'colcon_meta'
[2.296s] Level 1:colcon.colcon_core.package_identification:_identify(src/ros2_robotiq_gripper) by extensions ['ros']
[2.296s] Level 1:colcon.colcon_core.package_identification:_identify(src/ros2_robotiq_gripper) by extension 'ros'
[2.296s] Level 1:colcon.colcon_core.package_identification:_identify(src/ros2_robotiq_gripper) by extensions ['cmake', 'python']
[2.296s] Level 1:colcon.colcon_core.package_identification:_identify(src/ros2_robotiq_gripper) by extension 'cmake'
[2.297s] Level 1:colcon.colcon_core.package_identification:_identify(src/ros2_robotiq_gripper) by extension 'python'
[2.297s] Level 1:colcon.colcon_core.package_identification:_identify(src/ros2_robotiq_gripper) by extensions ['python_setup_py']
[2.297s] Level 1:colcon.colcon_core.package_identification:_identify(src/ros2_robotiq_gripper) by extension 'python_setup_py'
[2.297s] Level 1:colcon.colcon_core.package_identification:_identify(src/ros2_robotiq_gripper/robotiq_controllers) by extensions ['ignore', 'ignore_ament_install']
[2.297s] Level 1:colcon.colcon_core.package_identification:_identify(src/ros2_robotiq_gripper/robotiq_controllers) by extension 'ignore'
[2.298s] Level 1:colcon.colcon_core.package_identification:_identify(src/ros2_robotiq_gripper/robotiq_controllers) by extension 'ignore_ament_install'
[2.298s] Level 1:colcon.colcon_core.package_identification:_identify(src/ros2_robotiq_gripper/robotiq_controllers) by extensions ['colcon_pkg']
[2.298s] Level 1:colcon.colcon_core.package_identification:_identify(src/ros2_robotiq_gripper/robotiq_controllers) by extension 'colcon_pkg'
[2.298s] Level 1:colcon.colcon_core.package_identification:_identify(src/ros2_robotiq_gripper/robotiq_controllers) by extensions ['colcon_meta']
[2.298s] Level 1:colcon.colcon_core.package_identification:_identify(src/ros2_robotiq_gripper/robotiq_controllers) by extension 'colcon_meta'
[2.298s] Level 1:colcon.colcon_core.package_identification:_identify(src/ros2_robotiq_gripper/robotiq_controllers) by extensions ['ros']
[2.298s] Level 1:colcon.colcon_core.package_identification:_identify(src/ros2_robotiq_gripper/robotiq_controllers) by extension 'ros'
[2.301s] DEBUG:colcon.colcon_core.package_identification:Package 'src/ros2_robotiq_gripper/robotiq_controllers' with type 'ros.ament_cmake' and name 'robotiq_controllers'
[2.301s] Level 1:colcon.colcon_core.package_identification:_identify(src/ros2_robotiq_gripper/robotiq_description) by extensions ['ignore', 'ignore_ament_install']
[2.301s] Level 1:colcon.colcon_core.package_identification:_identify(src/ros2_robotiq_gripper/robotiq_description) by extension 'ignore'
[2.301s] Level 1:colcon.colcon_core.package_identification:_identify(src/ros2_robotiq_gripper/robotiq_description) by extension 'ignore_ament_install'
[2.302s] Level 1:colcon.colcon_core.package_identification:_identify(src/ros2_robotiq_gripper/robotiq_description) by extensions ['colcon_pkg']
[2.302s] Level 1:colcon.colcon_core.package_identification:_identify(src/ros2_robotiq_gripper/robotiq_description) by extension 'colcon_pkg'
[2.302s] Level 1:colcon.colcon_core.package_identification:_identify(src/ros2_robotiq_gripper/robotiq_description) by extensions ['colcon_meta']
[2.302s] Level 1:colcon.colcon_core.package_identification:_identify(src/ros2_robotiq_gripper/robotiq_description) by extension 'colcon_meta'
[2.302s] Level 1:colcon.colcon_core.package_identification:_identify(src/ros2_robotiq_gripper/robotiq_description) by extensions ['ros']
[2.302s] Level 1:colcon.colcon_core.package_identification:_identify(src/ros2_robotiq_gripper/robotiq_description) by extension 'ros'
[2.308s] DEBUG:colcon.colcon_core.package_identification:Package 'src/ros2_robotiq_gripper/robotiq_description' with type 'ros.ament_cmake' and name 'robotiq_description'
[2.310s] Level 1:colcon.colcon_core.package_identification:_identify(src/ros2_robotiq_gripper/robotiq_driver) by extensions ['ignore', 'ignore_ament_install']
[2.312s] Level 1:colcon.colcon_core.package_identification:_identify(src/ros2_robotiq_gripper/robotiq_driver) by extension 'ignore'
[2.312s] Level 1:colcon.colcon_core.package_identification:_identify(src/ros2_robotiq_gripper/robotiq_driver) by extension 'ignore_ament_install'
[2.312s] Level 1:colcon.colcon_core.package_identification:_identify(src/ros2_robotiq_gripper/robotiq_driver) by extensions ['colcon_pkg']
[2.312s] Level 1:colcon.colcon_core.package_identification:_identify(src/ros2_robotiq_gripper/robotiq_driver) by extension 'colcon_pkg'
[2.312s] Level 1:colcon.colcon_core.package_identification:_identify(src/ros2_robotiq_gripper/robotiq_driver) by extensions ['colcon_meta']
[2.312s] Level 1:colcon.colcon_core.package_identification:_identify(src/ros2_robotiq_gripper/robotiq_driver) by extension 'colcon_meta'
[2.313s] Level 1:colcon.colcon_core.package_identification:_identify(src/ros2_robotiq_gripper/robotiq_driver) by extensions ['ros']
[2.313s] Level 1:colcon.colcon_core.package_identification:_identify(src/ros2_robotiq_gripper/robotiq_driver) by extension 'ros'
[2.317s] DEBUG:colcon.colcon_core.package_identification:Package 'src/ros2_robotiq_gripper/robotiq_driver' with type 'ros.ament_cmake' and name 'robotiq_driver'
[2.318s] Level 1:colcon.colcon_core.package_identification:_identify(src/ros2_robotiq_gripper/robotiq_hardware_tests) by extensions ['ignore', 'ignore_ament_install']
[2.318s] Level 1:colcon.colcon_core.package_identification:_identify(src/ros2_robotiq_gripper/robotiq_hardware_tests) by extension 'ignore'
[2.318s] Level 1:colcon.colcon_core.package_identification:_identify(src/ros2_robotiq_gripper/robotiq_hardware_tests) by extension 'ignore_ament_install'
[2.319s] Level 1:colcon.colcon_core.package_identification:_identify(src/ros2_robotiq_gripper/robotiq_hardware_tests) by extensions ['colcon_pkg']
[2.319s] Level 1:colcon.colcon_core.package_identification:_identify(src/ros2_robotiq_gripper/robotiq_hardware_tests) by extension 'colcon_pkg'
[2.319s] Level 1:colcon.colcon_core.package_identification:_identify(src/ros2_robotiq_gripper/robotiq_hardware_tests) by extensions ['colcon_meta']
[2.319s] Level 1:colcon.colcon_core.package_identification:_identify(src/ros2_robotiq_gripper/robotiq_hardware_tests) by extension 'colcon_meta'
[2.319s] Level 1:colcon.colcon_core.package_identification:_identify(src/ros2_robotiq_gripper/robotiq_hardware_tests) by extensions ['ros']
[2.319s] Level 1:colcon.colcon_core.package_identification:_identify(src/ros2_robotiq_gripper/robotiq_hardware_tests) by extension 'ros'
[2.322s] DEBUG:colcon.colcon_core.package_identification:Package 'src/ros2_robotiq_gripper/robotiq_hardware_tests' with type 'ros.ament_cmake' and name 'robotiq_hardware_tests'
[2.322s] Level 1:colcon.colcon_core.package_identification:_identify(src/ur5e_gripper_gazebo) by extensions ['ignore', 'ignore_ament_install']
[2.322s] Level 1:colcon.colcon_core.package_identification:_identify(src/ur5e_gripper_gazebo) by extension 'ignore'
[2.322s] Level 1:colcon.colcon_core.package_identification:_identify(src/ur5e_gripper_gazebo) by extension 'ignore_ament_install'
[2.322s] Level 1:colcon.colcon_core.package_identification:_identify(src/ur5e_gripper_gazebo) by extensions ['colcon_pkg']
[2.323s] Level 1:colcon.colcon_core.package_identification:_identify(src/ur5e_gripper_gazebo) by extension 'colcon_pkg'
[2.323s] Level 1:colcon.colcon_core.package_identification:_identify(src/ur5e_gripper_gazebo) by extensions ['colcon_meta']
[2.323s] Level 1:colcon.colcon_core.package_identification:_identify(src/ur5e_gripper_gazebo) by extension 'colcon_meta'
[2.323s] Level 1:colcon.colcon_core.package_identification:_identify(src/ur5e_gripper_gazebo) by extensions ['ros']
[2.323s] Level 1:colcon.colcon_core.package_identification:_identify(src/ur5e_gripper_gazebo) by extension 'ros'
[2.332s] DEBUG:colcon.colcon_core.package_identification:Package 'src/ur5e_gripper_gazebo' with type 'ros.ament_cmake' and name 'ur5e_gripper_gazebo'
[2.334s] Level 1:colcon.colcon_core.package_identification:_identify(src/ur_pick_place) by extensions ['ignore', 'ignore_ament_install']
[2.336s] Level 1:colcon.colcon_core.package_identification:_identify(src/ur_pick_place) by extension 'ignore'
[2.336s] Level 1:colcon.colcon_core.package_identification:_identify(src/ur_pick_place) by extension 'ignore_ament_install'
[2.336s] Level 1:colcon.colcon_core.package_identification:_identify(src/ur_pick_place) by extensions ['colcon_pkg']
[2.336s] Level 1:colcon.colcon_core.package_identification:_identify(src/ur_pick_place) by extension 'colcon_pkg'
[2.336s] Level 1:colcon.colcon_core.package_identification:_identify(src/ur_pick_place) by extensions ['colcon_meta']
[2.336s] Level 1:colcon.colcon_core.package_identification:_identify(src/ur_pick_place) by extension 'colcon_meta'
[2.337s] Level 1:colcon.colcon_core.package_identification:_identify(src/ur_pick_place) by extensions ['ros']
[2.337s] Level 1:colcon.colcon_core.package_identification:_identify(src/ur_pick_place) by extension 'ros'
[2.342s] DEBUG:colcon.colcon_core.package_identification:Package 'src/ur_pick_place' with type 'ros.ament_cmake' and name 'ur_pick_place'
[2.345s] Level 1:colcon.colcon_core.package_discovery:discover_packages(recursive) using defaults
[2.346s] Level 1:colcon.colcon_core.package_discovery:discover_packages(ignore) discover
[2.346s] Level 1:colcon.colcon_core.package_discovery:discover_packages(ignore) using defaults
[2.346s] Level 1:colcon.colcon_core.package_discovery:discover_packages(path) discover
[2.347s] Level 1:colcon.colcon_core.package_discovery:discover_packages(path) using defaults
[2.475s] INFO:colcon.colcon_core.package_selection:Skipping not selected package 'robotiq_controllers' in 'src/ros2_robotiq_gripper/robotiq_controllers'
[2.476s] INFO:colcon.colcon_core.package_selection:Skipping not selected package 'robotiq_description' in 'src/ros2_robotiq_gripper/robotiq_description'
[2.476s] INFO:colcon.colcon_core.package_selection:Skipping not selected package 'robotiq_driver' in 'src/ros2_robotiq_gripper/robotiq_driver'
[2.476s] INFO:colcon.colcon_core.package_selection:Skipping not selected package 'ur_dashboard_msgs' in 'src/Universal_Robots_ROS2_Driver/ur_dashboard_msgs'
[2.477s] INFO:colcon.colcon_core.package_selection:Skipping not selected package 'ur_moveit_config' in 'src/Universal_Robots_ROS2_Driver/ur_moveit_config'
[2.478s] INFO:colcon.colcon_core.package_selection:Skipping not selected package 'robotiq_hardware_tests' in 'src/ros2_robotiq_gripper/robotiq_hardware_tests'
[2.478s] INFO:colcon.colcon_core.package_selection:Skipping not selected package 'ur_controllers' in 'src/Universal_Robots_ROS2_Driver/ur_controllers'
[2.478s] INFO:colcon.colcon_core.package_selection:Skipping not selected package 'ur_pick_place' in 'src/ur_pick_place'
[2.478s] INFO:colcon.colcon_core.package_selection:Skipping not selected package 'ur_bringup' in 'src/Universal_Robots_ROS2_Driver/ur_bringup'
[2.478s] INFO:colcon.colcon_core.package_selection:Skipping not selected package 'ur_robot_driver' in 'src/Universal_Robots_ROS2_Driver/ur_robot_driver'
[2.478s] INFO:colcon.colcon_core.package_selection:Skipping not selected package 'ur_simulation_gazebo' in 'src/Universal_Robots_ROS2_Gazebo_Simulation/ur_simulation_gazebo'
[2.478s] INFO:colcon.colcon_core.package_selection:Skipping not selected package 'ur_calibration' in 'src/Universal_Robots_ROS2_Driver/ur_calibration'
[2.478s] INFO:colcon.colcon_core.package_selection:Skipping not selected package 'ur' in 'src/Universal_Robots_ROS2_Driver/ur'
[2.480s] Level 1:colcon.colcon_core.package_discovery:discover_packages(prefix_path) check parameters
[2.480s] Level 1:colcon.colcon_core.package_discovery:discover_packages(prefix_path) discover
[2.499s] DEBUG:colcon.colcon_installed_package_information.package_discovery:Found 12 installed packages in /home/farhan/Universal_robot_arm/install
[2.502s] DEBUG:colcon.colcon_installed_package_information.package_discovery:Found 16 installed packages in /home/farhan/turtlebot3_ws/install
[2.515s] DEBUG:colcon.colcon_installed_package_information.package_discovery:Found 498 installed packages in /opt/ros/humble
[2.533s] Level 1:colcon.colcon_core.package_discovery:discover_packages(prefix_path) using defaults
[2.972s] Level 5:colcon.colcon_core.verb:set package 'ur5e_gripper_gazebo' build argument 'cmake_args' from command line to 'None'
[2.972s] Level 5:colcon.colcon_core.verb:set package 'ur5e_gripper_gazebo' build argument 'cmake_target' from command line to 'None'
[2.973s] Level 5:colcon.colcon_core.verb:set package 'ur5e_gripper_gazebo' build argument 'cmake_target_skip_unavailable' from command line to 'False'
[2.973s] Level 5:colcon.colcon_core.verb:set package 'ur5e_gripper_gazebo' build argument 'cmake_clean_cache' from command line to 'False'
[2.973s] Level 5:colcon.colcon_core.verb:set package 'ur5e_gripper_gazebo' build argument 'cmake_clean_first' from command line to 'False'
[2.973s] Level 5:colcon.colcon_core.verb:set package 'ur5e_gripper_gazebo' build argument 'cmake_force_configure' from command line to 'False'
[2.973s] Level 5:colcon.colcon_core.verb:set package 'ur5e_gripper_gazebo' build argument 'ament_cmake_args' from command line to 'None'
[2.973s] Level 5:colcon.colcon_core.verb:set package 'ur5e_gripper_gazebo' build argument 'catkin_cmake_args' from command line to 'None'
[2.974s] Level 5:colcon.colcon_core.verb:set package 'ur5e_gripper_gazebo' build argument 'catkin_skip_building_tests' from command line to 'False'
[2.974s] DEBUG:colcon.colcon_core.verb:Building package 'ur5e_gripper_gazebo' with the following arguments: {'ament_cmake_args': None, 'build_base': '/home/farhan/Universal_robot_arm/build/ur5e_gripper_gazebo', 'catkin_cmake_args': None, 'catkin_skip_building_tests': False, 'cmake_args': None, 'cmake_clean_cache': False, 'cmake_clean_first': False, 'cmake_force_configure': False, 'cmake_target': None, 'cmake_target_skip_unavailable': False, 'install_base': '/home/farhan/Universal_robot_arm/install/ur5e_gripper_gazebo', 'merge_install': False, 'path': '/home/farhan/Universal_robot_arm/src/ur5e_gripper_gazebo', 'symlink_install': True, 'test_result_base': None}
[2.975s] INFO:colcon.colcon_core.executor:Executing jobs using 'parallel' executor
[2.985s] DEBUG:colcon.colcon_parallel_executor.executor.parallel:run_until_complete
[2.986s] INFO:colcon.colcon_ros.task.ament_cmake.build:Building ROS package in '/home/farhan/Universal_robot_arm/src/ur5e_gripper_gazebo' with build type 'ament_cmake'
[2.988s] INFO:colcon.colcon_cmake.task.cmake.build:Building CMake package in '/home/farhan/Universal_robot_arm/src/ur5e_gripper_gazebo'
[2.996s] INFO:colcon.colcon_core.plugin_system:Skipping extension 'colcon_core.shell.bat': Not used on non-Windows systems
[2.996s] INFO:colcon.colcon_core.shell:Skip shell extension 'powershell' for command environment: Not usable outside of PowerShell
[2.997s] DEBUG:colcon.colcon_core.shell:Skip shell extension 'dsv' for command environment
[3.077s] DEBUG:colcon.colcon_core.event_handler.log_command:Invoking command in '/home/farhan/Universal_robot_arm/build/ur5e_gripper_gazebo': CMAKE_PREFIX_PATH=/home/farhan/Universal_robot_arm/install/robotiq_description:/home/farhan/Universal_robot_arm/install/ur_simulation_gazebo:/home/farhan/Universal_robot_arm/install/ur:/home/farhan/Universal_robot_arm/install/ur_calibration:/home/farhan/Universal_robot_arm/install/ur_robot_driver:/home/farhan/Universal_robot_arm/install/ur_pick_place:/home/farhan/Universal_robot_arm/install/ur_moveit_config:/home/farhan/Universal_robot_arm/install/ur_bringup:/home/farhan/Universal_robot_arm/install/ur_controllers:/home/farhan/Universal_robot_arm/install/ur_dashboard_msgs:/home/farhan/Universal_robot_arm/install/ur5e_gripper_gazebo:/home/farhan/Universal_robot_arm/install/robotiq_controllers:/home/farhan/turtlebot3_ws/install/turtlebot3:/home/farhan/turtlebot3_ws/install/turtlebot3_simulations:/home/farhan/turtlebot3_ws/install/turtlebot3_bringup:/home/farhan/turtlebot3_ws/install/turtlebot3_node:/home/farhan/turtlebot3_ws/install/turtlebot3_navigation2:/home/farhan/turtlebot3_ws/install/turtlebot3_fake_node:/home/farhan/turtlebot3_ws/install/turtlebot3_msgs:/home/farhan/turtlebot3_ws/install/turtlebot3_manipulation_gazebo:/home/farhan/turtlebot3_ws/install/turtlebot3_gazebo:/home/farhan/turtlebot3_ws/install/turtlebot3_description:/home/farhan/turtlebot3_ws/install/turtlebot3_cartographer:/home/farhan/turtlebot3_ws/install/dynamixel_sdk_examples:/home/farhan/turtlebot3_ws/install/dynamixel_sdk_custom_interfaces:/home/farhan/turtlebot3_ws/install/dynamixel_sdk:/home/farhan/turtlebot3_ws/install/turtlebot3_teleop:/home/farhan/turtlebot3_ws/install/turtlebot3_example:/opt/ros/humble /usr/bin/cmake --build /home/farhan/Universal_robot_arm/build/ur5e_gripper_gazebo -- -j4 -l4
[3.332s] DEBUG:colcon.colcon_core.event_handler.log_command:Invoked command in '/home/farhan/Universal_robot_arm/build/ur5e_gripper_gazebo' returned '0': CMAKE_PREFIX_PATH=/home/farhan/Universal_robot_arm/install/robotiq_description:/home/farhan/Universal_robot_arm/install/ur_simulation_gazebo:/home/farhan/Universal_robot_arm/install/ur:/home/farhan/Universal_robot_arm/install/ur_calibration:/home/farhan/Universal_robot_arm/install/ur_robot_driver:/home/farhan/Universal_robot_arm/install/ur_pick_place:/home/farhan/Universal_robot_arm/install/ur_moveit_config:/home/farhan/Universal_robot_arm/install/ur_bringup:/home/farhan/Universal_robot_arm/install/ur_controllers:/home/farhan/Universal_robot_arm/install/ur_dashboard_msgs:/home/farhan/Universal_robot_arm/install/ur5e_gripper_gazebo:/home/farhan/Universal_robot_arm/install/robotiq_controllers:/home/farhan/turtlebot3_ws/install/turtlebot3:/home/farhan/turtlebot3_ws/install/turtlebot3_simulations:/home/farhan/turtlebot3_ws/install/turtlebot3_bringup:/home/farhan/turtlebot3_ws/install/turtlebot3_node:/home/farhan/turtlebot3_ws/install/turtlebot3_navigation2:/home/farhan/turtlebot3_ws/install/turtlebot3_fake_node:/home/farhan/turtlebot3_ws/install/turtlebot3_msgs:/home/farhan/turtlebot3_ws/install/turtlebot3_manipulation_gazebo:/home/farhan/turtlebot3_ws/install/turtlebot3_gazebo:/home/farhan/turtlebot3_ws/install/turtlebot3_description:/home/farhan/turtlebot3_ws/install/turtlebot3_cartographer:/home/farhan/turtlebot3_ws/install/dynamixel_sdk_examples:/home/farhan/turtlebot3_ws/install/dynamixel_sdk_custom_interfaces:/home/farhan/turtlebot3_ws/install/dynamixel_sdk:/home/farhan/turtlebot3_ws/install/turtlebot3_teleop:/home/farhan/turtlebot3_ws/install/turtlebot3_example:/opt/ros/humble /usr/bin/cmake --build /home/farhan/Universal_robot_arm/build/ur5e_gripper_gazebo -- -j4 -l4
[3.415s] DEBUG:colcon.colcon_core.event_handler.log_command:Invoking command in '/home/farhan/Universal_robot_arm/build/ur5e_gripper_gazebo': CMAKE_PREFIX_PATH=/home/farhan/Universal_robot_arm/install/robotiq_description:/home/farhan/Universal_robot_arm/install/ur_simulation_gazebo:/home/farhan/Universal_robot_arm/install/ur:/home/farhan/Universal_robot_arm/install/ur_calibration:/home/farhan/Universal_robot_arm/install/ur_robot_driver:/home/farhan/Universal_robot_arm/install/ur_pick_place:/home/farhan/Universal_robot_arm/install/ur_moveit_config:/home/farhan/Universal_robot_arm/install/ur_bringup:/home/farhan/Universal_robot_arm/install/ur_controllers:/home/farhan/Universal_robot_arm/install/ur_dashboard_msgs:/home/farhan/Universal_robot_arm/install/ur5e_gripper_gazebo:/home/farhan/Universal_robot_arm/install/robotiq_controllers:/home/farhan/turtlebot3_ws/install/turtlebot3:/home/farhan/turtlebot3_ws/install/turtlebot3_simulations:/home/farhan/turtlebot3_ws/install/turtlebot3_bringup:/home/farhan/turtlebot3_ws/install/turtlebot3_node:/home/farhan/turtlebot3_ws/install/turtlebot3_navigation2:/home/farhan/turtlebot3_ws/install/turtlebot3_fake_node:/home/farhan/turtlebot3_ws/install/turtlebot3_msgs:/home/farhan/turtlebot3_ws/install/turtlebot3_manipulation_gazebo:/home/farhan/turtlebot3_ws/install/turtlebot3_gazebo:/home/farhan/turtlebot3_ws/install/turtlebot3_description:/home/farhan/turtlebot3_ws/install/turtlebot3_cartographer:/home/farhan/turtlebot3_ws/install/dynamixel_sdk_examples:/home/farhan/turtlebot3_ws/install/dynamixel_sdk_custom_interfaces:/home/farhan/turtlebot3_ws/install/dynamixel_sdk:/home/farhan/turtlebot3_ws/install/turtlebot3_teleop:/home/farhan/turtlebot3_ws/install/turtlebot3_example:/opt/ros/humble /usr/bin/cmake --install /home/farhan/Universal_robot_arm/build/ur5e_gripper_gazebo
[3.712s] Level 1:colcon.colcon_core.environment:create_environment_scripts_only(ur5e_gripper_gazebo)
[3.727s] DEBUG:colcon.colcon_core.event_handler.log_command:Invoked command in '/home/farhan/Universal_robot_arm/build/ur5e_gripper_gazebo' returned '0': CMAKE_PREFIX_PATH=/home/farhan/Universal_robot_arm/install/robotiq_description:/home/farhan/Universal_robot_arm/install/ur_simulation_gazebo:/home/farhan/Universal_robot_arm/install/ur:/home/farhan/Universal_robot_arm/install/ur_calibration:/home/farhan/Universal_robot_arm/install/ur_robot_driver:/home/farhan/Universal_robot_arm/install/ur_pick_place:/home/farhan/Universal_robot_arm/install/ur_moveit_config:/home/farhan/Universal_robot_arm/install/ur_bringup:/home/farhan/Universal_robot_arm/install/ur_controllers:/home/farhan/Universal_robot_arm/install/ur_dashboard_msgs:/home/farhan/Universal_robot_arm/install/ur5e_gripper_gazebo:/home/farhan/Universal_robot_arm/install/robotiq_controllers:/home/farhan/turtlebot3_ws/install/turtlebot3:/home/farhan/turtlebot3_ws/install/turtlebot3_simulations:/home/farhan/turtlebot3_ws/install/turtlebot3_bringup:/home/farhan/turtlebot3_ws/install/turtlebot3_node:/home/farhan/turtlebot3_ws/install/turtlebot3_navigation2:/home/farhan/turtlebot3_ws/install/turtlebot3_fake_node:/home/farhan/turtlebot3_ws/install/turtlebot3_msgs:/home/farhan/turtlebot3_ws/install/turtlebot3_manipulation_gazebo:/home/farhan/turtlebot3_ws/install/turtlebot3_gazebo:/home/farhan/turtlebot3_ws/install/turtlebot3_description:/home/farhan/turtlebot3_ws/install/turtlebot3_cartographer:/home/farhan/turtlebot3_ws/install/dynamixel_sdk_examples:/home/farhan/turtlebot3_ws/install/dynamixel_sdk_custom_interfaces:/home/farhan/turtlebot3_ws/install/dynamixel_sdk:/home/farhan/turtlebot3_ws/install/turtlebot3_teleop:/home/farhan/turtlebot3_ws/install/turtlebot3_example:/opt/ros/humble /usr/bin/cmake --install /home/farhan/Universal_robot_arm/build/ur5e_gripper_gazebo
[3.733s] Level 1:colcon.colcon_core.environment:checking '/home/farhan/Universal_robot_arm/install/ur5e_gripper_gazebo' for CMake module files
[3.734s] Level 1:colcon.colcon_core.environment:checking '/home/farhan/Universal_robot_arm/install/ur5e_gripper_gazebo' for CMake config files
[3.735s] Level 1:colcon.colcon_core.shell:create_environment_hook('ur5e_gripper_gazebo', 'cmake_prefix_path')
[3.736s] INFO:colcon.colcon_core.shell:Creating environment hook '/home/farhan/Universal_robot_arm/install/ur5e_gripper_gazebo/share/ur5e_gripper_gazebo/hook/cmake_prefix_path.ps1'
[3.741s] INFO:colcon.colcon_core.shell:Creating environment descriptor '/home/farhan/Universal_robot_arm/install/ur5e_gripper_gazebo/share/ur5e_gripper_gazebo/hook/cmake_prefix_path.dsv'
[3.748s] INFO:colcon.colcon_core.shell:Creating environment hook '/home/farhan/Universal_robot_arm/install/ur5e_gripper_gazebo/share/ur5e_gripper_gazebo/hook/cmake_prefix_path.sh'
[3.759s] Level 1:colcon.colcon_core.environment:checking '/home/farhan/Universal_robot_arm/install/ur5e_gripper_gazebo/bin'
[3.759s] Level 1:colcon.colcon_core.environment:checking '/home/farhan/Universal_robot_arm/install/ur5e_gripper_gazebo/lib/pkgconfig/ur5e_gripper_gazebo.pc'
[3.759s] Level 1:colcon.colcon_core.environment:checking '/home/farhan/Universal_robot_arm/install/ur5e_gripper_gazebo/lib/python3.10/site-packages'
[3.760s] Level 1:colcon.colcon_core.environment:checking '/home/farhan/Universal_robot_arm/install/ur5e_gripper_gazebo/bin'
[3.762s] INFO:colcon.colcon_core.shell:Creating package script '/home/farhan/Universal_robot_arm/install/ur5e_gripper_gazebo/share/ur5e_gripper_gazebo/package.ps1'
[3.765s] INFO:colcon.colcon_core.shell:Creating package descriptor '/home/farhan/Universal_robot_arm/install/ur5e_gripper_gazebo/share/ur5e_gripper_gazebo/package.dsv'
[3.773s] INFO:colcon.colcon_core.shell:Creating package script '/home/farhan/Universal_robot_arm/install/ur5e_gripper_gazebo/share/ur5e_gripper_gazebo/package.sh'
[3.777s] INFO:colcon.colcon_core.shell:Creating package script '/home/farhan/Universal_robot_arm/install/ur5e_gripper_gazebo/share/ur5e_gripper_gazebo/package.bash'
[3.781s] INFO:colcon.colcon_core.shell:Creating package script '/home/farhan/Universal_robot_arm/install/ur5e_gripper_gazebo/share/ur5e_gripper_gazebo/package.zsh'
[3.787s] Level 1:colcon.colcon_core.environment:create_file_with_runtime_dependencies(/home/farhan/Universal_robot_arm/install/ur5e_gripper_gazebo/share/colcon-core/packages/ur5e_gripper_gazebo)
[3.790s] Level 1:colcon.colcon_core.environment:create_environment_scripts_only(ur5e_gripper_gazebo)
[3.791s] Level 1:colcon.colcon_core.environment:checking '/home/farhan/Universal_robot_arm/install/ur5e_gripper_gazebo' for CMake module files
[3.794s] Level 1:colcon.colcon_core.environment:checking '/home/farhan/Universal_robot_arm/install/ur5e_gripper_gazebo' for CMake config files
[3.795s] Level 1:colcon.colcon_core.shell:create_environment_hook('ur5e_gripper_gazebo', 'cmake_prefix_path')
[3.797s] INFO:colcon.colcon_core.shell:Creating environment hook '/home/farhan/Universal_robot_arm/install/ur5e_gripper_gazebo/share/ur5e_gripper_gazebo/hook/cmake_prefix_path.ps1'
[3.806s] INFO:colcon.colcon_core.shell:Creating environment descriptor '/home/farhan/Universal_robot_arm/install/ur5e_gripper_gazebo/share/ur5e_gripper_gazebo/hook/cmake_prefix_path.dsv'
[3.813s] INFO:colcon.colcon_core.shell:Creating environment hook '/home/farhan/Universal_robot_arm/install/ur5e_gripper_gazebo/share/ur5e_gripper_gazebo/hook/cmake_prefix_path.sh'
[3.816s] Level 1:colcon.colcon_core.environment:checking '/home/farhan/Universal_robot_arm/install/ur5e_gripper_gazebo/bin'
[3.817s] Level 1:colcon.colcon_core.environment:checking '/home/farhan/Universal_robot_arm/install/ur5e_gripper_gazebo/lib/pkgconfig/ur5e_gripper_gazebo.pc'
[3.818s] Level 1:colcon.colcon_core.environment:checking '/home/farhan/Universal_robot_arm/install/ur5e_gripper_gazebo/lib/python3.10/site-packages'
[3.819s] Level 1:colcon.colcon_core.environment:checking '/home/farhan/Universal_robot_arm/install/ur5e_gripper_gazebo/bin'
[3.822s] INFO:colcon.colcon_core.shell:Creating package script '/home/farhan/Universal_robot_arm/install/ur5e_gripper_gazebo/share/ur5e_gripper_gazebo/package.ps1'
[3.825s] INFO:colcon.colcon_core.shell:Creating package descriptor '/home/farhan/Universal_robot_arm/install/ur5e_gripper_gazebo/share/ur5e_gripper_gazebo/package.dsv'
[3.831s] INFO:colcon.colcon_core.shell:Creating package script '/home/farhan/Universal_robot_arm/install/ur5e_gripper_gazebo/share/ur5e_gripper_gazebo/package.sh'
[3.835s] INFO:colcon.colcon_core.shell:Creating package script '/home/farhan/Universal_robot_arm/install/ur5e_gripper_gazebo/share/ur5e_gripper_gazebo/package.bash'
[3.837s] INFO:colcon.colcon_core.shell:Creating package script '/home/farhan/Universal_robot_arm/install/ur5e_gripper_gazebo/share/ur5e_gripper_gazebo/package.zsh'
[3.838s] Level 1:colcon.colcon_core.environment:create_file_with_runtime_dependencies(/home/farhan/Universal_robot_arm/install/ur5e_gripper_gazebo/share/colcon-core/packages/ur5e_gripper_gazebo)
[3.839s] DEBUG:colcon.colcon_parallel_executor.executor.parallel:closing loop
[3.840s] DEBUG:colcon.colcon_parallel_executor.executor.parallel:loop closed
[3.842s] DEBUG:colcon.colcon_parallel_executor.executor.parallel:run_until_complete finished with '0'
[3.842s] DEBUG:colcon.colcon_core.event_reactor:joining thread
[3.893s] INFO:colcon.colcon_core.plugin_system:Skipping extension 'colcon_notification.desktop_notification.terminal_notifier': Not used on non-Darwin systems
[3.897s] INFO:colcon.colcon_core.plugin_system:Skipping extension 'colcon_notification.desktop_notification.win32': Not used on non-Windows systems
[3.899s] INFO:colcon.colcon_notification.desktop_notification:Sending desktop notification using 'notify2'
[3.970s] DEBUG:colcon.colcon_core.event_reactor:joined thread
[3.971s] INFO:colcon.colcon_core.shell:Creating prefix script '/home/farhan/Universal_robot_arm/install/local_setup.ps1'
[3.987s] INFO:colcon.colcon_core.shell:Creating prefix util module '/home/farhan/Universal_robot_arm/install/_local_setup_util_ps1.py'
[3.997s] INFO:colcon.colcon_core.shell:Creating prefix chain script '/home/farhan/Universal_robot_arm/install/setup.ps1'
[4.013s] INFO:colcon.colcon_core.shell:Creating prefix script '/home/farhan/Universal_robot_arm/install/local_setup.sh'
[4.017s] INFO:colcon.colcon_core.shell:Creating prefix util module '/home/farhan/Universal_robot_arm/install/_local_setup_util_sh.py'
[4.018s] INFO:colcon.colcon_core.shell:Creating prefix chain script '/home/farhan/Universal_robot_arm/install/setup.sh'
[4.041s] INFO:colcon.colcon_core.shell:Creating prefix script '/home/farhan/Universal_robot_arm/install/local_setup.bash'
[4.044s] INFO:colcon.colcon_core.shell:Creating prefix chain script '/home/farhan/Universal_robot_arm/install/setup.bash'
[4.052s] INFO:colcon.colcon_core.shell:Creating prefix script '/home/farhan/Universal_robot_arm/install/local_setup.zsh'
[4.054s] INFO:colcon.colcon_core.shell:Creating prefix chain script '/home/farhan/Universal_robot_arm/install/setup.zsh'
