[0.055s] Invoking command in '/home/farhan/Universal_robot_arm/build/robotiq_description': CMAKE_PREFIX_PATH=${CMAKE_PREFIX_PATH}:/home/farhan/turtlebot3_ws/install/turtlebot3_teleop:/home/farhan/turtlebot3_ws/install/turtlebot3_example:/opt/ros/humble /usr/bin/cmake /home/farhan/Universal_robot_arm/src/ros2_robotiq_gripper/robotiq_description -DCMAKE_BUILD_TYPE=Release -DCMAKE_INSTALL_PREFIX=/home/farhan/Universal_robot_arm/install/robotiq_description
[0.451s] -- The C compiler identification is GNU 11.4.0
[0.695s] -- The CXX compiler identification is GNU 11.4.0
[0.735s] -- Detecting C compiler ABI info
[1.050s] -- Detecting C compiler ABI info - done
[1.094s] -- Check for working C compiler: /usr/bin/cc - skipped
[1.096s] -- Detecting C compile features
[1.101s] -- Detecting C compile features - done
[1.120s] -- Detecting CXX compiler ABI info
[1.578s] -- Detecting CXX compiler ABI info - done
[1.663s] -- Check for working CXX compiler: /usr/bin/c++ - skipped
[1.664s] -- Detecting CXX compile features
[1.669s] -- Detecting CXX compile features - done
[1.737s] -- Found ament_cmake: 1.3.12 (/opt/ros/humble/share/ament_cmake/cmake)
[2.511s] -- Found Python3: /usr/bin/python3 (found version "3.10.12") found components: Interpreter 
[3.929s] -- Configuring done
[3.947s] -- Generating done
[3.967s] -- Build files have been written to: /home/farhan/Universal_robot_arm/build/robotiq_description
[4.002s] Invoked command in '/home/farhan/Universal_robot_arm/build/robotiq_description' returned '0': CMAKE_PREFIX_PATH=${CMAKE_PREFIX_PATH}:/home/farhan/turtlebot3_ws/install/turtlebot3_teleop:/home/farhan/turtlebot3_ws/install/turtlebot3_example:/opt/ros/humble /usr/bin/cmake /home/farhan/Universal_robot_arm/src/ros2_robotiq_gripper/robotiq_description -DCMAKE_BUILD_TYPE=Release -DCMAKE_INSTALL_PREFIX=/home/farhan/Universal_robot_arm/install/robotiq_description
[4.003s] Invoking command in '/home/farhan/Universal_robot_arm/build/robotiq_description': CMAKE_PREFIX_PATH=${CMAKE_PREFIX_PATH}:/home/farhan/turtlebot3_ws/install/turtlebot3_teleop:/home/farhan/turtlebot3_ws/install/turtlebot3_example:/opt/ros/humble /usr/bin/cmake --build /home/farhan/Universal_robot_arm/build/robotiq_description -- -j4 -l4
[4.195s] Invoked command in '/home/farhan/Universal_robot_arm/build/robotiq_description' returned '0': CMAKE_PREFIX_PATH=${CMAKE_PREFIX_PATH}:/home/farhan/turtlebot3_ws/install/turtlebot3_teleop:/home/farhan/turtlebot3_ws/install/turtlebot3_example:/opt/ros/humble /usr/bin/cmake --build /home/farhan/Universal_robot_arm/build/robotiq_description -- -j4 -l4
[4.225s] Invoking command in '/home/farhan/Universal_robot_arm/build/robotiq_description': CMAKE_PREFIX_PATH=${CMAKE_PREFIX_PATH}:/home/farhan/turtlebot3_ws/install/turtlebot3_teleop:/home/farhan/turtlebot3_ws/install/turtlebot3_example:/opt/ros/humble /usr/bin/cmake --install /home/farhan/Universal_robot_arm/build/robotiq_description
[4.252s] -- Install configuration: "Release"
[4.252s] -- Installing: /home/farhan/Universal_robot_arm/install/robotiq_description/share/robotiq_description/config
[4.253s] -- Installing: /home/farhan/Universal_robot_arm/install/robotiq_description/share/robotiq_description/config/robotiq_controllers.yaml
[4.253s] -- Installing: /home/farhan/Universal_robot_arm/install/robotiq_description/share/robotiq_description/config/robotiq_hand_e_controllers.yaml
[4.253s] -- Installing: /home/farhan/Universal_robot_arm/install/robotiq_description/share/robotiq_description/launch
[4.255s] -- Installing: /home/farhan/Universal_robot_arm/install/robotiq_description/share/robotiq_description/launch/robotiq_control.launch.py
[4.255s] -- Installing: /home/farhan/Universal_robot_arm/install/robotiq_description/share/robotiq_description/launch/view_gripper.launch.py
[4.255s] -- Installing: /home/farhan/Universal_robot_arm/install/robotiq_description/share/robotiq_description/launch/view_hand-e.launch.xml
[4.259s] -- Installing: /home/farhan/Universal_robot_arm/install/robotiq_description/share/robotiq_description/launch/hand-e_control.launch.xml
[4.259s] -- Installing: /home/farhan/Universal_robot_arm/install/robotiq_description/share/robotiq_description/meshes
[4.261s] -- Installing: /home/farhan/Universal_robot_arm/install/robotiq_description/share/robotiq_description/meshes/collision
[4.261s] -- Installing: /home/farhan/Universal_robot_arm/install/robotiq_description/share/robotiq_description/meshes/collision/2f_85
[4.261s] -- Installing: /home/farhan/Universal_robot_arm/install/robotiq_description/share/robotiq_description/meshes/collision/2f_85/left_knuckle.stl
[4.262s] -- Installing: /home/farhan/Universal_robot_arm/install/robotiq_description/share/robotiq_description/meshes/collision/2f_85/left_finger.stl
[4.262s] -- Installing: /home/farhan/Universal_robot_arm/install/robotiq_description/share/robotiq_description/meshes/collision/2f_85/ur_to_robotiq_adapter.stl
[4.268s] -- Installing: /home/farhan/Universal_robot_arm/install/robotiq_description/share/robotiq_description/meshes/collision/2f_85/right_inner_knuckle.stl
[4.270s] -- Installing: /home/farhan/Universal_robot_arm/install/robotiq_description/share/robotiq_description/meshes/collision/2f_85/left_inner_knuckle.stl
[4.272s] -- Installing: /home/farhan/Universal_robot_arm/install/robotiq_description/share/robotiq_description/meshes/collision/2f_85/robotiq_base.stl
[4.272s] -- Installing: /home/farhan/Universal_robot_arm/install/robotiq_description/share/robotiq_description/meshes/collision/2f_85/right_finger_tip.stl
[4.275s] -- Installing: /home/farhan/Universal_robot_arm/install/robotiq_description/share/robotiq_description/meshes/collision/2f_85/left_finger_tip.stl
[4.278s] -- Installing: /home/farhan/Universal_robot_arm/install/robotiq_description/share/robotiq_description/meshes/collision/2f_85/right_knuckle.stl
[4.278s] -- Installing: /home/farhan/Universal_robot_arm/install/robotiq_description/share/robotiq_description/meshes/collision/2f_85/right_finger.stl
[4.279s] -- Installing: /home/farhan/Universal_robot_arm/install/robotiq_description/share/robotiq_description/meshes/collision/2f_140
[4.279s] -- Installing: /home/farhan/Universal_robot_arm/install/robotiq_description/share/robotiq_description/meshes/collision/2f_140/robotiq_2f_140_inner_knuckle.stl
[4.286s] -- Installing: /home/farhan/Universal_robot_arm/install/robotiq_description/share/robotiq_description/meshes/collision/2f_140/robotiq_2f_140_inner_finger.stl
[4.293s] -- Installing: /home/farhan/Universal_robot_arm/install/robotiq_description/share/robotiq_description/meshes/collision/2f_140/robotiq_2f_140_outer_knuckle.stl
[4.297s] -- Installing: /home/farhan/Universal_robot_arm/install/robotiq_description/share/robotiq_description/meshes/collision/2f_140/robotiq_2f_140_coupling.stl
[4.297s] -- Installing: /home/farhan/Universal_robot_arm/install/robotiq_description/share/robotiq_description/meshes/collision/2f_140/robotiq_2f_140_outer_finger.stl
[4.298s] -- Installing: /home/farhan/Universal_robot_arm/install/robotiq_description/share/robotiq_description/meshes/collision/2f_140/robotiq_2f_140_base_link.stl
[4.298s] -- Installing: /home/farhan/Universal_robot_arm/install/robotiq_description/share/robotiq_description/meshes/collision/hande
[4.298s] -- Installing: /home/farhan/Universal_robot_arm/install/robotiq_description/share/robotiq_description/meshes/collision/hande/hand-e_convex_hull.stl
[4.298s] -- Installing: /home/farhan/Universal_robot_arm/install/robotiq_description/share/robotiq_description/meshes/collision/hande/left_finger.stl
[4.299s] -- Installing: /home/farhan/Universal_robot_arm/install/robotiq_description/share/robotiq_description/meshes/collision/hande/hand-e.stl
[4.302s] -- Installing: /home/farhan/Universal_robot_arm/install/robotiq_description/share/robotiq_description/meshes/collision/hande/right_finger.stl
[4.303s] -- Installing: /home/farhan/Universal_robot_arm/install/robotiq_description/share/robotiq_description/meshes/visual
[4.303s] -- Installing: /home/farhan/Universal_robot_arm/install/robotiq_description/share/robotiq_description/meshes/visual/2f_85
[4.305s] -- Installing: /home/farhan/Universal_robot_arm/install/robotiq_description/share/robotiq_description/meshes/visual/2f_85/robotiq_base.dae
[4.310s] -- Installing: /home/farhan/Universal_robot_arm/install/robotiq_description/share/robotiq_description/meshes/visual/2f_85/left_inner_knuckle.dae
[4.311s] -- Installing: /home/farhan/Universal_robot_arm/install/robotiq_description/share/robotiq_description/meshes/visual/2f_85/left_knuckle.dae
[4.312s] -- Installing: /home/farhan/Universal_robot_arm/install/robotiq_description/share/robotiq_description/meshes/visual/2f_85/right_finger.dae
[4.315s] -- Installing: /home/farhan/Universal_robot_arm/install/robotiq_description/share/robotiq_description/meshes/visual/2f_85/right_finger_tip.dae
[4.315s] -- Installing: /home/farhan/Universal_robot_arm/install/robotiq_description/share/robotiq_description/meshes/visual/2f_85/left_finger_tip.dae
[4.316s] -- Installing: /home/farhan/Universal_robot_arm/install/robotiq_description/share/robotiq_description/meshes/visual/2f_85/right_inner_knuckle.dae
[4.317s] -- Installing: /home/farhan/Universal_robot_arm/install/robotiq_description/share/robotiq_description/meshes/visual/2f_85/left_finger.dae
[4.318s] -- Installing: /home/farhan/Universal_robot_arm/install/robotiq_description/share/robotiq_description/meshes/visual/2f_85/ur_to_robotiq_adapter.dae
[4.319s] -- Installing: /home/farhan/Universal_robot_arm/install/robotiq_description/share/robotiq_description/meshes/visual/2f_85/right_knuckle.dae
[4.320s] -- Installing: /home/farhan/Universal_robot_arm/install/robotiq_description/share/robotiq_description/meshes/visual/2f_140
[4.321s] -- Installing: /home/farhan/Universal_robot_arm/install/robotiq_description/share/robotiq_description/meshes/visual/2f_140/robotiq_2f_140_inner_knuckle.stl
[4.322s] -- Installing: /home/farhan/Universal_robot_arm/install/robotiq_description/share/robotiq_description/meshes/visual/2f_140/robotiq_2f_140_inner_finger.stl
[4.323s] -- Installing: /home/farhan/Universal_robot_arm/install/robotiq_description/share/robotiq_description/meshes/visual/2f_140/robotiq_2f_140_outer_knuckle.stl
[4.324s] -- Installing: /home/farhan/Universal_robot_arm/install/robotiq_description/share/robotiq_description/meshes/visual/2f_140/robotiq_2f_140_coupling.stl
[4.326s] -- Installing: /home/farhan/Universal_robot_arm/install/robotiq_description/share/robotiq_description/meshes/visual/2f_140/robotiq_2f_140_outer_finger.stl
[4.327s] -- Installing: /home/farhan/Universal_robot_arm/install/robotiq_description/share/robotiq_description/meshes/visual/2f_140/robotiq_2f_140_base_link.stl
[4.342s] -- Installing: /home/farhan/Universal_robot_arm/install/robotiq_description/share/robotiq_description/meshes/visual/hande
[4.344s] -- Installing: /home/farhan/Universal_robot_arm/install/robotiq_description/share/robotiq_description/meshes/visual/hande/right_finger.dae
[4.344s] -- Installing: /home/farhan/Universal_robot_arm/install/robotiq_description/share/robotiq_description/meshes/visual/hande/hand-e.dae
[4.347s] -- Installing: /home/farhan/Universal_robot_arm/install/robotiq_description/share/robotiq_description/meshes/visual/hande/left_finger.dae
[4.349s] -- Installing: /home/farhan/Universal_robot_arm/install/robotiq_description/share/robotiq_description/rviz
[4.350s] -- Installing: /home/farhan/Universal_robot_arm/install/robotiq_description/share/robotiq_description/rviz/view_urdf.rviz
[4.350s] -- Installing: /home/farhan/Universal_robot_arm/install/robotiq_description/share/robotiq_description/urdf
[4.351s] -- Installing: /home/farhan/Universal_robot_arm/install/robotiq_description/share/robotiq_description/urdf/hand_e.ros2_control.xacro
[4.351s] -- Installing: /home/farhan/Universal_robot_arm/install/robotiq_description/share/robotiq_description/urdf/robotiq_2f_140.xacro
[4.352s] -- Installing: /home/farhan/Universal_robot_arm/install/robotiq_description/share/robotiq_description/urdf/robotiq_2f_140_gripper.urdf.xacro
[4.353s] -- Installing: /home/farhan/Universal_robot_arm/install/robotiq_description/share/robotiq_description/urdf/robotiq_2f_85_macro.urdf.xacro
[4.353s] -- Installing: /home/farhan/Universal_robot_arm/install/robotiq_description/share/robotiq_description/urdf/robotiq_hand_e_macro.urdf.xacro
[4.354s] -- Installing: /home/farhan/Universal_robot_arm/install/robotiq_description/share/robotiq_description/urdf/robotiq_hand_e_gripper.urdf.xacro
[4.354s] -- Installing: /home/farhan/Universal_robot_arm/install/robotiq_description/share/robotiq_description/urdf/ur_to_robotiq_adapter.urdf.xacro
[4.355s] -- Installing: /home/farhan/Universal_robot_arm/install/robotiq_description/share/robotiq_description/urdf/2f_140.ros2_control.xacro
[4.356s] -- Installing: /home/farhan/Universal_robot_arm/install/robotiq_description/share/robotiq_description/urdf/robotiq_2f_85_gripper.urdf.xacro
[4.357s] -- Installing: /home/farhan/Universal_robot_arm/install/robotiq_description/share/robotiq_description/urdf/robotiq_2f_140_macro.urdf.xacro
[4.357s] -- Installing: /home/farhan/Universal_robot_arm/install/robotiq_description/share/robotiq_description/urdf/2f_85.ros2_control.xacro
[4.358s] -- Installing: /home/farhan/Universal_robot_arm/install/robotiq_description/share/ament_index/resource_index/package_run_dependencies/robotiq_description
[4.360s] -- Installing: /home/farhan/Universal_robot_arm/install/robotiq_description/share/ament_index/resource_index/parent_prefix_path/robotiq_description
[4.360s] -- Installing: /home/farhan/Universal_robot_arm/install/robotiq_description/share/robotiq_description/environment/ament_prefix_path.sh
[4.361s] -- Installing: /home/farhan/Universal_robot_arm/install/robotiq_description/share/robotiq_description/environment/ament_prefix_path.dsv
[4.369s] -- Installing: /home/farhan/Universal_robot_arm/install/robotiq_description/share/robotiq_description/environment/path.sh
[4.369s] -- Installing: /home/farhan/Universal_robot_arm/install/robotiq_description/share/robotiq_description/environment/path.dsv
[4.369s] -- Installing: /home/farhan/Universal_robot_arm/install/robotiq_description/share/robotiq_description/local_setup.bash
[4.373s] -- Installing: /home/farhan/Universal_robot_arm/install/robotiq_description/share/robotiq_description/local_setup.sh
[4.373s] -- Installing: /home/farhan/Universal_robot_arm/install/robotiq_description/share/robotiq_description/local_setup.zsh
[4.381s] -- Installing: /home/farhan/Universal_robot_arm/install/robotiq_description/share/robotiq_description/local_setup.dsv
[4.381s] -- Installing: /home/farhan/Universal_robot_arm/install/robotiq_description/share/robotiq_description/package.dsv
[4.384s] -- Installing: /home/farhan/Universal_robot_arm/install/robotiq_description/share/ament_index/resource_index/packages/robotiq_description
[4.391s] -- Installing: /home/farhan/Universal_robot_arm/install/robotiq_description/share/robotiq_description/cmake/robotiq_descriptionConfig.cmake
[4.394s] -- Installing: /home/farhan/Universal_robot_arm/install/robotiq_description/share/robotiq_description/cmake/robotiq_descriptionConfig-version.cmake
[4.396s] -- Installing: /home/farhan/Universal_robot_arm/install/robotiq_description/share/robotiq_description/package.xml
[4.399s] Invoked command in '/home/farhan/Universal_robot_arm/build/robotiq_description' returned '0': CMAKE_PREFIX_PATH=${CMAKE_PREFIX_PATH}:/home/farhan/turtlebot3_ws/install/turtlebot3_teleop:/home/farhan/turtlebot3_ws/install/turtlebot3_example:/opt/ros/humble /usr/bin/cmake --install /home/farhan/Universal_robot_arm/build/robotiq_description
